<?xml version="1.0" encoding="UTF-8" ?>
<testsuites name="vitest tests" tests="2515" failures="0" errors="0" time="19.383499497">
    <testsuite name="tests/dsg/agent-browser-research.test.ts" timestamp="2026-06-29T13:05:58.180Z" hostname="vm" tests="6" failures="0" errors="0" skipped="0" time="0.005216952">
        <testcase classname="tests/dsg/agent-browser-research.test.ts" name="Browser Research Agent — Evidence Hash Invariant &gt; PASS when seed returns data with evidence hash" time="0.002296565">
        </testcase>
        <testcase classname="tests/dsg/agent-browser-research.test.ts" name="Browser Research Agent — Evidence Hash Invariant &gt; BLOCK when seed fails (no evidence available)" time="0.000599516">
        </testcase>
        <testcase classname="tests/dsg/agent-browser-research.test.ts" name="Browser Research Agent — Evidence Hash Invariant &gt; always returns z3ProofHash" time="0.000281184">
        </testcase>
        <testcase classname="tests/dsg/agent-browser-research.test.ts" name="Browser Research Agent — Evidence Hash Invariant &gt; evidenceHash is sha256:none when content unavailable" time="0.000297908">
        </testcase>
        <testcase classname="tests/dsg/agent-browser-research.test.ts" name="Browser Research Agent — Evidence Hash Invariant &gt; echoes jobId and researchQuery in result" time="0.000200047">
        </testcase>
        <testcase classname="tests/dsg/agent-browser-research.test.ts" name="Browser Research Agent — Evidence Hash Invariant &gt; accepts optional targetUrl without error" time="0.000246642">
        </testcase>
    </testsuite>
    <testsuite name="tests/dsg/agent-code-evolution.test.ts" timestamp="2026-06-29T13:05:58.183Z" hostname="vm" tests="8" failures="0" errors="0" skipped="0" time="0.005747187">
        <testcase classname="tests/dsg/agent-code-evolution.test.ts" name="Code Evolution Agent — Plan Approval Invariant &gt; BLOCK when planApproved=false" time="0.00224793">
        </testcase>
        <testcase classname="tests/dsg/agent-code-evolution.test.ts" name="Code Evolution Agent — Plan Approval Invariant &gt; PASS when planApproved=true" time="0.000722274">
        </testcase>
        <testcase classname="tests/dsg/agent-code-evolution.test.ts" name="Code Evolution Agent — Plan Approval Invariant &gt; always returns z3ProofHash" time="0.000263491">
        </testcase>
        <testcase classname="tests/dsg/agent-code-evolution.test.ts" name="Code Evolution Agent — Plan Approval Invariant &gt; always returns codebaseStateHash from Seed Engine" time="0.000188557">
        </testcase>
        <testcase classname="tests/dsg/agent-code-evolution.test.ts" name="Code Evolution Agent — Plan Approval Invariant &gt; BLOCK destructive write without destruction proof" time="0.000349493">
        </testcase>
        <testcase classname="tests/dsg/agent-code-evolution.test.ts" name="Code Evolution Agent — Plan Approval Invariant &gt; PASS destructive write with approved plan and proof" time="0.000181725">
        </testcase>
        <testcase classname="tests/dsg/agent-code-evolution.test.ts" name="Code Evolution Agent — Plan Approval Invariant &gt; jobId is echoed in result" time="0.000135801">
        </testcase>
        <testcase classname="tests/dsg/agent-code-evolution.test.ts" name="Code Evolution Agent — Plan Approval Invariant &gt; BLOCK returns empty blockedReasons when no violations" time="0.000183781">
        </testcase>
    </testsuite>
    <testsuite name="tests/dsg/agent-command-gate.test.ts" timestamp="2026-06-29T13:05:58.186Z" hostname="vm" tests="9" failures="0" errors="0" skipped="0" time="0.01652456">
        <testcase classname="tests/dsg/agent-command-gate.test.ts" name="agent command gate &gt; returns an action envelope when command proof is complete" time="0.002577659">
        </testcase>
        <testcase classname="tests/dsg/agent-command-gate.test.ts" name="agent command gate &gt; blocks sensitive action without approved approval proof" time="0.009111312">
        </testcase>
        <testcase classname="tests/dsg/agent-command-gate.test.ts" name="agent command gate &gt; blocks mutation without idempotency key" time="0.000344528">
        </testcase>
        <testcase classname="tests/dsg/agent-command-gate.test.ts" name="agent command gate &gt; PASS for plan-authorized mutation without idempotencyKey, rollbackPlanId, audit, or evidence bindings" time="0.000777779">
        </testcase>
        <testcase classname="tests/dsg/agent-command-gate.test.ts" name="agent command gate &gt; plan-authorized action still requires approved approval proof for high-risk commands" time="0.000331157">
        </testcase>
        <testcase classname="tests/dsg/agent-command-gate.test.ts" name="agent command gate &gt; plan_authorization invariant always reports PASS status (informational)" time="0.000505669">
        </testcase>
        <testcase classname="tests/dsg/agent-command-gate.test.ts" name="agent command gate &gt; BLOCK when planHash is an arbitrary short string (P1 — plan_hash_format)" time="0.000342091">
        </testcase>
        <testcase classname="tests/dsg/agent-command-gate.test.ts" name="agent command gate &gt; BLOCK when planHash is non-hex string (P1 — plan_hash_format)" time="0.000414995">
        </testcase>
        <testcase classname="tests/dsg/agent-command-gate.test.ts" name="agent command gate &gt; builds a receipt when agent returns observed result and evidence ids" time="0.000673816">
        </testcase>
    </testsuite>
    <testsuite name="tests/dsg/agent-deploy-monitor.test.ts" timestamp="2026-06-29T13:05:58.192Z" hostname="vm" tests="6" failures="0" errors="0" skipped="0" time="0.004939438">
        <testcase classname="tests/dsg/agent-deploy-monitor.test.ts" name="Deploy Monitor Agent — Gate Pass Invariant &gt; canTriggerDeploy when gateAllow=true and not mockState" time="0.001572159">
        </testcase>
        <testcase classname="tests/dsg/agent-deploy-monitor.test.ts" name="Deploy Monitor Agent — Gate Pass Invariant &gt; BLOCK when gateAllow=false" time="0.000954033">
        </testcase>
        <testcase classname="tests/dsg/agent-deploy-monitor.test.ts" name="Deploy Monitor Agent — Gate Pass Invariant &gt; BLOCK in mockState even with gateAllow=true" time="0.000216365">
        </testcase>
        <testcase classname="tests/dsg/agent-deploy-monitor.test.ts" name="Deploy Monitor Agent — Gate Pass Invariant &gt; always returns z3ProofHash" time="0.000254797">
        </testcase>
        <testcase classname="tests/dsg/agent-deploy-monitor.test.ts" name="Deploy Monitor Agent — Gate Pass Invariant &gt; always returns deploymentStatusHash from Seed Engine" time="0.000359407">
        </testcase>
        <testcase classname="tests/dsg/agent-deploy-monitor.test.ts" name="Deploy Monitor Agent — Gate Pass Invariant &gt; echoes jobId and deploymentUrl in result" time="0.000234484">
        </testcase>
    </testsuite>
    <testsuite name="tests/dsg/agent-orchestrator.test.ts" timestamp="2026-06-29T13:05:58.198Z" hostname="vm" tests="5" failures="0" errors="0" skipped="0" time="0.005094153">
        <testcase classname="tests/dsg/agent-orchestrator.test.ts" name="Orchestrator Agent — Goal Lock Invariant &gt; blocks dispatch when goalLocked=false" time="0.001393156">
        </testcase>
        <testcase classname="tests/dsg/agent-orchestrator.test.ts" name="Orchestrator Agent — Goal Lock Invariant &gt; dispatches when goalLocked=true" time="0.001291762">
        </testcase>
        <testcase classname="tests/dsg/agent-orchestrator.test.ts" name="Orchestrator Agent — Goal Lock Invariant &gt; returns z3ProofHash in all responses" time="0.000491707">
        </testcase>
        <testcase classname="tests/dsg/agent-orchestrator.test.ts" name="Orchestrator Agent — Goal Lock Invariant &gt; handles empty subGoals gracefully" time="0.000365497">
        </testcase>
        <testcase classname="tests/dsg/agent-orchestrator.test.ts" name="Orchestrator Agent — Goal Lock Invariant &gt; blocks all sub-goals when goalLocked=false" time="0.000375247">
        </testcase>
    </testsuite>
    <testsuite name="tests/dsg/agent-security-gate.test.ts" timestamp="2026-06-29T13:05:58.199Z" hostname="vm" tests="6" failures="0" errors="0" skipped="0" time="0.008735537">
        <testcase classname="tests/dsg/agent-security-gate.test.ts" name="Security Gate — Low Risk &gt; ALLOW for low risk actions" time="0.005753447">
        </testcase>
        <testcase classname="tests/dsg/agent-security-gate.test.ts" name="Security Gate — Critical Risk Hard Block &gt; BLOCK critical without evidence before Z3" time="0.000421206">
        </testcase>
        <testcase classname="tests/dsg/agent-security-gate.test.ts" name="Security Gate — Critical Risk Hard Block &gt; ALLOW critical with evidence and approval" time="0.000342355">
        </testcase>
        <testcase classname="tests/dsg/agent-security-gate.test.ts" name="Security Gate — Mock State &gt; BLOCK critical in mock state" time="0.000172063">
        </testcase>
        <testcase classname="tests/dsg/agent-security-gate.test.ts" name="Security Gate — Z3 Proof Hash &gt; always returns z3ProofHash" time="0.000202102">
        </testcase>
        <testcase classname="tests/dsg/agent-security-gate.test.ts" name="Security Gate — Z3 Proof Hash &gt; blocked result includes actionId" time="0.000317451">
        </testcase>
    </testsuite>
    <testsuite name="tests/dsg/agent-seed-engine.test.ts" timestamp="2026-06-29T13:05:58.200Z" hostname="vm" tests="9" failures="0" errors="0" skipped="0" time="0.004533887">
        <testcase classname="tests/dsg/agent-seed-engine.test.ts" name="Seed Engine — Core Invariant &gt; PASS when data not needed" time="0.001256715">
        </testcase>
        <testcase classname="tests/dsg/agent-seed-engine.test.ts" name="Seed Engine — Core Invariant &gt; BLOCK when data needed but search not attempted" time="0.000420765">
        </testcase>
        <testcase classname="tests/dsg/agent-seed-engine.test.ts" name="Seed Engine — Core Invariant &gt; PASS when data needed and data is available" time="0.000170082">
        </testcase>
        <testcase classname="tests/dsg/agent-seed-engine.test.ts" name="Seed Engine — Core Invariant &gt; BLOCK when search attempted but no results + requiredEvidence=true" time="0.000204165">
        </testcase>
        <testcase classname="tests/dsg/agent-seed-engine.test.ts" name="Seed Engine — Core Invariant &gt; PASS when search attempted, no results, but requiredEvidence=false" time="0.000102852">
        </testcase>
        <testcase classname="tests/dsg/agent-seed-engine.test.ts" name="Seed Engine — Evidence Hash Requirement &gt; never returns data without evidence hash when data is available" time="0.000247196">
        </testcase>
        <testcase classname="tests/dsg/agent-seed-engine.test.ts" name="Seed Engine — Evidence Hash Requirement &gt; returns sha256:none when data is not available" time="0.000121812">
        </testcase>
        <testcase classname="tests/dsg/agent-seed-engine.test.ts" name="Seed Engine — No Guessing Rule &gt; never returns hardcoded/guessed data" time="0.000264151">
        </testcase>
        <testcase classname="tests/dsg/agent-seed-engine.test.ts" name="Seed Engine — No Guessing Rule &gt; marks search as attempted before returning any result" time="0.000269003">
        </testcase>
    </testsuite>
    <testsuite name="tests/dsg/agent-skills-build-draft.test.ts" timestamp="2026-06-29T13:05:58.206Z" hostname="vm" tests="8" failures="0" errors="0" skipped="0" time="0.005334085">
        <testcase classname="tests/dsg/agent-skills-build-draft.test.ts" name="buildSkillDraft &gt; produces low risk when all safety checks pass" time="0.001872852">
        </testcase>
        <testcase classname="tests/dsg/agent-skills-build-draft.test.ts" name="buildSkillDraft &gt; produces medium risk when README is missing" time="0.000621366">
        </testcase>
        <testcase classname="tests/dsg/agent-skills-build-draft.test.ts" name="buildSkillDraft &gt; produces medium risk when only code execution is detected" time="0.000316582">
        </testcase>
        <testcase classname="tests/dsg/agent-skills-build-draft.test.ts" name="buildSkillDraft &gt; produces high risk when code execution AND external write are both detected" time="0.000153567">
        </testcase>
        <testcase classname="tests/dsg/agent-skills-build-draft.test.ts" name="buildSkillDraft &gt; produces critical risk when hardcoded secrets are detected" time="0.000151738">
        </testcase>
        <testcase classname="tests/dsg/agent-skills-build-draft.test.ts" name="buildSkillDraft &gt; generates a slug id from fullName" time="0.000377571">
        </testcase>
        <testcase classname="tests/dsg/agent-skills-build-draft.test.ts" name="buildSkillDraft &gt; handles org/repo names with dots and uppercase" time="0.000236145">
        </testcase>
        <testcase classname="tests/dsg/agent-skills-build-draft.test.ts" name="buildSkillDraft &gt; includes a draftedAt ISO timestamp" time="0.000190332">
        </testcase>
    </testsuite>
    <testsuite name="tests/dsg/agent-skills-lock.test.ts" timestamp="2026-06-29T13:05:58.212Z" hostname="vm" tests="16" failures="0" errors="0" skipped="0" time="0.0430048">
        <testcase classname="tests/dsg/agent-skills-lock.test.ts" name="computeSkillHash &gt; returns a 64-char hex string" time="0.003360793">
        </testcase>
        <testcase classname="tests/dsg/agent-skills-lock.test.ts" name="computeSkillHash &gt; is deterministic for the same inputs" time="0.00096208">
        </testcase>
        <testcase classname="tests/dsg/agent-skills-lock.test.ts" name="computeSkillHash &gt; differs when sourceCommit changes" time="0.001792529">
        </testcase>
        <testcase classname="tests/dsg/agent-skills-lock.test.ts" name="computeSkillHash &gt; differs when riskLevel changes" time="0.000702524">
        </testcase>
        <testcase classname="tests/dsg/agent-skills-lock.test.ts" name="computeSkillHash &gt; differs when permissions change" time="0.0007153">
        </testcase>
        <testcase classname="tests/dsg/agent-skills-lock.test.ts" name="computeSkillHash &gt; handles null sourceCommit" time="0.005338062">
        </testcase>
        <testcase classname="tests/dsg/agent-skills-lock.test.ts" name="buildLockEntry &gt; sets status from a verified result" time="0.000996859">
        </testcase>
        <testcase classname="tests/dsg/agent-skills-lock.test.ts" name="buildLockEntry &gt; preserves blocked status" time="0.001181725">
        </testcase>
        <testcase classname="tests/dsg/agent-skills-lock.test.ts" name="buildLockEntry &gt; sets needs_approval status" time="0.000649669">
        </testcase>
        <testcase classname="tests/dsg/agent-skills-lock.test.ts" name="buildLockEntry &gt; includes a valid registeredAt timestamp" time="0.000603449">
        </testcase>
        <testcase classname="tests/dsg/agent-skills-lock.test.ts" name="buildLockEntry &gt; computedHash matches standalone computeSkillHash" time="0.000431301">
        </testcase>
        <testcase classname="tests/dsg/agent-skills-lock.test.ts" name="readSkillsLock &gt; returns empty lock when file does not exist" time="0.001313608">
        </testcase>
        <testcase classname="tests/dsg/agent-skills-lock.test.ts" name="readSkillsLock &gt; parses an existing lock file" time="0.002410695">
        </testcase>
        <testcase classname="tests/dsg/agent-skills-lock.test.ts" name="registerSkillToLock &gt; writes the skill to the lock file and returns updated lock" time="0.018227426">
        </testcase>
        <testcase classname="tests/dsg/agent-skills-lock.test.ts" name="registerSkillToLock &gt; blocked skill written to lock with blocked status (forceRegister pattern)" time="0.001256533">
        </testcase>
        <testcase classname="tests/dsg/agent-skills-lock.test.ts" name="registerSkillToLock &gt; persisted lock can be re-read with correct data" time="0.001220182">
        </testcase>
    </testsuite>
    <testsuite name="tests/dsg/agent-skills-pipeline.test.ts" timestamp="2026-06-29T13:05:58.215Z" hostname="vm" tests="5" failures="0" errors="0" skipped="0" time="0.006977798">
        <testcase classname="tests/dsg/agent-skills-pipeline.test.ts" name="SkillGate pipeline: GitHub repo → verified skill → governed run &gt; Step 1 — build draft from inspection" time="0.001901795">
        </testcase>
        <testcase classname="tests/dsg/agent-skills-pipeline.test.ts" name="SkillGate pipeline: GitHub repo → verified skill → governed run &gt; Step 2 — verify produces verified status for clean repo" time="0.002118949">
        </testcase>
        <testcase classname="tests/dsg/agent-skills-pipeline.test.ts" name="SkillGate pipeline: GitHub repo → verified skill → governed run &gt; Step 3 — lock entry has deterministic hash pinned to commit" time="0.000875532">
        </testcase>
        <testcase classname="tests/dsg/agent-skills-pipeline.test.ts" name="SkillGate pipeline: GitHub repo → verified skill → governed run &gt; Step 4 — risky repo (exec + write) is blocked before lock" time="0.000464251">
        </testcase>
        <testcase classname="tests/dsg/agent-skills-pipeline.test.ts" name="SkillGate pipeline: GitHub repo → verified skill → governed run &gt; Step 5 — same input always produces same hash (Z3 determinism invariant)" time="0.00039325">
        </testcase>
    </testsuite>
    <testsuite name="tests/dsg/agent-skills-run.test.ts" timestamp="2026-06-29T13:05:58.216Z" hostname="vm" tests="7" failures="0" errors="0" skipped="0" time="0.00563455">
        <testcase classname="tests/dsg/agent-skills-run.test.ts" name="runSkillAction — security gate enforcement &gt; returns SKILL_NOT_REGISTERED when skill is not in the lock" time="0.002003545">
        </testcase>
        <testcase classname="tests/dsg/agent-skills-run.test.ts" name="runSkillAction — security gate enforcement &gt; returns SKILL_BLOCKED_IN_REGISTRY and does not call governed gate" time="0.00040015">
        </testcase>
        <testcase classname="tests/dsg/agent-skills-run.test.ts" name="runSkillAction — security gate enforcement &gt; returns review status for needs_approval entries and does not execute" time="0.000482184">
        </testcase>
        <testcase classname="tests/dsg/agent-skills-run.test.ts" name="runSkillAction — security gate enforcement &gt; returns review status for needs_review entries and does not execute" time="0.000236395">
        </testcase>
        <testcase classname="tests/dsg/agent-skills-run.test.ts" name="runSkillAction — security gate enforcement &gt; returns ok:true when skill is verified and governed gate allows" time="0.000430874">
        </testcase>
        <testcase classname="tests/dsg/agent-skills-run.test.ts" name="runSkillAction — security gate enforcement &gt; returns ok:false when governed gate blocks a verified skill" time="0.000318927">
        </testcase>
        <testcase classname="tests/dsg/agent-skills-run.test.ts" name="runSkillAction — security gate enforcement &gt; passes skillId, sourceUrl, and evidence hash to the governed gate" time="0.000379484">
        </testcase>
    </testsuite>
    <testsuite name="tests/dsg/agent-skills-verify.test.ts" timestamp="2026-06-29T13:05:58.218Z" hostname="vm" tests="8" failures="0" errors="0" skipped="0" time="0.008526506">
        <testcase classname="tests/dsg/agent-skills-verify.test.ts" name="verifySkill &gt; returns verified when all checks pass" time="0.003487825">
        </testcase>
        <testcase classname="tests/dsg/agent-skills-verify.test.ts" name="verifySkill &gt; returns needs_review when README is missing" time="0.000639412">
        </testcase>
        <testcase classname="tests/dsg/agent-skills-verify.test.ts" name="verifySkill &gt; returns needs_review when LICENSE is missing" time="0.000322388">
        </testcase>
        <testcase classname="tests/dsg/agent-skills-verify.test.ts" name="verifySkill &gt; returns needs_review when no tests found" time="0.000293231">
        </testcase>
        <testcase classname="tests/dsg/agent-skills-verify.test.ts" name="verifySkill &gt; returns needs_approval when code execution is detected" time="0.000269689">
        </testcase>
        <testcase classname="tests/dsg/agent-skills-verify.test.ts" name="verifySkill &gt; returns needs_approval when external write is detected" time="0.00028893">
        </testcase>
        <testcase classname="tests/dsg/agent-skills-verify.test.ts" name="verifySkill &gt; returns blocked when hardcoded secrets are detected (overrides other issues)" time="0.000381119">
        </testcase>
        <testcase classname="tests/dsg/agent-skills-verify.test.ts" name="verifySkill &gt; accumulates multiple reasons independently" time="0.000392531">
        </testcase>
    </testsuite>
    <testsuite name="tests/dsg/agent-test-coverage.test.ts" timestamp="2026-06-29T13:05:58.222Z" hostname="vm" tests="6" failures="0" errors="0" skipped="0" time="0.005741323">
        <testcase classname="tests/dsg/agent-test-coverage.test.ts" name="Test Coverage Agent — Monotonic Invariant &gt; PASS when coverage increases" time="0.002741688">
        </testcase>
        <testcase classname="tests/dsg/agent-test-coverage.test.ts" name="Test Coverage Agent — Monotonic Invariant &gt; PASS when coverage stays the same" time="0.000371317">
        </testcase>
        <testcase classname="tests/dsg/agent-test-coverage.test.ts" name="Test Coverage Agent — Monotonic Invariant &gt; BLOCK when coverage decreases" time="0.000571411">
        </testcase>
        <testcase classname="tests/dsg/agent-test-coverage.test.ts" name="Test Coverage Agent — Monotonic Invariant &gt; reports needsMoreTests when below threshold" time="0.000257228">
        </testcase>
        <testcase classname="tests/dsg/agent-test-coverage.test.ts" name="Test Coverage Agent — Monotonic Invariant &gt; does not needMoreTests when at or above threshold" time="0.000188523">
        </testcase>
        <testcase classname="tests/dsg/agent-test-coverage.test.ts" name="Test Coverage Agent — Monotonic Invariant &gt; always returns z3ProofHash" time="0.000373544">
        </testcase>
    </testsuite>
    <testsuite name="tests/dsg/agent-z3-integration.test.ts" timestamp="2026-06-29T13:05:58.226Z" hostname="vm" tests="19" failures="0" errors="0" skipped="0" time="0.007608113">
        <testcase classname="tests/dsg/agent-z3-integration.test.ts" name="Z3 Agent Gate — Orchestrator &gt; PASS when goal is locked" time="0.002425869">
        </testcase>
        <testcase classname="tests/dsg/agent-z3-integration.test.ts" name="Z3 Agent Gate — Orchestrator &gt; BLOCK when goal is not locked" time="0.000333191">
        </testcase>
        <testcase classname="tests/dsg/agent-z3-integration.test.ts" name="Z3 Agent Gate — Code Evolution &gt; PASS when plan approved and no destructive write" time="0.000199224">
        </testcase>
        <testcase classname="tests/dsg/agent-z3-integration.test.ts" name="Z3 Agent Gate — Code Evolution &gt; BLOCK when writes code without approved plan" time="0.000309533">
        </testcase>
        <testcase classname="tests/dsg/agent-z3-integration.test.ts" name="Z3 Agent Gate — Code Evolution &gt; BLOCK when destructive write without proof" time="0.000230759">
        </testcase>
        <testcase classname="tests/dsg/agent-z3-integration.test.ts" name="Z3 Agent Gate — Code Evolution &gt; PASS when destructive write with proof" time="0.00014705">
        </testcase>
        <testcase classname="tests/dsg/agent-z3-integration.test.ts" name="Z3 Agent Gate — Test Coverage &gt; PASS when coverage increases" time="0.0001664">
        </testcase>
        <testcase classname="tests/dsg/agent-z3-integration.test.ts" name="Z3 Agent Gate — Test Coverage &gt; BLOCK when coverage decreases" time="0.000237384">
        </testcase>
        <testcase classname="tests/dsg/agent-z3-integration.test.ts" name="Z3 Agent Gate — Deploy Monitor &gt; PASS when gate_allow, evidence, no mock" time="0.000254552">
        </testcase>
        <testcase classname="tests/dsg/agent-z3-integration.test.ts" name="Z3 Agent Gate — Deploy Monitor &gt; BLOCK when mock_state is active" time="0.000175123">
        </testcase>
        <testcase classname="tests/dsg/agent-z3-integration.test.ts" name="Z3 Agent Gate — Deploy Monitor &gt; BLOCK when gate not allow" time="0.000134326">
        </testcase>
        <testcase classname="tests/dsg/agent-z3-integration.test.ts" name="Z3 Agent Gate — Deploy Monitor &gt; BLOCK when no evidence" time="0.000213228">
        </testcase>
        <testcase classname="tests/dsg/agent-z3-integration.test.ts" name="Z3 Agent Gate — Browser Research &gt; PASS when evidence hash is set" time="0.000123446">
        </testcase>
        <testcase classname="tests/dsg/agent-z3-integration.test.ts" name="Z3 Agent Gate — Browser Research &gt; BLOCK when browser result used without evidence hash" time="0.000144043">
        </testcase>
        <testcase classname="tests/dsg/agent-z3-integration.test.ts" name="Z3 Agent Gate — Security Gate &gt; PASS when gate_allow is true" time="0.000088826">
        </testcase>
        <testcase classname="tests/dsg/agent-z3-integration.test.ts" name="Z3 Agent Gate — Security Gate &gt; BLOCK when gate_allow is false" time="0.000092135">
        </testcase>
        <testcase classname="tests/dsg/agent-z3-integration.test.ts" name="Z3 Seed Engine Cross-Cutting Invariant &gt; PASS when data is not needed" time="0.000096831">
        </testcase>
        <testcase classname="tests/dsg/agent-z3-integration.test.ts" name="Z3 Seed Engine Cross-Cutting Invariant &gt; BLOCK when data needed + unknown + search not attempted" time="0.000275326">
        </testcase>
        <testcase classname="tests/dsg/agent-z3-integration.test.ts" name="Z3 Seed Engine Cross-Cutting Invariant &gt; PASS when data needed + unknown + search was attempted" time="0.000090841">
        </testcase>
    </testsuite>
    <testsuite name="tests/dsg/hermes-plugin.test.ts" timestamp="2026-06-29T13:05:58.228Z" hostname="vm" tests="16" failures="0" errors="0" skipped="0" time="0.024610001">
        <testcase classname="tests/dsg/hermes-plugin.test.ts" name="browser_qa &gt; PASS when audit/evidence proof is present" time="0.004505937">
            <system-out>

--- browser_qa PASS ---
decision: PASS
envelopeId: 69f07a9290f51fd5ff94bac3a48916c6
expiresAt: 2026-06-29T13:10:31.121Z
prompt:
 DSG PASS — Hermes may open the browser and perform QA.
Target: /proofgate
Prompt: Open /proofgate and check broken route, console error, CTA visibility
Envelope ID: 69f07a9290f51fd5ff94bac3a48916c6
Expires at: 2026-06-29T13:10:31.121Z
After QA, post the observed result (console errors, broken routes, CTA status) to: /api/dsg/agent-command-gate/result

            </system-out>
        </testcase>
        <testcase classname="tests/dsg/hermes-plugin.test.ts" name="browser_qa &gt; PASS without proof (observe-no-audit fast path)" time="0.001490057">
            <system-out>

--- browser_qa PASS (no proof, observe fast path) ---
reasons: [ [32m&apos;observe_no_audit_pass&apos;[39m ]
prompt: DSG PASS (observe, no-audit) — Hermes may open browser and QA.
/proofgate
No mutation will occur. No result callback required.

            </system-out>
        </testcase>
        <testcase classname="tests/dsg/hermes-plugin.test.ts" name="local_operator &gt; PASS for read command with proof" time="0.002115169">
            <system-out>

--- local_operator ls PASS ---
decision: PASS | actionType: read

            </system-out>
        </testcase>
        <testcase classname="tests/dsg/hermes-plugin.test.ts" name="local_operator &gt; PREFLIGHT BLOCK when touching .env file" time="0.000490345">
            <system-out>

--- local_operator .env PREFLIGHT BLOCK ---
rule: NO_SECRET_FILE_ACCESS
reason: Hermes may not read, write, or export files matching sensitive patterns (.env, token, secret, private key, credentials, .pem, .ssh). If access is required, use the DSG evidence gate with an approved proof chain.

            </system-out>
        </testcase>
        <testcase classname="tests/dsg/hermes-plugin.test.ts" name="local_operator &gt; PREFLIGHT BLOCK when .env piped (exfiltration pattern)" time="0.000383652">
            <system-out>

--- local_operator .env|pipe PREFLIGHT BLOCK ---

            </system-out>
        </testcase>
        <testcase classname="tests/dsg/hermes-plugin.test.ts" name="local_operator &gt; PREFLIGHT BLOCK when .pem piped (exfiltration pattern)" time="0.000399347">
            <system-out>

--- local_operator .pem|pipe PREFLIGHT BLOCK ---

            </system-out>
        </testcase>
        <testcase classname="tests/dsg/hermes-plugin.test.ts" name="local_operator &gt; PREFLIGHT BLOCK when deploy --prod" time="0.00114793">
            <system-out>

--- local_operator deploy --prod PREFLIGHT BLOCK ---
rule: NO_PRODUCTION_DEPLOY_WITHOUT_APPROVAL

            </system-out>
        </testcase>
        <testcase classname="tests/dsg/hermes-plugin.test.ts" name="local_proxy &gt; PREFLIGHT BLOCK on ngrok" time="0.000590664">
            <system-out>

--- local_proxy ngrok PREFLIGHT BLOCK ---
rule: NO_PUBLIC_PROXY

            </system-out>
        </testcase>
        <testcase classname="tests/dsg/hermes-plugin.test.ts" name="local_proxy &gt; PREFLIGHT BLOCK on 0.0.0.0" time="0.000547696">
            <system-out>

--- local_proxy 0.0.0.0 PREFLIGHT BLOCK ---

            </system-out>
        </testcase>
        <testcase classname="tests/dsg/hermes-plugin.test.ts" name="github_pr_assistant &gt; PREFLIGHT BLOCK on auto-merge" time="0.000433111">
            <system-out>

--- github_pr_assistant auto-merge PREFLIGHT BLOCK ---
rule: NO_AUTO_MERGE

            </system-out>
        </testcase>
        <testcase classname="tests/dsg/hermes-plugin.test.ts" name="github_pr_assistant &gt; PASS for normal PR assist with proof" time="0.000663531">
            <system-out>

--- github_pr_assistant PASS ---
decision: PASS | op: pr-42-assist

            </system-out>
        </testcase>
        <testcase classname="tests/dsg/hermes-plugin.test.ts" name="x_search_signal &gt; PREFLIGHT BLOCK when X confirms used as truth" time="0.000331968">
            <system-out>

--- x_search_signal truth claim PREFLIGHT BLOCK ---
rule: NO_X_SEARCH_UNREVIEWED_TRUTH_CLAIM

            </system-out>
        </testcase>
        <testcase classname="tests/dsg/hermes-plugin.test.ts" name="x_search_signal &gt; PASS for normal signal search with proof" time="0.000689012">
            <system-out>

--- x_search_signal PASS ---
decision: PASS
prompt snippet: DSG PASS — Hermes may query X/Twitter for signals. | Query: #ProofGate DSG launch signal | Envelope ID: 035e8c05059435bbb4bfcf575b3f3fba

            </system-out>
        </testcase>
        <testcase classname="tests/dsg/hermes-plugin.test.ts" name="evidence_generator &gt; PASS with proof" time="0.000440251">
            <system-out>

--- evidence_generator PASS ---
decision: PASS | target: dsg-evidence-store

            </system-out>
        </testcase>
        <testcase classname="tests/dsg/hermes-plugin.test.ts" name="gated_executor &gt; BLOCK without proof (gate rejects)" time="0.007822104">
            <system-out>

--- gated_executor BLOCK (no proof) ---
reasons: [
  [32m&apos;block:audit_hook_bound&apos;[39m,
  [32m&apos;block:evidence_hook_bound&apos;[39m,
  [32m&apos;decision_block&apos;[39m
]

            </system-out>
        </testcase>
        <testcase classname="tests/dsg/hermes-plugin.test.ts" name="gated_executor &gt; PASS with proof" time="0.00049283">
            <system-out>

--- gated_executor PASS ---
envelopeId: ac84486250415e4386cd81df5071717f

            </system-out>
        </testcase>
    </testsuite>
    <testsuite name="tests/dsg/memory-gate.test.ts" timestamp="2026-06-29T13:05:58.231Z" hostname="vm" tests="6" failures="0" errors="0" skipped="0" time="0.00494936">
        <testcase classname="tests/dsg/memory-gate.test.ts" name="DSG governed memory gate &gt; blocks all memory when workspace scope is missing" time="0.001822216">
        </testcase>
        <testcase classname="tests/dsg/memory-gate.test.ts" name="DSG governed memory gate &gt; blocks secret memory without secret read permission" time="0.000399746">
        </testcase>
        <testcase classname="tests/dsg/memory-gate.test.ts" name="DSG governed memory gate &gt; routes PII memory to review without PII permission" time="0.000235863">
        </testcase>
        <testcase classname="tests/dsg/memory-gate.test.ts" name="DSG governed memory gate &gt; blocks unverified production claim memory when evidence is required" time="0.000244293">
        </testcase>
        <testcase classname="tests/dsg/memory-gate.test.ts" name="DSG governed memory gate &gt; blocks memory from replacing missing current evidence" time="0.000276096">
        </testcase>
        <testcase classname="tests/dsg/memory-gate.test.ts" name="DSG governed memory gate &gt; passes verified memory only when current evidence passes" time="0.000291525">
        </testcase>
    </testsuite>
    <testsuite name="tests/dsg/memory-request-context.test.ts" timestamp="2026-06-29T13:05:58.232Z" hostname="vm" tests="4" failures="0" errors="0" skipped="0" time="0.007353352">
        <testcase classname="tests/dsg/memory-request-context.test.ts" name="governed memory request context &gt; parses comma-separated permissions" time="0.001704573">
        </testcase>
        <testcase classname="tests/dsg/memory-request-context.test.ts" name="governed memory request context &gt; blocks dev auth headers unless explicitly enabled" time="0.0024351">
        </testcase>
        <testcase classname="tests/dsg/memory-request-context.test.ts" name="governed memory request context &gt; requires workspace, actor, and permissions" time="0.001380744">
        </testcase>
        <testcase classname="tests/dsg/memory-request-context.test.ts" name="governed memory request context &gt; enforces required memory permission" time="0.000413282">
        </testcase>
    </testsuite>
    <testsuite name="tests/dsg/midmarket-governance-autopilot.test.ts" timestamp="2026-06-29T13:05:58.232Z" hostname="vm" tests="3" failures="0" errors="0" skipped="0" time="0.016386747">
        <testcase classname="tests/dsg/midmarket-governance-autopilot.test.ts" name="mid-market governance autopilot &gt; produces deterministic decision hashes for the same request and timestamp" time="0.013972906">
        </testcase>
        <testcase classname="tests/dsg/midmarket-governance-autopilot.test.ts" name="mid-market governance autopilot &gt; blocks direct database mutations" time="0.000650527">
        </testcase>
        <testcase classname="tests/dsg/midmarket-governance-autopilot.test.ts" name="mid-market governance autopilot &gt; passes a low-risk read-only API inventory" time="0.00033748">
        </testcase>
    </testsuite>
    <testsuite name="tests/dsg/midmarket-production-runtime.test.ts" timestamp="2026-06-29T13:05:58.233Z" hostname="vm" tests="4" failures="0" errors="0" skipped="0" time="0.013027918">
        <testcase classname="tests/dsg/midmarket-production-runtime.test.ts" name="mid-market production runtime binding &gt; passes only when executor, RBAC, audit, evidence, approval, idempotency, rollback, and replay proofs are complete" time="0.002993748">
        </testcase>
        <testcase classname="tests/dsg/midmarket-production-runtime.test.ts" name="mid-market production runtime binding &gt; blocks direct model-to-api execution" time="0.007759996">
        </testcase>
        <testcase classname="tests/dsg/midmarket-production-runtime.test.ts" name="mid-market production runtime binding &gt; blocks high risk actions without approval" time="0.000413484">
        </testcase>
        <testcase classname="tests/dsg/midmarket-production-runtime.test.ts" name="mid-market production runtime binding &gt; blocks replay mismatch" time="0.00038477">
        </testcase>
    </testsuite>
    <testsuite name="tests/dsg/plan-alignment-gate.test.ts" timestamp="2026-06-29T13:05:58.233Z" hostname="vm" tests="17" failures="0" errors="0" skipped="0" time="0.009223136">
        <testcase classname="tests/dsg/plan-alignment-gate.test.ts" name="evaluatePlanAlignment &gt; PLAN_MATCHED_ALLOW_AUDIT when event fully matches contract" time="0.002342161">
        </testcase>
        <testcase classname="tests/dsg/plan-alignment-gate.test.ts" name="evaluatePlanAlignment &gt; OUT_OF_PLAN_DENY when action type is not in contract" time="0.000546452">
        </testcase>
        <testcase classname="tests/dsg/plan-alignment-gate.test.ts" name="evaluatePlanAlignment &gt; OUT_OF_PLAN_DENY when target system is not in contract" time="0.000289074">
        </testcase>
        <testcase classname="tests/dsg/plan-alignment-gate.test.ts" name="evaluatePlanAlignment &gt; OUT_OF_PLAN_DENY when risk level exceeds contract max" time="0.000208532">
        </testcase>
        <testcase classname="tests/dsg/plan-alignment-gate.test.ts" name="evaluatePlanAlignment &gt; OUT_OF_PLAN_DENY when operation is not in allowedOperations (P2 — enforce operations)" time="0.000314963">
        </testcase>
        <testcase classname="tests/dsg/plan-alignment-gate.test.ts" name="evaluatePlanAlignment &gt; PLAN_MATCHED when allowedOperations is empty (wildcard — all operations allowed)" time="0.000224137">
        </testcase>
        <testcase classname="tests/dsg/plan-alignment-gate.test.ts" name="evaluatePlanAlignment &gt; OUT_OF_PLAN_DENY when workspace does not match contract" time="0.000804303">
        </testcase>
        <testcase classname="tests/dsg/plan-alignment-gate.test.ts" name="evaluatePlanAlignment &gt; OUT_OF_PLAN_DENY when plan is expired" time="0.000240112">
        </testcase>
        <testcase classname="tests/dsg/plan-alignment-gate.test.ts" name="evaluatePlanAlignment &gt; PLAN_RELATED_REPLAN when planHash in event does not match contract" time="0.000499137">
        </testcase>
        <testcase classname="tests/dsg/plan-alignment-gate.test.ts" name="evaluatePlanAlignment &gt; CLAIM_EVIDENCE_DENY when required idempotency key is missing" time="0.000331397">
        </testcase>
        <testcase classname="tests/dsg/plan-alignment-gate.test.ts" name="evaluatePlanAlignment &gt; CLAIM_EVIDENCE_DENY when required evidence manifest is missing" time="0.000217867">
        </testcase>
        <testcase classname="tests/dsg/plan-alignment-gate.test.ts" name="evaluatePlanAlignment &gt; CLAIM_EVIDENCE_DENY when requireAudit is true and audit fields are missing (P2 — enforce audit binding)" time="0.00031226">
        </testcase>
        <testcase classname="tests/dsg/plan-alignment-gate.test.ts" name="evaluatePlanAlignment &gt; PLAN_MATCHED when requireAudit is false even without audit fields" time="0.00026766">
        </testcase>
        <testcase classname="tests/dsg/plan-alignment-gate.test.ts" name="evaluatePlanAlignment &gt; PLAN_MATCHED when evidence requirements are not required by contract" time="0.000165635">
        </testcase>
        <testcase classname="tests/dsg/plan-alignment-gate.test.ts" name="evaluatePlanAlignment &gt; produces deterministic decisionHash for same inputs" time="0.000117883">
        </testcase>
        <testcase classname="tests/dsg/plan-alignment-gate.test.ts" name="buildHermesEvidenceReceipt &gt; builds receipt binding plan, scope, and action evidence" time="0.000475519">
        </testcase>
        <testcase classname="tests/dsg/plan-alignment-gate.test.ts" name="buildHermesEvidenceReceipt &gt; receipt reflects deny decision when alignment blocked" time="0.000218383">
        </testcase>
    </testsuite>
    <testsuite name="tests/dsg/template-entitlement.test.ts" timestamp="2026-06-29T13:05:58.235Z" hostname="vm" tests="8" failures="0" errors="0" skipped="0" time="0.005868234">
        <testcase classname="tests/dsg/template-entitlement.test.ts" name="decideTemplateEntitlement &gt; allows the seller to use their own template" time="0.001528438">
        </testcase>
        <testcase classname="tests/dsg/template-entitlement.test.ts" name="decideTemplateEntitlement &gt; allows free public templates without a purchase" time="0.00045237">
        </testcase>
        <testcase classname="tests/dsg/template-entitlement.test.ts" name="decideTemplateEntitlement &gt; blocks paid templates when no purchase exists" time="0.000216582">
        </testcase>
        <testcase classname="tests/dsg/template-entitlement.test.ts" name="decideTemplateEntitlement &gt; blocks pending purchases until Stripe webhook clears the sale" time="0.000387867">
        </testcase>
        <testcase classname="tests/dsg/template-entitlement.test.ts" name="decideTemplateEntitlement &gt; allows cleared purchases" time="0.000226409">
        </testcase>
        <testcase classname="tests/dsg/template-entitlement.test.ts" name="decideTemplateEntitlement &gt; blocks refunded purchases" time="0.000175674">
        </testcase>
        <testcase classname="tests/dsg/template-entitlement.test.ts" name="decideTemplateEntitlement &gt; blocks non-public templates for non-sellers" time="0.000174182">
        </testcase>
        <testcase classname="tests/dsg/template-entitlement.test.ts" name="decideTemplateEntitlement &gt; blocks missing templates" time="0.000111991">
        </testcase>
    </testsuite>
    <testsuite name="tests/failure/replay-matrix.test.ts" timestamp="2026-06-29T13:05:58.237Z" hostname="vm" tests="4" failures="0" errors="0" skipped="0" time="0.002940212">
        <testcase classname="tests/failure/replay-matrix.test.ts" name="runtime replay matrix &gt; &apos;high risk replay&apos;" time="0.0012698">
        </testcase>
        <testcase classname="tests/failure/replay-matrix.test.ts" name="runtime replay matrix &gt; &apos;mid risk replay&apos;" time="0.000303391">
        </testcase>
        <testcase classname="tests/failure/replay-matrix.test.ts" name="runtime replay matrix &gt; &apos;low risk replay&apos;" time="0.000115882">
        </testcase>
        <testcase classname="tests/failure/replay-matrix.test.ts" name="runtime replay matrix &gt; stabilizes oscillation edge case replay" time="0.000171299">
        </testcase>
    </testsuite>
    <testsuite name="tests/integration/android-executor.e2e.test.ts" timestamp="2026-06-29T13:05:58.238Z" hostname="vm" tests="5" failures="0" errors="0" skipped="0" time="0.004904014">
        <testcase classname="tests/integration/android-executor.e2e.test.ts" name="Android executor (Appium-driven) &gt; dry_run: app allowed, no Appium launched, does not touch device" time="0.001747833">
        </testcase>
        <testcase classname="tests/integration/android-executor.e2e.test.ts" name="Android executor (Appium-driven) &gt; blocks an app that is not in the allowlist" time="0.000330838">
        </testcase>
        <testcase classname="tests/integration/android-executor.e2e.test.ts" name="Android executor (Appium-driven) &gt; blocks live mode when HERMES_ANDROID_LIVE env flag is not set" time="0.000324077">
        </testcase>
        <testcase classname="tests/integration/android-executor.e2e.test.ts" name="Android executor (Appium-driven) &gt; blocks a credential action before launching Appium" time="0.000350328">
        </testcase>
        <testcase classname="tests/integration/android-executor.e2e.test.ts" name="Android executor (Appium-driven) &gt; returns proper trace structure with expected fields" time="0.001018025">
        </testcase>
    </testsuite>
    <testsuite name="tests/integration/android-live-demo.manual.test.ts" timestamp="2026-06-29T13:05:58.238Z" hostname="vm" tests="1" failures="0" errors="0" skipped="1" time="0">
        <testcase classname="tests/integration/android-live-demo.manual.test.ts" name="LIVE: Appium drives a real Android app &gt; executes click action on Settings app, captures evidence" time="0">
            <skipped/>
        </testcase>
    </testsuite>
    <testsuite name="tests/integration/delegation-audit-recorder.test.ts" timestamp="2026-06-29T13:05:58.239Z" hostname="vm" tests="22" failures="0" errors="0" skipped="0" time="0.02371266">
        <testcase classname="tests/integration/delegation-audit-recorder.test.ts" name="Delegation Audit Recorder - Recording Actions &gt; should record ALLOW action without DB" time="0.002742467">
        </testcase>
        <testcase classname="tests/integration/delegation-audit-recorder.test.ts" name="Delegation Audit Recorder - Recording Actions &gt; should record BLOCK action without DB" time="0.000396086">
        </testcase>
        <testcase classname="tests/integration/delegation-audit-recorder.test.ts" name="Delegation Audit Recorder - Recording Actions &gt; should record action with optional target" time="0.000251553">
        </testcase>
        <testcase classname="tests/integration/delegation-audit-recorder.test.ts" name="Delegation Audit Recorder - Recording Actions &gt; should generate unique eventIds for same input" time="0.000679066">
        </testcase>
        <testcase classname="tests/integration/delegation-audit-recorder.test.ts" name="Delegation Audit Recorder - Recording Actions &gt; should generate different timestamps for different events" time="0.011606575">
        </testcase>
        <testcase classname="tests/integration/delegation-audit-recorder.test.ts" name="Delegation Audit Recorder - Recording Actions &gt; should generate different hashes for different eventIds" time="0.000533286">
        </testcase>
        <testcase classname="tests/integration/delegation-audit-recorder.test.ts" name="Delegation Audit Recorder - Convenience Functions &gt; should record allow action with helper" time="0.000331806">
        </testcase>
        <testcase classname="tests/integration/delegation-audit-recorder.test.ts" name="Delegation Audit Recorder - Convenience Functions &gt; should record allow action with default reason" time="0.000255467">
        </testcase>
        <testcase classname="tests/integration/delegation-audit-recorder.test.ts" name="Delegation Audit Recorder - Convenience Functions &gt; should record block action with helper" time="0.000335666">
        </testcase>
        <testcase classname="tests/integration/delegation-audit-recorder.test.ts" name="Delegation Audit Recorder - Convenience Functions &gt; should record block action with default reason" time="0.000209242">
        </testcase>
        <testcase classname="tests/integration/delegation-audit-recorder.test.ts" name="Delegation Audit Recorder - Hash Chain Integrity &gt; should create valid hash for single event" time="0.00111953">
        </testcase>
        <testcase classname="tests/integration/delegation-audit-recorder.test.ts" name="Delegation Audit Recorder - Hash Chain Integrity &gt; should create valid individual event hashes without DB" time="0.00035065">
        </testcase>
        <testcase classname="tests/integration/delegation-audit-recorder.test.ts" name="Delegation Audit Recorder - Hash Chain Integrity &gt; should handle multiple actions per delegation" time="0.000322778">
        </testcase>
        <testcase classname="tests/integration/delegation-audit-recorder.test.ts" name="Delegation Audit Recorder - Hash Chain Integrity &gt; should handle mixed ALLOW and BLOCK decisions" time="0.000265628">
        </testcase>
        <testcase classname="tests/integration/delegation-audit-recorder.test.ts" name="Delegation Audit Recorder - Hash Chain Integrity &gt; should handle different risk levels" time="0.000396306">
        </testcase>
        <testcase classname="tests/integration/delegation-audit-recorder.test.ts" name="Delegation Audit Recorder - Edge Cases &gt; should handle empty evidenceJson" time="0.000299622">
        </testcase>
        <testcase classname="tests/integration/delegation-audit-recorder.test.ts" name="Delegation Audit Recorder - Edge Cases &gt; should handle complex evidenceJson" time="0.000198881">
        </testcase>
        <testcase classname="tests/integration/delegation-audit-recorder.test.ts" name="Delegation Audit Recorder - Edge Cases &gt; should handle all risk levels" time="0.000398319">
        </testcase>
        <testcase classname="tests/integration/delegation-audit-recorder.test.ts" name="Delegation Audit Recorder - Edge Cases &gt; should handle very long reason text" time="0.000163854">
        </testcase>
        <testcase classname="tests/integration/delegation-audit-recorder.test.ts" name="Delegation Audit Recorder - Edge Cases &gt; should handle unicode in action and target" time="0.000200889">
        </testcase>
        <testcase classname="tests/integration/delegation-audit-recorder.test.ts" name="Delegation Audit Recorder - Event Properties &gt; should record createdAt timestamp" time="0.000365696">
        </testcase>
        <testcase classname="tests/integration/delegation-audit-recorder.test.ts" name="Delegation Audit Recorder - Event Properties &gt; should record all required fields" time="0.000350838">
        </testcase>
    </testsuite>
    <testsuite name="tests/integration/delegation-end-to-end.test.ts" timestamp="2026-06-29T13:05:58.242Z" hostname="vm" tests="4" failures="0" errors="0" skipped="4" time="0">
        <testcase classname="tests/integration/delegation-end-to-end.test.ts" name="User-Delegated AGI Runtime E2E &gt; Complete delegation workflow &gt; should execute complete workflow: goal → plan → verify → execute → audit" time="0">
            <skipped/>
        </testcase>
        <testcase classname="tests/integration/delegation-end-to-end.test.ts" name="User-Delegated AGI Runtime E2E &gt; Complete delegation workflow &gt; should block if HIGH action attempted without confirmation" time="0">
            <skipped/>
        </testcase>
        <testcase classname="tests/integration/delegation-end-to-end.test.ts" name="User-Delegated AGI Runtime E2E &gt; Complete delegation workflow &gt; should detect tampered audit event via hash mismatch" time="0">
            <skipped/>
        </testcase>
        <testcase classname="tests/integration/delegation-end-to-end.test.ts" name="User-Delegated AGI Runtime E2E &gt; Complete delegation workflow &gt; should enforce expiration on delegations" time="0">
            <skipped/>
        </testcase>
    </testsuite>
    <testsuite name="tests/integration/delegation-multiagent.test.ts" timestamp="2026-06-29T13:05:58.243Z" hostname="vm" tests="6" failures="0" errors="0" skipped="6" time="0">
        <testcase classname="tests/integration/delegation-multiagent.test.ts" name="Delegation Multi-Agent Isolation &gt; Concurrent agent execution isolation &gt; should isolate jobs for different agents on same user" time="0">
            <skipped/>
        </testcase>
        <testcase classname="tests/integration/delegation-multiagent.test.ts" name="Delegation Multi-Agent Isolation &gt; Concurrent agent execution isolation &gt; should isolate audit trails by delegation" time="0">
            <skipped/>
        </testcase>
        <testcase classname="tests/integration/delegation-multiagent.test.ts" name="Delegation Multi-Agent Isolation &gt; Concurrent agent execution isolation &gt; should prevent cross-org data access through index isolation" time="0">
            <skipped/>
        </testcase>
        <testcase classname="tests/integration/delegation-multiagent.test.ts" name="Delegation Multi-Agent Isolation &gt; Concurrent agent execution isolation &gt; should isolate confirmation requests by delegation" time="0">
            <skipped/>
        </testcase>
        <testcase classname="tests/integration/delegation-multiagent.test.ts" name="Delegation Multi-Agent Isolation &gt; Concurrent agent execution isolation &gt; should efficiently query jobs by status and org" time="0">
            <skipped/>
        </testcase>
        <testcase classname="tests/integration/delegation-multiagent.test.ts" name="Delegation Multi-Agent Isolation &gt; Confirmation request isolation &gt; should prevent expired confirmation from being approved" time="0">
            <skipped/>
        </testcase>
    </testsuite>
    <testsuite name="tests/integration/delegation-permission-gate.test.ts" timestamp="2026-06-29T13:05:58.243Z" hostname="vm" tests="26" failures="0" errors="0" skipped="0" time="0.010134842">
        <testcase classname="tests/integration/delegation-permission-gate.test.ts" name="Delegation Permission Gate &gt; checkDelegationPermission - Risk-based decisions &gt; should ALLOW LOW risk action that is in allowedActions" time="0.001981692">
        </testcase>
        <testcase classname="tests/integration/delegation-permission-gate.test.ts" name="Delegation Permission Gate &gt; checkDelegationPermission - Risk-based decisions &gt; should REVIEW MEDIUM risk action that is in allowedActions" time="0.00101202">
        </testcase>
        <testcase classname="tests/integration/delegation-permission-gate.test.ts" name="Delegation Permission Gate &gt; checkDelegationPermission - Risk-based decisions &gt; should REVIEW HIGH risk action even if in allowedActions" time="0.000403408">
        </testcase>
        <testcase classname="tests/integration/delegation-permission-gate.test.ts" name="Delegation Permission Gate &gt; checkDelegationPermission - Risk-based decisions &gt; should REVIEW CRITICAL risk action" time="0.000344537">
        </testcase>
        <testcase classname="tests/integration/delegation-permission-gate.test.ts" name="Delegation Permission Gate &gt; checkDelegationPermission - Blocked actions &gt; should BLOCK action that is in blockedActions" time="0.000307251">
        </testcase>
        <testcase classname="tests/integration/delegation-permission-gate.test.ts" name="Delegation Permission Gate &gt; checkDelegationPermission - Blocked actions &gt; should ALLOW unknown action if tool wildcard is present" time="0.000252262">
        </testcase>
        <testcase classname="tests/integration/delegation-permission-gate.test.ts" name="Delegation Permission Gate &gt; checkDelegationPermission - Confirmation overrides &gt; should REVIEW action that requires confirmation even if LOW risk" time="0.000263228">
        </testcase>
        <testcase classname="tests/integration/delegation-permission-gate.test.ts" name="Delegation Permission Gate &gt; checkDelegationPermission - Confirmation overrides &gt; should REVIEW action with step-level requiresConfirmation flag" time="0.000318517">
        </testcase>
        <testcase classname="tests/integration/delegation-permission-gate.test.ts" name="Delegation Permission Gate &gt; checkDelegationPermission - Wildcard actions &gt; should ALLOW action with tool wildcard in allowedActions" time="0.000242651">
        </testcase>
        <testcase classname="tests/integration/delegation-permission-gate.test.ts" name="Delegation Permission Gate &gt; checkDelegationPermission - Expired delegation &gt; should BLOCK action when delegation is expired" time="0.000223493">
        </testcase>
        <testcase classname="tests/integration/delegation-permission-gate.test.ts" name="Delegation Permission Gate &gt; checkDelegationPermission - Null delegation &gt; should BLOCK action when delegation is null" time="0.000130742">
        </testcase>
        <testcase classname="tests/integration/delegation-permission-gate.test.ts" name="Delegation Permission Gate &gt; checkDelegationPermission - Context awareness &gt; should include user presence in evidence when context provided" time="0.000173961">
        </testcase>
        <testcase classname="tests/integration/delegation-permission-gate.test.ts" name="Delegation Permission Gate &gt; Helper functions &gt; isActionBlocked &gt; should return true for blocked actions" time="0.000151308">
        </testcase>
        <testcase classname="tests/integration/delegation-permission-gate.test.ts" name="Delegation Permission Gate &gt; Helper functions &gt; isActionBlocked &gt; should return false for allowed actions" time="0.000121359">
        </testcase>
        <testcase classname="tests/integration/delegation-permission-gate.test.ts" name="Delegation Permission Gate &gt; Helper functions &gt; isActionBlocked &gt; should return true for null delegation" time="0.000095625">
        </testcase>
        <testcase classname="tests/integration/delegation-permission-gate.test.ts" name="Delegation Permission Gate &gt; Helper functions &gt; isActionAllowed &gt; should return true for allowed actions" time="0.000138782">
        </testcase>
        <testcase classname="tests/integration/delegation-permission-gate.test.ts" name="Delegation Permission Gate &gt; Helper functions &gt; isActionAllowed &gt; should return false for blocked actions" time="0.000079274">
        </testcase>
        <testcase classname="tests/integration/delegation-permission-gate.test.ts" name="Delegation Permission Gate &gt; Helper functions &gt; isActionAllowed &gt; should return false for unknown actions when no wildcard" time="0.000100631">
        </testcase>
        <testcase classname="tests/integration/delegation-permission-gate.test.ts" name="Delegation Permission Gate &gt; Helper functions &gt; isActionAllowed &gt; should return false for null delegation" time="0.000087645">
        </testcase>
        <testcase classname="tests/integration/delegation-permission-gate.test.ts" name="Delegation Permission Gate &gt; Helper functions &gt; isActionAllowed &gt; should support wildcard matches" time="0.000090695">
        </testcase>
        <testcase classname="tests/integration/delegation-permission-gate.test.ts" name="Delegation Permission Gate &gt; Helper functions &gt; requiresConfirmation &gt; should return true for actions in requiresUserConfirm" time="0.000131921">
        </testcase>
        <testcase classname="tests/integration/delegation-permission-gate.test.ts" name="Delegation Permission Gate &gt; Helper functions &gt; requiresConfirmation &gt; should return false for other actions" time="0.000078549">
        </testcase>
        <testcase classname="tests/integration/delegation-permission-gate.test.ts" name="Delegation Permission Gate &gt; Helper functions &gt; requiresConfirmation &gt; should return true for null delegation" time="0.000123285">
        </testcase>
        <testcase classname="tests/integration/delegation-permission-gate.test.ts" name="Delegation Permission Gate &gt; End-to-end delegation scenarios &gt; should handle a simple allowed action flow" time="0.000251818">
        </testcase>
        <testcase classname="tests/integration/delegation-permission-gate.test.ts" name="Delegation Permission Gate &gt; End-to-end delegation scenarios &gt; should handle a blocked action flow" time="0.000137616">
        </testcase>
        <testcase classname="tests/integration/delegation-permission-gate.test.ts" name="Delegation Permission Gate &gt; End-to-end delegation scenarios &gt; should handle a confirmation-required flow" time="0.000142773">
        </testcase>
    </testsuite>
    <testsuite name="tests/integration/dsg-safe-dom-browserbase.test.ts" timestamp="2026-06-29T13:05:58.246Z" hostname="vm" tests="16" failures="0" errors="0" skipped="0" time="0.014524676">
        <testcase classname="tests/integration/dsg-safe-dom-browserbase.test.ts" name="Safe DOM Browserbase Integration &gt; captureLiveDOM &gt; should capture DOM structure from Browserbase" time="0.001651965">
        </testcase>
        <testcase classname="tests/integration/dsg-safe-dom-browserbase.test.ts" name="Safe DOM Browserbase Integration &gt; captureLiveDOM &gt; should throw error when API key is missing" time="0.001361946">
        </testcase>
        <testcase classname="tests/integration/dsg-safe-dom-browserbase.test.ts" name="Safe DOM Browserbase Integration &gt; persistManifest &gt; should persist manifest to database" time="0.001047859">
        </testcase>
        <testcase classname="tests/integration/dsg-safe-dom-browserbase.test.ts" name="Safe DOM Browserbase Integration &gt; persistManifest &gt; should set default expiration to 5 minutes" time="0.000395673">
        </testcase>
        <testcase classname="tests/integration/dsg-safe-dom-browserbase.test.ts" name="Safe DOM Browserbase Integration &gt; verifySafeDomIntentOrFail &gt; should verify allowed click action on button" time="0.000641897">
        </testcase>
        <testcase classname="tests/integration/dsg-safe-dom-browserbase.test.ts" name="Safe DOM Browserbase Integration &gt; verifySafeDomIntentOrFail &gt; should verify allowed type action on input" time="0.000288471">
        </testcase>
        <testcase classname="tests/integration/dsg-safe-dom-browserbase.test.ts" name="Safe DOM Browserbase Integration &gt; verifySafeDomIntentOrFail &gt; should block disallowed action on element" time="0.000412007">
        </testcase>
        <testcase classname="tests/integration/dsg-safe-dom-browserbase.test.ts" name="Safe DOM Browserbase Integration &gt; verifySafeDomIntentOrFail &gt; should reject unknown element ID" time="0.000340584">
        </testcase>
        <testcase classname="tests/integration/dsg-safe-dom-browserbase.test.ts" name="Safe DOM Browserbase Integration &gt; verifySafeDomIntentOrFail &gt; should reject expired manifest" time="0.000525335">
        </testcase>
        <testcase classname="tests/integration/dsg-safe-dom-browserbase.test.ts" name="Safe DOM Browserbase Integration &gt; verifySafeDomIntentOrFail &gt; should reject manifest for different frame ID" time="0.000367783">
        </testcase>
        <testcase classname="tests/integration/dsg-safe-dom-browserbase.test.ts" name="Safe DOM Browserbase Integration &gt; executeVerifiedCommand &gt; should execute verified command through Browserbase" time="0.000797087">
        </testcase>
        <testcase classname="tests/integration/dsg-safe-dom-browserbase.test.ts" name="Safe DOM Browserbase Integration &gt; executeVerifiedCommand &gt; should throw error when API key is missing" time="0.000362668">
        </testcase>
        <testcase classname="tests/integration/dsg-safe-dom-browserbase.test.ts" name="Safe DOM Browserbase Integration &gt; buildAndPersistManifest &gt; should build and persist manifest end-to-end" time="0.000663161">
        </testcase>
        <testcase classname="tests/integration/dsg-safe-dom-browserbase.test.ts" name="Safe DOM Browserbase Integration &gt; buildAndPersistManifest &gt; should extract clickable elements from DOM" time="0.000210615">
        </testcase>
        <testcase classname="tests/integration/dsg-safe-dom-browserbase.test.ts" name="Safe DOM Browserbase Integration &gt; Cross-session tampering protection &gt; should prevent executing commands from different session" time="0.000288868">
        </testcase>
        <testcase classname="tests/integration/dsg-safe-dom-browserbase.test.ts" name="Safe DOM Browserbase Integration &gt; Cross-session tampering protection &gt; should track unique session/frame combinations" time="0.000492532">
        </testcase>
    </testsuite>
    <testsuite name="tests/integration/dsg-safe-dom-virtual-pc.test.ts" timestamp="2026-06-29T13:05:58.248Z" hostname="vm" tests="25" failures="0" errors="0" skipped="0" time="0.022473943">
        <testcase classname="tests/integration/dsg-safe-dom-virtual-pc.test.ts" name="Virtual PC + Safe DOM Integration &gt; Test 1: Extract DOM from simulated React component &gt; should build manifest from raw elements" time="0.004126938">
        </testcase>
        <testcase classname="tests/integration/dsg-safe-dom-virtual-pc.test.ts" name="Virtual PC + Safe DOM Integration &gt; Test 1: Extract DOM from simulated React component &gt; should assign unique IDs to elements" time="0.001094626">
        </testcase>
        <testcase classname="tests/integration/dsg-safe-dom-virtual-pc.test.ts" name="Virtual PC + Safe DOM Integration &gt; Test 1: Extract DOM from simulated React component &gt; should preserve element properties in safe view" time="0.000712307">
        </testcase>
        <testcase classname="tests/integration/dsg-safe-dom-virtual-pc.test.ts" name="Virtual PC + Safe DOM Integration &gt; Test 1: Extract DOM from simulated React component &gt; should not expose selectors to agent" time="0.000867291">
        </testcase>
        <testcase classname="tests/integration/dsg-safe-dom-virtual-pc.test.ts" name="Virtual PC + Safe DOM Integration &gt; Test 2: Filter dangerous elements (delete button removed) &gt; should filter high-risk elements" time="0.000318139">
        </testcase>
        <testcase classname="tests/integration/dsg-safe-dom-virtual-pc.test.ts" name="Virtual PC + Safe DOM Integration &gt; Test 2: Filter dangerous elements (delete button removed) &gt; should keep safe elements" time="0.000253851">
        </testcase>
        <testcase classname="tests/integration/dsg-safe-dom-virtual-pc.test.ts" name="Virtual PC + Safe DOM Integration &gt; Test 2: Filter dangerous elements (delete button removed) &gt; should not filter when disabled" time="0.000123827">
        </testcase>
        <testcase classname="tests/integration/dsg-safe-dom-virtual-pc.test.ts" name="Virtual PC + Safe DOM Integration &gt; Test 2: Filter dangerous elements (delete button removed) &gt; should assess risk levels correctly" time="0.000302033">
        </testcase>
        <testcase classname="tests/integration/dsg-safe-dom-virtual-pc.test.ts" name="Virtual PC + Safe DOM Integration &gt; Test 3: Redact secrets (hidden values) &gt; should detect Stripe keys" time="0.000236551">
        </testcase>
        <testcase classname="tests/integration/dsg-safe-dom-virtual-pc.test.ts" name="Virtual PC + Safe DOM Integration &gt; Test 3: Redact secrets (hidden values) &gt; should redact Stripe keys" time="0.000236399">
        </testcase>
        <testcase classname="tests/integration/dsg-safe-dom-virtual-pc.test.ts" name="Virtual PC + Safe DOM Integration &gt; Test 3: Redact secrets (hidden values) &gt; should not redact normal values" time="0.000108787">
        </testcase>
        <testcase classname="tests/integration/dsg-safe-dom-virtual-pc.test.ts" name="Virtual PC + Safe DOM Integration &gt; Test 3: Redact secrets (hidden values) &gt; should redact values in manifest" time="0.000350588">
        </testcase>
        <testcase classname="tests/integration/dsg-safe-dom-virtual-pc.test.ts" name="Virtual PC + Safe DOM Integration &gt; Test 3: Redact secrets (hidden values) &gt; should not redact when disabled" time="0.000287266">
        </testcase>
        <testcase classname="tests/integration/dsg-safe-dom-virtual-pc.test.ts" name="Virtual PC + Safe DOM Integration &gt; Test 4: Allow valid click on e001 (logs button) &gt; should allow click on exposed element" time="0.000558385">
        </testcase>
        <testcase classname="tests/integration/dsg-safe-dom-virtual-pc.test.ts" name="Virtual PC + Safe DOM Integration &gt; Test 4: Allow valid click on e001 (logs button) &gt; should execute and track allowed commands" time="0.000251764">
        </testcase>
        <testcase classname="tests/integration/dsg-safe-dom-virtual-pc.test.ts" name="Virtual PC + Safe DOM Integration &gt; Test 4: Allow valid click on e001 (logs button) &gt; should allow typing on input elements" time="0.000395465">
        </testcase>
        <testcase classname="tests/integration/dsg-safe-dom-virtual-pc.test.ts" name="Virtual PC + Safe DOM Integration &gt; Test 5: Block unknown element ID &gt; should block commands for unknown elements" time="0.000268183">
        </testcase>
        <testcase classname="tests/integration/dsg-safe-dom-virtual-pc.test.ts" name="Virtual PC + Safe DOM Integration &gt; Test 5: Block unknown element ID &gt; should provide clear block reason" time="0.000224059">
        </testcase>
        <testcase classname="tests/integration/dsg-safe-dom-virtual-pc.test.ts" name="Virtual PC + Safe DOM Integration &gt; Test 6: Block expired manifest &gt; should block commands when manifest expires" time="0.002011207">
        </testcase>
        <testcase classname="tests/integration/dsg-safe-dom-virtual-pc.test.ts" name="Virtual PC + Safe DOM Integration &gt; Test 7: TTL refresh on new request &gt; should extend TTL on refresh" time="0.001175917">
        </testcase>
        <testcase classname="tests/integration/dsg-safe-dom-virtual-pc.test.ts" name="Virtual PC + Safe DOM Integration &gt; Test 7: TTL refresh on new request &gt; should allow commands after refresh" time="0.000271204">
        </testcase>
        <testcase classname="tests/integration/dsg-safe-dom-virtual-pc.test.ts" name="Virtual PC + Safe DOM Integration &gt; Integration scenarios &gt; should handle complete workflow: extract &gt; build &gt; verify" time="0.002966256">
        </testcase>
        <testcase classname="tests/integration/dsg-safe-dom-virtual-pc.test.ts" name="Virtual PC + Safe DOM Integration &gt; Integration scenarios &gt; should prevent access to filtered elements" time="0.000876102">
        </testcase>
        <testcase classname="tests/integration/dsg-safe-dom-virtual-pc.test.ts" name="Virtual PC + Safe DOM Integration &gt; Manifest integrity &gt; should maintain manifest consistency" time="0.00038005">
        </testcase>
        <testcase classname="tests/integration/dsg-safe-dom-virtual-pc.test.ts" name="Virtual PC + Safe DOM Integration &gt; Manifest integrity &gt; should never expose selectors in view" time="0.000704908">
        </testcase>
    </testsuite>
    <testsuite name="tests/integration/hermes-browserbase-rom-dom.e2e.test.ts" timestamp="2026-06-29T13:05:58.250Z" hostname="vm" tests="3" failures="0" errors="0" skipped="0" time="0.00802863">
        <testcase classname="tests/integration/hermes-browserbase-rom-dom.e2e.test.ts" name="Hermes + ROM + Safe DOM + Browserbase dry-run E2E &gt; completes safe form submit in dry-run without touching real website" time="0.004477319">
        </testcase>
        <testcase classname="tests/integration/hermes-browserbase-rom-dom.e2e.test.ts" name="Hermes + ROM + Safe DOM + Browserbase dry-run E2E &gt; blocks dangerous DOM element because it is not exposed to the agent" time="0.000726026">
        </testcase>
        <testcase classname="tests/integration/hermes-browserbase-rom-dom.e2e.test.ts" name="Hermes + ROM + Safe DOM + Browserbase dry-run E2E &gt; blocks secret/credential task before DOM execution" time="0.001698413">
            <system-out>
Manifest elements: [ [32m&apos;Name&apos;[39m, [32m&apos;Email&apos;[39m, [32m&apos;Message&apos;[39m, [32m&apos;Next&apos;[39m ]

            </system-out>
        </testcase>
    </testsuite>
    <testsuite name="tests/integration/incidents-api.test.ts" timestamp="2026-06-29T13:05:58.251Z" hostname="vm" tests="28" failures="0" errors="0" skipped="0" time="0.03022341">
        <testcase classname="tests/integration/incidents-api.test.ts" name="GET /api/incidents — list incidents &gt; returns structured list when auth succeeds" time="0.005986334">
        </testcase>
        <testcase classname="tests/integration/incidents-api.test.ts" name="GET /api/incidents — list incidents &gt; passes monitor-level access to GET handler (pre-condition check)" time="0.002447011">
        </testcase>
        <testcase classname="tests/integration/incidents-api.test.ts" name="GET /api/incidents — list incidents &gt; returns 401 when auth is denied" time="0.000886438">
        </testcase>
        <testcase classname="tests/integration/incidents-api.test.ts" name="GET /api/incidents — list incidents &gt; returns items sorted by created_at descending" time="0.000767347">
        </testcase>
        <testcase classname="tests/integration/incidents-api.test.ts" name="POST /api/incidents — create incident &gt; creates a new incident with valid payload" time="0.002789139">
        </testcase>
        <testcase classname="tests/integration/incidents-api.test.ts" name="POST /api/incidents — create incident &gt; requires admin-level access" time="0.000955861">
        </testcase>
        <testcase classname="tests/integration/incidents-api.test.ts" name="POST /api/incidents — create incident &gt; returns 401 when auth is denied" time="0.000583037">
        </testcase>
        <testcase classname="tests/integration/incidents-api.test.ts" name="POST /api/incidents — validation errors &gt; rejects when severity is missing" time="0.000738146">
        </testcase>
        <testcase classname="tests/integration/incidents-api.test.ts" name="POST /api/incidents — validation errors &gt; rejects when title is missing" time="0.001617395">
        </testcase>
        <testcase classname="tests/integration/incidents-api.test.ts" name="POST /api/incidents — validation errors &gt; rejects invalid severity value" time="0.000728706">
        </testcase>
        <testcase classname="tests/integration/incidents-api.test.ts" name="POST /api/incidents — validation errors &gt; rejects empty body" time="0.000555693">
        </testcase>
        <testcase classname="tests/integration/incidents-api.test.ts" name="POST /api/incidents — validation errors &gt; rejects severity with wrong type" time="0.000412835">
        </testcase>
        <testcase classname="tests/integration/incidents-api.test.ts" name="PATCH /api/incidents — update incident status &gt; updates status of an existing incident" time="0.000656559">
        </testcase>
        <testcase classname="tests/integration/incidents-api.test.ts" name="PATCH /api/incidents — update incident status &gt; sets resolved_at when status transitions to resolved" time="0.00044874">
        </testcase>
        <testcase classname="tests/integration/incidents-api.test.ts" name="PATCH /api/incidents — update incident status &gt; requires admin-level access for PATCH" time="0.000774482">
        </testcase>
        <testcase classname="tests/integration/incidents-api.test.ts" name="PATCH /api/incidents — update incident status &gt; returns 401 when auth is denied" time="0.000333846">
        </testcase>
        <testcase classname="tests/integration/incidents-api.test.ts" name="PATCH /api/incidents — not found &gt; returns 404 for non-existent incident id" time="0.000492984">
        </testcase>
        <testcase classname="tests/integration/incidents-api.test.ts" name="PATCH /api/incidents — not found &gt; returns 400 when id is missing" time="0.000438991">
        </testcase>
        <testcase classname="tests/integration/incidents-api.test.ts" name="PATCH /api/incidents — not found &gt; returns 400 for invalid status value" time="0.00051065">
        </testcase>
        <testcase classname="tests/integration/incidents-api.test.ts" name="Auth — required on all endpoints &gt; GET rejects unauthenticated requests" time="0.000275183">
        </testcase>
        <testcase classname="tests/integration/incidents-api.test.ts" name="Auth — required on all endpoints &gt; POST rejects unauthenticated requests" time="0.000310596">
        </testcase>
        <testcase classname="tests/integration/incidents-api.test.ts" name="Auth — required on all endpoints &gt; PATCH rejects unauthenticated requests" time="0.00033083">
        </testcase>
        <testcase classname="tests/integration/incidents-api.test.ts" name="Auth — required on all endpoints &gt; GET rejects requests with insufficient role" time="0.000226657">
        </testcase>
        <testcase classname="tests/integration/incidents-api.test.ts" name="Auth — required on all endpoints &gt; all three endpoints delegate to requireRuntimeAccess" time="0.000406894">
        </testcase>
        <testcase classname="tests/integration/incidents-api.test.ts" name="File-structure sanity &gt; incidents route file exists" time="0.000149187">
        </testcase>
        <testcase classname="tests/integration/incidents-api.test.ts" name="File-structure sanity &gt; route exports GET, POST, and PATCH" time="0.000285083">
        </testcase>
        <testcase classname="tests/integration/incidents-api.test.ts" name="File-structure sanity &gt; requireRuntimeAccess delegate module exists" time="0.000140623">
        </testcase>
        <testcase classname="tests/integration/incidents-api.test.ts" name="File-structure sanity &gt; incident response playbook doc exists" time="0.000086413">
        </testcase>
    </testsuite>
    <testsuite name="tests/integration/infinite-loop-final-integration.test.ts" timestamp="2026-06-29T13:05:58.254Z" hostname="vm" tests="9" failures="0" errors="0" skipped="0" time="0.011009542">
        <testcase classname="tests/integration/infinite-loop-final-integration.test.ts" name="PHASE 6: Infinite Loop Protection — Final Integration Scenarios (6 Tests) &gt; Scenario 1: Simple Loop Prevention &gt; Integration Test 1: Task fails 3 times with same fingerprint → 4th attempt blocked → stop reason MAX_RETRIES_EXCEEDED" time="0.002361416">
        </testcase>
        <testcase classname="tests/integration/infinite-loop-final-integration.test.ts" name="PHASE 6: Infinite Loop Protection — Final Integration Scenarios (6 Tests) &gt; Scenario 2: Timeout Enforcement &gt; Integration Test 2: Agent executes for 5+ minutes → execution stops with EXECUTION_TIMEOUT → queue items preserved" time="0.000746357">
        </testcase>
        <testcase classname="tests/integration/infinite-loop-final-integration.test.ts" name="PHASE 6: Infinite Loop Protection — Final Integration Scenarios (6 Tests) &gt; Scenario 3: Failure Cascade &gt; Integration Test 3: 10+ tasks fail in sequence → stop reason TOO_MANY_FAILURES → execution gracefully halts" time="0.000740732">
        </testcase>
        <testcase classname="tests/integration/infinite-loop-final-integration.test.ts" name="PHASE 6: Infinite Loop Protection — Final Integration Scenarios (6 Tests) &gt; Scenario 4: Executor Overload Recovery &gt; Integration Test 4: All executor slots filled → new requests queued → slots released properly → queue processes released items" time="0.000651171">
        </testcase>
        <testcase classname="tests/integration/infinite-loop-final-integration.test.ts" name="PHASE 6: Infinite Loop Protection — Final Integration Scenarios (6 Tests) &gt; Scenario 5: Queue Cleanup Integration &gt; Integration Test 5: Mix of RUNNING/COMPLETED/FAILED tasks → cleanup removes only safe items → protected items retained → DLQ receives stale pending items" time="0.001079552">
        </testcase>
        <testcase classname="tests/integration/infinite-loop-final-integration.test.ts" name="PHASE 6: Infinite Loop Protection — Final Integration Scenarios (6 Tests) &gt; Scenario 6: Full Monitoring Coverage &gt; Integration Test 6: System under load (high queue depth, multiple retries) → health endpoint metrics accurate → issues array populated → blocked fingerprints count correct" time="0.000714474">
        </testcase>
        <testcase classname="tests/integration/infinite-loop-final-integration.test.ts" name="PHASE 6: Infinite Loop Protection — Final Integration Scenarios (6 Tests) &gt; Cross-Cutting Integration Tests &gt; Integration: All 5 guards work together in realistic scenario" time="0.001714316">
        </testcase>
        <testcase classname="tests/integration/infinite-loop-final-integration.test.ts" name="PHASE 6: Infinite Loop Protection — Final Integration Scenarios (6 Tests) &gt; Cross-Cutting Integration Tests &gt; Integration: System resilience under cascading failures" time="0.000832948">
        </testcase>
        <testcase classname="tests/integration/infinite-loop-final-integration.test.ts" name="PHASE 6: Infinite Loop Protection — Final Integration Scenarios (6 Tests) &gt; Cross-Cutting Integration Tests &gt; Integration: Monitoring detects degradation" time="0.000454302">
        </testcase>
    </testsuite>
[...]
        </testcase>
        <testcase classname="tests/unit/security/secure-token.test.ts" name="extractBearerToken &gt; returns empty string when header is empty" time="0.000135885">
        </testcase>
        <testcase classname="tests/unit/security/secure-token.test.ts" name="extractBearerToken &gt; returns token from valid Bearer header" time="0.000092328">
        </testcase>
        <testcase classname="tests/unit/security/secure-token.test.ts" name="extractBearerToken &gt; returns empty string when scheme is not Bearer" time="0.00007531">
        </testcase>
        <testcase classname="tests/unit/security/secure-token.test.ts" name="extractBearerToken &gt; is case-insensitive for Bearer scheme" time="0.000100147">
        </testcase>
        <testcase classname="tests/unit/security/secure-token.test.ts" name="extractBearerToken &gt; returns empty string when no token follows Bearer" time="0.000069944">
        </testcase>
        <testcase classname="tests/unit/security/secure-token.test.ts" name="extractBearerToken &gt; trims trailing whitespace from the token" time="0.000098637">
        </testcase>
        <testcase classname="tests/unit/security/secure-token.test.ts" name="verifySecretValue &gt; returns false when provided is empty" time="0.000157624">
        </testcase>
        <testcase classname="tests/unit/security/secure-token.test.ts" name="verifySecretValue &gt; returns false when provided is only whitespace" time="0.000088764">
        </testcase>
        <testcase classname="tests/unit/security/secure-token.test.ts" name="verifySecretValue &gt; returns true when provided matches expected exactly" time="0.000099491">
        </testcase>
        <testcase classname="tests/unit/security/secure-token.test.ts" name="verifySecretValue &gt; returns false when provided does not match expected" time="0.000091732">
        </testcase>
        <testcase classname="tests/unit/security/secure-token.test.ts" name="verifySecretValue &gt; returns true when sha256(provided) matches expectedSha256" time="0.000108739">
        </testcase>
        <testcase classname="tests/unit/security/secure-token.test.ts" name="verifySecretValue &gt; returns false when sha256 does not match expectedSha256" time="0.000102705">
        </testcase>
        <testcase classname="tests/unit/security/secure-token.test.ts" name="verifySecretValue &gt; returns false when both expected and expectedSha256 are absent" time="0.000085757">
        </testcase>
        <testcase classname="tests/unit/security/secure-token.test.ts" name="verifySecretValue &gt; matches expected before falling back to sha256" time="0.000101393">
        </testcase>
        <testcase classname="tests/unit/security/secure-token.test.ts" name="verifySecretValue &gt; trims whitespace from provided before comparison" time="0.000139454">
        </testcase>
        <testcase classname="tests/unit/security/secure-token.test.ts" name="verifySecretValue &gt; returns false when expected is null" time="0.000079535">
        </testcase>
        <testcase classname="tests/unit/security/secure-token.test.ts" name="verifyBearerSecret &gt; returns false when no Authorization header" time="0.001986777">
        </testcase>
        <testcase classname="tests/unit/security/secure-token.test.ts" name="verifyBearerSecret &gt; returns false when token does not match expected" time="0.000515426">
        </testcase>
        <testcase classname="tests/unit/security/secure-token.test.ts" name="verifyBearerSecret &gt; returns true when token matches expected" time="0.000373833">
        </testcase>
        <testcase classname="tests/unit/security/secure-token.test.ts" name="verifyBearerSecret &gt; returns true when token sha256 matches expectedSha256" time="0.000279512">
        </testcase>
        <testcase classname="tests/unit/security/secure-token.test.ts" name="verifyBearerSecret &gt; returns false when Authorization is not Bearer scheme" time="0.00031423">
        </testcase>
    </testsuite>
    <testsuite name="tests/unit/spine/pipeline-approval.test.ts" timestamp="2026-06-29T13:05:58.793Z" hostname="vm" tests="2" failures="0" errors="0" skipped="0" time="0.073412268">
        <testcase classname="tests/unit/spine/pipeline-approval.test.ts" name="issueSpineIntent + executeSpineIntent approval flow &gt; issues a new pending intent and reuses it on second call" time="0.043444569">
        </testcase>
        <testcase classname="tests/unit/spine/pipeline-approval.test.ts" name="issueSpineIntent + executeSpineIntent approval flow &gt; returns 409 when intent already consumed" time="0.028749426">
        </testcase>
    </testsuite>
    <testsuite name="tests/unit/spine/pipeline-block.test.ts" timestamp="2026-06-29T13:05:58.794Z" hostname="vm" tests="9" failures="0" errors="0" skipped="0" time="0.025251339">
        <testcase classname="tests/unit/spine/pipeline-block.test.ts" name="evaluateGate — decision boundaries &gt; BLOCK when riskScore &gt;= 0.8" time="0.001400092">
        </testcase>
        <testcase classname="tests/unit/spine/pipeline-block.test.ts" name="evaluateGate — decision boundaries &gt; STABILIZE when riskScore &gt;= 0.4 but &lt; 0.8" time="0.000351022">
        </testcase>
        <testcase classname="tests/unit/spine/pipeline-block.test.ts" name="evaluateGate — decision boundaries &gt; ALLOW when riskScore &lt; 0.4 and no oscillation" time="0.000202928">
        </testcase>
        <testcase classname="tests/unit/spine/pipeline-block.test.ts" name="evaluateGate — decision boundaries &gt; STABILIZE on oscillation even with low riskScore" time="0.00031968">
        </testcase>
        <testcase classname="tests/unit/spine/pipeline-block.test.ts" name="evaluateGate — decision boundaries &gt; no oscillation when window too small" time="0.000188873">
        </testcase>
        <testcase classname="tests/unit/spine/pipeline-block.test.ts" name="evaluateGate — decision boundaries &gt; oscillation when spread &gt;= 0.35 in last 4 scores" time="0.000132393">
        </testcase>
        <testcase classname="tests/unit/spine/pipeline-block.test.ts" name="evaluateGate — decision boundaries &gt; no oscillation when spread &lt; 0.35" time="0.000094268">
        </testcase>
        <testcase classname="tests/unit/spine/pipeline-block.test.ts" name="runPipeline — gate BLOCK short-circuits arbiters &gt; returns BLOCK from gate and skips arbiters" time="0.012299064">
        </testcase>
        <testcase classname="tests/unit/spine/pipeline-block.test.ts" name="runPipeline — gate BLOCK short-circuits arbiters &gt; ALLOW from gate lets arbiter escalate to STABILIZE" time="0.008572166">
        </testcase>
    </testsuite>
    <testsuite name="tests/unit/spine/pipeline-infra.test.ts" timestamp="2026-06-29T13:05:58.796Z" hostname="vm" tests="6" failures="0" errors="0" skipped="0" time="0.01472641">
        <testcase classname="tests/unit/spine/pipeline-infra.test.ts" name="SpineInfraError &gt; is an instance of Error" time="0.001311654">
        </testcase>
        <testcase classname="tests/unit/spine/pipeline-infra.test.ts" name="SpineInfraError &gt; has correct name property" time="0.000326798">
        </testcase>
        <testcase classname="tests/unit/spine/pipeline-infra.test.ts" name="SpineInfraError &gt; carries the message through" time="0.000157443">
        </testcase>
        <testcase classname="tests/unit/spine/pipeline-infra.test.ts" name="runPipeline — SpineInfraError cases &gt; throws SpineInfraError when gate plugin is not found" time="0.001333592">
        </testcase>
        <testcase classname="tests/unit/spine/pipeline-infra.test.ts" name="runPipeline — SpineInfraError cases &gt; throws SpineInfraError when registered plugin has wrong kind" time="0.000354158">
        </testcase>
        <testcase classname="tests/unit/spine/pipeline-infra.test.ts" name="runPipeline — initial string literal state &gt; ALLOW gate with no arbiters: final_decision is ALLOW, final_reason is gate reason" time="0.009821133">
        </testcase>
    </testsuite>
    <testsuite name="tests/unit/spine/planner-execute.test.ts" timestamp="2026-06-29T13:05:58.798Z" hostname="vm" tests="15" failures="0" errors="0" skipped="0" time="0.011151531">
        <testcase classname="tests/unit/spine/planner-execute.test.ts" name="planGoal — keyword → tool mapping &gt; plans readiness check for &quot;check status&quot;" time="0.002486973">
        </testcase>
        <testcase classname="tests/unit/spine/planner-execute.test.ts" name="planGoal — keyword → tool mapping &gt; plans readiness + execute for &quot;run agt_hermes_01&quot;" time="0.000664138">
        </testcase>
        <testcase classname="tests/unit/spine/planner-execute.test.ts" name="planGoal — keyword → tool mapping &gt; plans audit + recovery for &quot;audit lineage agt_test_01&quot;" time="0.000444077">
        </testcase>
        <testcase classname="tests/unit/spine/planner-execute.test.ts" name="planGoal — keyword → tool mapping &gt; plans checkpoint for &quot;checkpoint agt_prod_01&quot;" time="0.000395297">
        </testcase>
        <testcase classname="tests/unit/spine/planner-execute.test.ts" name="planGoal — keyword → tool mapping &gt; plans capacity for &quot;check quota&quot;" time="0.000608123">
        </testcase>
        <testcase classname="tests/unit/spine/planner-execute.test.ts" name="planGoal — keyword → tool mapping &gt; plans list_policies for &quot;show policy&quot;" time="0.000460898">
        </testcase>
        <testcase classname="tests/unit/spine/planner-execute.test.ts" name="planGoal — keyword → tool mapping &gt; plans reconcile_effect with failed status" time="0.000935364">
        </testcase>
        <testcase classname="tests/unit/spine/planner-execute.test.ts" name="planGoal — keyword → tool mapping &gt; plans create_agent for &quot;create agent&quot;" time="0.000571738">
        </testcase>
        <testcase classname="tests/unit/spine/planner-execute.test.ts" name="planGoal — keyword → tool mapping &gt; defaults to readiness + list_agents for unknown message" time="0.000870277">
        </testcase>
        <testcase classname="tests/unit/spine/planner-execute.test.ts" name="planGoal — keyword → tool mapping &gt; step IDs are sequential" time="0.001002703">
        </testcase>
        <testcase classname="tests/unit/spine/planner-execute.test.ts" name="normalizeSpinePayload — flat and nested formats &gt; normalizes flat payload" time="0.000578531">
        </testcase>
        <testcase classname="tests/unit/spine/planner-execute.test.ts" name="normalizeSpinePayload — flat and nested formats &gt; normalizes nested intent envelope" time="0.000208656">
        </testcase>
        <testcase classname="tests/unit/spine/planner-execute.test.ts" name="normalizeSpinePayload — flat and nested formats &gt; defaults action to &quot;scan&quot; when missing" time="0.000098194">
        </testcase>
        <testcase classname="tests/unit/spine/planner-execute.test.ts" name="normalizeSpinePayload — flat and nested formats &gt; returns empty agentId for null body" time="0.000129903">
        </testcase>
        <testcase classname="tests/unit/spine/planner-execute.test.ts" name="normalizeSpinePayload — flat and nested formats &gt; strips non-canonical values" time="0.000127587">
        </testcase>
    </testsuite>
    <testsuite name="tests/unit/spine/proof-checkpoint.test.ts" timestamp="2026-06-29T13:05:58.802Z" hostname="vm" tests="10" failures="0" errors="0" skipped="0" time="0.006787426">
        <testcase classname="tests/unit/spine/proof-checkpoint.test.ts" name="canonical determinism — proof foundation &gt; produces identical hash regardless of key order" time="0.00161821">
        </testcase>
        <testcase classname="tests/unit/spine/proof-checkpoint.test.ts" name="canonical determinism — proof foundation &gt; produces different hash for different values" time="0.000824745">
        </testcase>
        <testcase classname="tests/unit/spine/proof-checkpoint.test.ts" name="canonical determinism — proof foundation &gt; handles nested arrays deterministically" time="0.000193734">
        </testcase>
        <testcase classname="tests/unit/spine/proof-checkpoint.test.ts" name="canonical determinism — proof foundation &gt; handles null and primitive values" time="0.000442837">
        </testcase>
        <testcase classname="tests/unit/spine/proof-checkpoint.test.ts" name="buildCheckpointHash — runtime checkpoint integrity &gt; produces deterministic checkpoint hash" time="0.000864496">
        </testcase>
        <testcase classname="tests/unit/spine/proof-checkpoint.test.ts" name="buildCheckpointHash — runtime checkpoint integrity &gt; different truth hash produces different checkpoint" time="0.000234497">
        </testcase>
        <testcase classname="tests/unit/spine/proof-checkpoint.test.ts" name="buildCheckpointHash — runtime checkpoint integrity &gt; different ledger sequence produces different checkpoint" time="0.000247696">
        </testcase>
        <testcase classname="tests/unit/spine/proof-checkpoint.test.ts" name="buildApprovalKey — anti-replay determinism &gt; same org+agent+request produces same key" time="0.000244567">
        </testcase>
        <testcase classname="tests/unit/spine/proof-checkpoint.test.ts" name="buildApprovalKey — anti-replay determinism &gt; key order in request does not affect approval key" time="0.000282525">
        </testcase>
        <testcase classname="tests/unit/spine/proof-checkpoint.test.ts" name="buildApprovalKey — anti-replay determinism &gt; different org/agent/request changes key" time="0.000295392">
        </testcase>
    </testsuite>
    <testsuite name="tests/unit/stripe-app/deauthorization-webhook.test.ts" timestamp="2026-06-29T13:05:58.804Z" hostname="vm" tests="6" failures="0" errors="0" skipped="0" time="0.016131336">
        <testcase classname="tests/unit/stripe-app/deauthorization-webhook.test.ts" name="Stripe App deauthorization webhook &gt; only requires the dedicated webhook signing secret" time="0.006434842">
        </testcase>
        <testcase classname="tests/unit/stripe-app/deauthorization-webhook.test.ts" name="Stripe App deauthorization webhook &gt; fails closed when the dedicated Stripe App webhook is not configured" time="0.000730902">
        </testcase>
        <testcase classname="tests/unit/stripe-app/deauthorization-webhook.test.ts" name="Stripe App deauthorization webhook &gt; rejects missing signatures before processing" time="0.000894286">
        </testcase>
        <testcase classname="tests/unit/stripe-app/deauthorization-webhook.test.ts" name="Stripe App deauthorization webhook &gt; persists deauthorization evidence and protects a newer reconnect from stale events" time="0.003398817">
        </testcase>
        <testcase classname="tests/unit/stripe-app/deauthorization-webhook.test.ts" name="Stripe App deauthorization webhook &gt; returns handled false when a stale event does not match the current installation" time="0.001410354">
        </testcase>
        <testcase classname="tests/unit/stripe-app/deauthorization-webhook.test.ts" name="Stripe App deauthorization webhook &gt; returns 500 so Stripe retries when persistence fails" time="0.0019401">
            <system-err>
[stripe-app/webhook] Failed to persist deauthorization: db unavailable

            </system-err>
        </testcase>
    </testsuite>
    <testsuite name="tests/unit/stripe-app/deauthorize.test.ts" timestamp="2026-06-29T13:05:58.806Z" hostname="vm" tests="3" failures="0" errors="0" skipped="0" time="0.010336423">
        <testcase classname="tests/unit/stripe-app/deauthorize.test.ts" name="Stripe OAuth deauthorization &gt; uses mode-matched credentials and the Stripe deauthorize endpoint" time="0.005071108">
        </testcase>
        <testcase classname="tests/unit/stripe-app/deauthorize.test.ts" name="Stripe OAuth deauthorization &gt; fails closed when mode-matched credentials are absent" time="0.0017311">
        </testcase>
        <testcase classname="tests/unit/stripe-app/deauthorize.test.ts" name="Stripe OAuth deauthorization &gt; fails when Stripe does not confirm revocation" time="0.00058466">
        </testcase>
    </testsuite>
    <testsuite name="tests/unit/stripe-app/install-url.test.ts" timestamp="2026-06-29T13:05:58.807Z" hostname="vm" tests="6" failures="0" errors="0" skipped="0" time="0.005665108">
        <testcase classname="tests/unit/stripe-app/install-url.test.ts" name="Stripe public OAuth install URLs &gt; adds only the callback and signed state to a configured public URL" time="0.001711914">
        </testcase>
        <testcase classname="tests/unit/stripe-app/install-url.test.ts" name="Stripe public OAuth install URLs &gt; rejects external-test channel links instead of silently turning them into a different URL" time="0.0010381">
        </testcase>
        <testcase classname="tests/unit/stripe-app/install-url.test.ts" name="Stripe public OAuth install URLs &gt; rejects arbitrary HTTPS hosts and incorrect paths" time="0.000468718">
        </testcase>
        <testcase classname="tests/unit/stripe-app/install-url.test.ts" name="Stripe public OAuth install URLs &gt; rejects missing and mismatched client IDs" time="0.000409173">
        </testcase>
        <testcase classname="tests/unit/stripe-app/install-url.test.ts" name="Stripe public OAuth install URLs &gt; requires an explicit public URL from Stripe Settings" time="0.000206415">
        </testcase>
        <testcase classname="tests/unit/stripe-app/install-url.test.ts" name="Stripe public OAuth install URLs &gt; rejects unknown modes instead of silently installing live" time="0.000418252">
        </testcase>
    </testsuite>
    <testsuite name="tests/unit/usage/quota.test.ts" timestamp="2026-06-29T13:05:58.809Z" hostname="vm" tests="7" failures="0" errors="0" skipped="0" time="0.013554007">
        <testcase classname="tests/unit/usage/quota.test.ts" name="checkQuota &gt; allows execution when under quota" time="0.002704817">
        </testcase>
        <testcase classname="tests/unit/usage/quota.test.ts" name="checkQuota &gt; blocks execution when at quota" time="0.001110173">
        </testcase>
        <testcase classname="tests/unit/usage/quota.test.ts" name="checkQuota &gt; uses free plan quota when org has no plan set" time="0.001049694">
        </testcase>
        <testcase classname="tests/unit/usage/quota.test.ts" name="checkQuota &gt; returns upgrade_url from NEXT_PUBLIC_APP_URL env" time="0.000824833">
        </testcase>
        <testcase classname="tests/unit/usage/quota.test.ts" name="incrementQuota &gt; calls increment_quota_atomic RPC with correct params" time="0.002869019">
        </testcase>
        <testcase classname="tests/unit/usage/quota.test.ts" name="incrementQuota &gt; includes billing_period in RPC params" time="0.000392383">
        </testcase>
        <testcase classname="tests/unit/usage/quota.test.ts" name="incrementQuota &gt; throws when RPC returns an error" time="0.003088914">
        </testcase>
    </testsuite>
    <testsuite name="tests/integration/api/settings/access-permission.test.ts" timestamp="2026-06-29T13:05:58.811Z" hostname="vm" tests="1" failures="0" errors="0" skipped="0" time="0.340503237">
        <testcase classname="tests/integration/api/settings/access-permission.test.ts" name="/api/settings/access/* &gt; requires org.manage_access" time="0.339200485">
        </testcase>
    </testsuite>
    <testsuite name="tests/integration/api/settings/security-permission.test.ts" timestamp="2026-06-29T13:05:58.811Z" hostname="vm" tests="1" failures="0" errors="0" skipped="0" time="0.346325357">
        <testcase classname="tests/integration/api/settings/security-permission.test.ts" name="/api/settings/security/sign-ins &gt; requires org.manage_security" time="0.345242126">
        </testcase>
    </testsuite>
</testsuites>
