{"numTotalTestSuites":763,"numPassedTestSuites":747,"numFailedTestSuites":16,"numPendingTestSuites":0,"numTotalTests":2186,"numPassedTests":2092,"numFailedTests":36,"numPendingTests":58,"numTodoTests":0,"snapshot":{"added":0,"failure":false,"filesAdded":0,"filesRemoved":0,"filesRemovedList":[],"filesUnmatched":0,"filesUpdated":0,"matched":0,"total":0,"unchecked":0,"uncheckedKeysByFile":[],"unmatched":0,"updated":0,"didUpdate":false},"startTime":1781494596364,"success":false,"testResults":[{"assertionResults":[{"ancestorTitles":["runtime replay matrix"],"fullName":"runtime replay matrix 'high risk replay'","status":"passed","title":"'high risk replay'","duration":32.12765599999966,"failureMessages":[],"meta":{}},{"ancestorTitles":["runtime replay matrix"],"fullName":"runtime replay matrix 'mid risk replay'","status":"passed","title":"'mid risk replay'","duration":2.2037500000001273,"failureMessages":[],"meta":{}},{"ancestorTitles":["runtime replay matrix"],"fullName":"runtime replay matrix 'low risk replay'","status":"passed","title":"'low risk replay'","duration":1.5166660000004413,"failureMessages":[],"meta":{}},{"ancestorTitles":["runtime replay matrix"],"fullName":"runtime replay matrix stabilizes oscillation edge case replay","status":"passed","title":"stabilizes oscillation edge case replay","duration":1.7739579999997659,"failureMessages":[],"meta":{}}],"startTime":1781494702699,"endTime":1781494702738.774,"status":"passed","message":"","name":"/data/data/com.termux/files/home/tdealer01-crypto-dsg-control-plane/tests/failure/replay-matrix.test.ts"},{"assertionResults":[{"ancestorTitles":["Z3 Proof: Rate-Limit Window Invariants"],"fullName":"Z3 Proof: Rate-Limit Window Invariants within a window: remaining + used = limit (conservation theorem)","status":"passed","title":"within a window: remaining + used = limit (conservation theorem)","duration":1476.9334899999994,"failureMessages":[],"meta":{}},{"ancestorTitles":["Z3 Proof: Rate-Limit Window Invariants"],"fullName":"Z3 Proof: Rate-Limit Window Invariants request is blocked iff used >= limit (no bypass theorem)","status":"passed","title":"request is blocked iff used >= limit (no bypass theorem)","duration":1715.7134370000003,"failureMessages":[],"meta":{}},{"ancestorTitles":["Z3 Proof: Rate-Limit Window Invariants"],"fullName":"Z3 Proof: Rate-Limit Window Invariants after increment: new_used = old_used + 1 (atomic counter theorem)","status":"passed","title":"after increment: new_used = old_used + 1 (atomic counter theorem)","duration":644.3384889999998,"failureMessages":[],"meta":{}},{"ancestorTitles":["Z3 Proof: Rate-Limit Window Invariants"],"fullName":"Z3 Proof: Rate-Limit Window Invariants rate limit for auth (3/min email) is strictly less than checkout (20/min)","status":"passed","title":"rate limit for auth (3/min email) is strictly less than checkout (20/min)","duration":5.49395800000093,"failureMessages":[],"meta":{}},{"ancestorTitles":["Z3 Proof: Stripe Pricing Arithmetic"],"fullName":"Z3 Proof: Stripe Pricing Arithmetic yearly price < 12 × monthly price (discount invariant)","status":"passed","title":"yearly price < 12 × monthly price (discount invariant)","duration":156.8256249999995,"failureMessages":[],"meta":{}},{"ancestorTitles":["Z3 Proof: Stripe Pricing Arithmetic"],"fullName":"Z3 Proof: Stripe Pricing Arithmetic yearly price = 9 × monthly price (exactly 3 months free, 25% discount — Z3 verified)","status":"passed","title":"yearly price = 9 × monthly price (exactly 3 months free, 25% discount — Z3 verified)","duration":111.44755299999997,"failureMessages":[],"meta":{}},{"ancestorTitles":["Z3 Proof: Stripe Pricing Arithmetic"],"fullName":"Z3 Proof: Stripe Pricing Arithmetic all prices are positive integers (no zero-price exploit)","status":"passed","title":"all prices are positive integers (no zero-price exploit)","duration":235.7538020000011,"failureMessages":[],"meta":{}},{"ancestorTitles":["Z3 Proof: Quota Gate Safety (no double-spend)"],"fullName":"Z3 Proof: Quota Gate Safety (no double-spend) check-before-increment prevents overspend by at most 1 under concurrency","status":"passed","title":"check-before-increment prevents overspend by at most 1 under concurrency","duration":58.48942700000043,"failureMessages":[],"meta":{}},{"ancestorTitles":["Z3 Proof: Quota Gate Safety (no double-spend)"],"fullName":"Z3 Proof: Quota Gate Safety (no double-spend) initialized counter + positive increments ≥ 0 (non-negative by construction)","status":"passed","title":"initialized counter + positive increments ≥ 0 (non-negative by construction)","duration":27.6544789999989,"failureMessages":[],"meta":{}},{"ancestorTitles":["Z3 Proof: Plan Transition Safety"],"fullName":"Z3 Proof: Plan Transition Safety valid upgrade paths are strictly increasing in rank","status":"passed","title":"valid upgrade paths are strictly increasing in rank","duration":111.32192699999905,"failureMessages":[],"meta":{}},{"ancestorTitles":["Z3 Proof: Plan Transition Safety"],"fullName":"Z3 Proof: Plan Transition Safety downgrade to free always results in rank 0","status":"passed","title":"downgrade to free always results in rank 0","duration":35.359426999999414,"failureMessages":[],"meta":{}}],"startTime":1781494610526,"endTime":1781494615121.3594,"status":"passed","message":"","name":"/data/data/com.termux/files/home/tdealer01-crypto-dsg-control-plane/tests/proofs/billing-invariants.test.ts"},{"assertionResults":[{"ancestorTitles":["Z3 Proof: Quota Ordering Theorem"],"fullName":"Z3 Proof: Quota Ordering Theorem PLAN_QUOTA is strictly ordered: enterprise > business > pro > trial > free > 0","status":"passed","title":"PLAN_QUOTA is strictly ordered: enterprise > business > pro > trial > free > 0","duration":1340.5461459999997,"failureMessages":[],"meta":{}},{"ancestorTitles":["Z3 Proof: Quota Ordering Theorem"],"fullName":"Z3 Proof: Quota Ordering Theorem getQuotaForPlan never returns zero (safe floor invariant)","status":"passed","title":"getQuotaForPlan never returns zero (safe floor invariant)","duration":845.5893740000001,"failureMessages":[],"meta":{}},{"ancestorTitles":["Z3 Proof: Quota Ordering Theorem"],"fullName":"Z3 Proof: Quota Ordering Theorem getQuotaForPlan(unknown) === FREE_QUOTA (safe floor for unknown plans)","status":"passed","title":"getQuotaForPlan(unknown) === FREE_QUOTA (safe floor for unknown plans)","duration":26.70666699999947,"failureMessages":[],"meta":{}},{"ancestorTitles":["Z3 Proof: Quota Ordering Theorem"],"fullName":"Z3 Proof: Quota Ordering Theorem getQuotaForPlan(null) === FREE_QUOTA","status":"passed","title":"getQuotaForPlan(null) === FREE_QUOTA","duration":24.78625000000011,"failureMessages":[],"meta":{}},{"ancestorTitles":["Z3 Proof: Billing Status Partition Theorem"],"fullName":"Z3 Proof: Billing Status Partition Theorem ACTIVE_STATUSES and REVOKED_STATUSES are disjoint (no status can be both)","status":"passed","title":"ACTIVE_STATUSES and REVOKED_STATUSES are disjoint (no status can be both)","duration":13.726198000000295,"failureMessages":[],"meta":{}},{"ancestorTitles":["Z3 Proof: Billing Status Partition Theorem"],"fullName":"Z3 Proof: Billing Status Partition Theorem effectivePlan returns planKey for every ACTIVE status","status":"passed","title":"effectivePlan returns planKey for every ACTIVE status","duration":81.47744800000055,"failureMessages":[],"meta":{}},{"ancestorTitles":["Z3 Proof: Billing Status Partition Theorem"],"fullName":"Z3 Proof: Billing Status Partition Theorem effectivePlan returns \"free\" for every REVOKED status","status":"passed","title":"effectivePlan returns \"free\" for every REVOKED status","duration":144.2348439999996,"failureMessages":[],"meta":{}},{"ancestorTitles":["Z3 Proof: Billing Status Partition Theorem"],"fullName":"Z3 Proof: Billing Status Partition Theorem effectivePlan(null, null) === \"free\" (null-safety theorem)","status":"passed","title":"effectivePlan(null, null) === \"free\" (null-safety theorem)","duration":44.661041999999725,"failureMessages":[],"meta":{}},{"ancestorTitles":["Z3 Proof: Revenue Monotonicity Theorem"],"fullName":"Z3 Proof: Revenue Monotonicity Theorem upgrading plan never decreases quota (∀ plan A→B: quota[B] ≥ quota[A])","status":"passed","title":"upgrading plan never decreases quota (∀ plan A→B: quota[B] ≥ quota[A])","duration":342.9128119999996,"failureMessages":[],"meta":{}},{"ancestorTitles":["Z3 Proof: Revenue Monotonicity Theorem"],"fullName":"Z3 Proof: Revenue Monotonicity Theorem free plan quota (60) fits in an int32 without overflow","status":"passed","title":"free plan quota (60) fits in an int32 without overflow","duration":25.57796899999994,"failureMessages":[],"meta":{}},{"ancestorTitles":["Z3 Proof: Revenue Monotonicity Theorem"],"fullName":"Z3 Proof: Revenue Monotonicity Theorem enterprise plan quota fits in a JavaScript safe integer","status":"passed","title":"enterprise plan quota fits in a JavaScript safe integer","duration":30.86630200000036,"failureMessages":[],"meta":{}},{"ancestorTitles":["Z3 Proof: Billing Period Arithmetic"],"fullName":"Z3 Proof: Billing Period Arithmetic billing period YYYY-MM format: month in [1..12]","status":"passed","title":"billing period YYYY-MM format: month in [1..12]","duration":23.032500000000255,"failureMessages":[],"meta":{}},{"ancestorTitles":["Z3 Proof: Billing Period Arithmetic"],"fullName":"Z3 Proof: Billing Period Arithmetic Z3: any valid month m satisfies 1 ≤ m ≤ 12","status":"passed","title":"Z3: any valid month m satisfies 1 ≤ m ≤ 12","duration":843.9046349999999,"failureMessages":[],"meta":{}},{"ancestorTitles":["Z3 Proof: Billing Period Arithmetic"],"fullName":"Z3 Proof: Billing Period Arithmetic Z3: no month satisfies m < 1 AND m > 12 simultaneously","status":"passed","title":"Z3: no month satisfies m < 1 AND m > 12 simultaneously","duration":666.064218999999,"failureMessages":[],"meta":{}}],"startTime":1781494606161,"endTime":1781494610625.0642,"status":"passed","message":"","name":"/data/data/com.termux/files/home/tdealer01-crypto-dsg-control-plane/tests/proofs/quota-invariants.test.ts"},{"assertionResults":[{"ancestorTitles":["batch 3 enterprise migrations"],"fullName":"batch 3 enterprise migrations defines sso, directory sync, billing policy, seat activation, and onboarding tables","status":"passed","title":"defines sso, directory sync, billing policy, seat activation, and onboarding tables","duration":37.20838499999991,"failureMessages":[],"meta":{}}],"startTime":1781494703309,"endTime":1781494703346.2085,"status":"passed","message":"","name":"/data/data/com.termux/files/home/tdealer01-crypto-dsg-control-plane/tests/migrations/batch3-enterprise-identity.test.ts"},{"assertionResults":[{"ancestorTitles":["finance governance audit ledger immutability migration"],"fullName":"finance governance audit ledger immutability migration keeps the ledger constrained to submit/approve/reject/escalate actions","status":"passed","title":"keeps the ledger constrained to submit/approve/reject/escalate actions","duration":25.991092999999637,"failureMessages":[],"meta":{}},{"ancestorTitles":["finance governance audit ledger immutability migration"],"fullName":"finance governance audit ledger immutability migration adds DB-level update and delete blockers to the finance audit ledger","status":"passed","title":"adds DB-level update and delete blockers to the finance audit ledger","duration":3.232238999999936,"failureMessages":[],"meta":{}}],"startTime":1781494687451,"endTime":1781494687480.2322,"status":"passed","message":"","name":"/data/data/com.termux/files/home/tdealer01-crypto-dsg-control-plane/tests/migrations/finance-governance-audit-ledger-immutability.test.ts"},{"assertionResults":[{"ancestorTitles":["finance governance control layer migration"],"fullName":"finance governance control layer migration creates control layer tables and backfill statements","status":"passed","title":"creates control layer tables and backfill statements","duration":30.377864000000045,"failureMessages":[],"meta":{}}],"startTime":1781494702998,"endTime":1781494703028.378,"status":"passed","message":"","name":"/data/data/com.termux/files/home/tdealer01-crypto-dsg-control-plane/tests/migrations/finance-governance-control-layer.test.ts"},{"assertionResults":[{"ancestorTitles":["finance workflow migration"],"fullName":"finance workflow migration creates DB-backed finance workflow tables and indexes","status":"passed","title":"creates DB-backed finance workflow tables and indexes","duration":21.75177100000019,"failureMessages":[],"meta":{}},{"ancestorTitles":["finance workflow migration"],"fullName":"finance workflow migration locks workflow actions to submit → approve/reject/escalate lifecycle","status":"passed","title":"locks workflow actions to submit → approve/reject/escalate lifecycle","duration":2.2120310000000245,"failureMessages":[],"meta":{}}],"startTime":1781494700706,"endTime":1781494700731.212,"status":"passed","message":"","name":"/data/data/com.termux/files/home/tdealer01-crypto-dsg-control-plane/tests/migrations/finance-workflow.test.ts"},{"assertionResults":[{"ancestorTitles":["runtime spine hardening migration"],"fullName":"runtime spine hardening migration serializes execution ordering and validates decision input","status":"passed","title":"serializes execution ordering and validates decision input","duration":15.587031000000025,"failureMessages":[],"meta":{}},{"ancestorTitles":["runtime spine hardening migration"],"fullName":"runtime spine hardening migration persists a checkpoint after each successful runtime commit","status":"passed","title":"persists a checkpoint after each successful runtime commit","duration":1.477448000000095,"failureMessages":[],"meta":{}}],"startTime":1781494691502,"endTime":1781494691519.4775,"status":"passed","message":"","name":"/data/data/com.termux/files/home/tdealer01-crypto-dsg-control-plane/tests/migrations/runtime-spine-hardening.test.ts"},{"assertionResults":[{"ancestorTitles":["runtime migration coverage"],"fullName":"runtime migration coverage defines runtime spine tables for fresh installs","status":"passed","title":"defines runtime spine tables for fresh installs","duration":34.78432299999986,"failureMessages":[],"meta":{}},{"ancestorTitles":["runtime migration coverage"],"fullName":"runtime migration coverage supports upgrade paths with if not exists and rpc migration","status":"passed","title":"supports upgrade paths with if not exists and rpc migration","duration":3.821458999999777,"failureMessages":[],"meta":{}}],"startTime":1781494689709,"endTime":1781494689747.8215,"status":"passed","message":"","name":"/data/data/com.termux/files/home/tdealer01-crypto-dsg-control-plane/tests/migrations/runtime-spine.test.ts"},{"assertionResults":[{"ancestorTitles":["Post-Deployment Smoke Tests","Server & Connectivity Tests"],"fullName":"Post-Deployment Smoke Tests Server & Connectivity Tests should have server responding to requests","status":"skipped","title":"should have server responding to requests","failureMessages":[],"meta":{}},{"ancestorTitles":["Post-Deployment Smoke Tests","Server & Connectivity Tests"],"fullName":"Post-Deployment Smoke Tests Server & Connectivity Tests should maintain sub-2-second response times for health endpoint","status":"skipped","title":"should maintain sub-2-second response times for health endpoint","failureMessages":[],"meta":{}},{"ancestorTitles":["Post-Deployment Smoke Tests","Server & Connectivity Tests"],"fullName":"Post-Deployment Smoke Tests Server & Connectivity Tests should handle request timeouts gracefully","status":"skipped","title":"should handle request timeouts gracefully","failureMessages":[],"meta":{}},{"ancestorTitles":["Post-Deployment Smoke Tests","Health & Status Endpoints"],"fullName":"Post-Deployment Smoke Tests Health & Status Endpoints GET /api/health should return 200 with valid JSON","status":"skipped","title":"GET /api/health should return 200 with valid JSON","failureMessages":[],"meta":{}},{"ancestorTitles":["Post-Deployment Smoke Tests","Health & Status Endpoints"],"fullName":"Post-Deployment Smoke Tests Health & Status Endpoints GET /api/readiness should indicate deployment status","status":"skipped","title":"GET /api/readiness should indicate deployment status","failureMessages":[],"meta":{}},{"ancestorTitles":["Post-Deployment Smoke Tests","Health & Status Endpoints"],"fullName":"Post-Deployment Smoke Tests Health & Status Endpoints GET /api/agent/status should return deployment identity","status":"skipped","title":"GET /api/agent/status should return deployment identity","failureMessages":[],"meta":{}},{"ancestorTitles":["Post-Deployment Smoke Tests","Authentication & Authorization"],"fullName":"Post-Deployment Smoke Tests Authentication & Authorization GET /api/audit without token should return 401 or 400","status":"skipped","title":"GET /api/audit without token should return 401 or 400","failureMessages":[],"meta":{}},{"ancestorTitles":["Post-Deployment Smoke Tests","Authentication & Authorization"],"fullName":"Post-Deployment Smoke Tests Authentication & Authorization GET /api/audit with invalid token should return 401 or 400","status":"skipped","title":"GET /api/audit with invalid token should return 401 or 400","failureMessages":[],"meta":{}},{"ancestorTitles":["Post-Deployment Smoke Tests","Authentication & Authorization"],"fullName":"Post-Deployment Smoke Tests Authentication & Authorization should reject requests without Bearer prefix","status":"skipped","title":"should reject requests without Bearer prefix","failureMessages":[],"meta":{}},{"ancestorTitles":["Post-Deployment Smoke Tests","API Response Format"],"fullName":"Post-Deployment Smoke Tests API Response Format should return valid JSON with proper Content-Type header","status":"skipped","title":"should return valid JSON with proper Content-Type header","failureMessages":[],"meta":{}},{"ancestorTitles":["Post-Deployment Smoke Tests","API Response Format"],"fullName":"Post-Deployment Smoke Tests API Response Format health response should include timestamp","status":"skipped","title":"health response should include timestamp","failureMessages":[],"meta":{}},{"ancestorTitles":["Post-Deployment Smoke Tests","API Response Format"],"fullName":"Post-Deployment Smoke Tests API Response Format should not expose sensitive information in responses","status":"skipped","title":"should not expose sensitive information in responses","failureMessages":[],"meta":{}},{"ancestorTitles":["Post-Deployment Smoke Tests","Error Handling"],"fullName":"Post-Deployment Smoke Tests Error Handling should return 404 for non-existent endpoints","status":"skipped","title":"should return 404 for non-existent endpoints","failureMessages":[],"meta":{}},{"ancestorTitles":["Post-Deployment Smoke Tests","Error Handling"],"fullName":"Post-Deployment Smoke Tests Error Handling should return 405 for unsupported HTTP methods","status":"skipped","title":"should return 405 for unsupported HTTP methods","failureMessages":[],"meta":{}},{"ancestorTitles":["Post-Deployment Smoke Tests","Error Handling"],"fullName":"Post-Deployment Smoke Tests Error Handling should handle malformed JSON gracefully","status":"skipped","title":"should handle malformed JSON gracefully","failureMessages":[],"meta":{}},{"ancestorTitles":["Post-Deployment Smoke Tests","Error Handling"],"fullName":"Post-Deployment Smoke Tests Error Handling should return meaningful error messages","status":"skipped","title":"should return meaningful error messages","failureMessages":[],"meta":{}},{"ancestorTitles":["Post-Deployment Smoke Tests","Database Connectivity"],"fullName":"Post-Deployment Smoke Tests Database Connectivity health endpoint should report database status","status":"skipped","title":"health endpoint should report database status","failureMessages":[],"meta":{}},{"ancestorTitles":["Post-Deployment Smoke Tests","Database Connectivity"],"fullName":"Post-Deployment Smoke Tests Database Connectivity readiness endpoint should validate database access","status":"skipped","title":"readiness endpoint should validate database access","failureMessages":[],"meta":{}},{"ancestorTitles":["Post-Deployment Smoke Tests","Environment & Configuration"],"fullName":"Post-Deployment Smoke Tests Environment & Configuration should have required environment variables configured","status":"skipped","title":"should have required environment variables configured","failureMessages":[],"meta":{}},{"ancestorTitles":["Post-Deployment Smoke Tests","Environment & Configuration"],"fullName":"Post-Deployment Smoke Tests Environment & Configuration deployment should identify itself correctly","status":"skipped","title":"deployment should identify itself correctly","failureMessages":[],"meta":{}},{"ancestorTitles":["Post-Deployment Smoke Tests","Environment & Configuration"],"fullName":"Post-Deployment Smoke Tests Environment & Configuration should include deployment timestamp in status","status":"skipped","title":"should include deployment timestamp in status","failureMessages":[],"meta":{}},{"ancestorTitles":["Post-Deployment Smoke Tests","Rate Limiting & Throttling"],"fullName":"Post-Deployment Smoke Tests Rate Limiting & Throttling should enforce rate limits on repeated requests","status":"skipped","title":"should enforce rate limits on repeated requests","failureMessages":[],"meta":{}},{"ancestorTitles":["Post-Deployment Smoke Tests","Security Headers"],"fullName":"Post-Deployment Smoke Tests Security Headers responses should include security headers","status":"skipped","title":"responses should include security headers","failureMessages":[],"meta":{}},{"ancestorTitles":["Post-Deployment Smoke Tests","Security Headers"],"fullName":"Post-Deployment Smoke Tests Security Headers should not leak server technology details","status":"skipped","title":"should not leak server technology details","failureMessages":[],"meta":{}},{"ancestorTitles":["Post-Deployment Smoke Tests","Latency Assertions"],"fullName":"Post-Deployment Smoke Tests Latency Assertions health check should complete within 2 seconds","status":"skipped","title":"health check should complete within 2 seconds","failureMessages":[],"meta":{}},{"ancestorTitles":["Post-Deployment Smoke Tests","Latency Assertions"],"fullName":"Post-Deployment Smoke Tests Latency Assertions status endpoint should complete within 1.5 seconds","status":"skipped","title":"status endpoint should complete within 1.5 seconds","failureMessages":[],"meta":{}},{"ancestorTitles":["Post-Deployment Smoke Tests","Latency Assertions"],"fullName":"Post-Deployment Smoke Tests Latency Assertions readiness check should complete within 5 seconds","status":"skipped","title":"readiness check should complete within 5 seconds","failureMessages":[],"meta":{}},{"ancestorTitles":["Post-Deployment Smoke Tests","Stripe Integration"],"fullName":"Post-Deployment Smoke Tests Stripe Integration webhook endpoint should be reachable","status":"skipped","title":"webhook endpoint should be reachable","failureMessages":[],"meta":{}},{"ancestorTitles":["Post-Deployment Smoke Tests","Stripe Integration"],"fullName":"Post-Deployment Smoke Tests Stripe Integration should validate webhook signatures","status":"skipped","title":"should validate webhook signatures","failureMessages":[],"meta":{}},{"ancestorTitles":["Post-Deployment Smoke Tests","Rollback & Degradation Detection"],"fullName":"Post-Deployment Smoke Tests Rollback & Degradation Detection should provide clear error messages when required env vars are missing","status":"skipped","title":"should provide clear error messages when required env vars are missing","failureMessages":[],"meta":{}},{"ancestorTitles":["Post-Deployment Smoke Tests","Rollback & Degradation Detection"],"fullName":"Post-Deployment Smoke Tests Rollback & Degradation Detection should not silently fail when dependencies are missing","status":"skipped","title":"should not silently fail when dependencies are missing","failureMessages":[],"meta":{}},{"ancestorTitles":["Post-Deployment Smoke Tests","Smoke Test Readiness"],"fullName":"Post-Deployment Smoke Tests Smoke Test Readiness should pass baseline smoke tests","status":"skipped","title":"should pass baseline smoke tests","failureMessages":[],"meta":{}},{"ancestorTitles":["Post-Deployment Smoke Tests","Smoke Test Readiness"],"fullName":"Post-Deployment Smoke Tests Smoke Test Readiness should support deployment validation workflow","status":"skipped","title":"should support deployment validation workflow","failureMessages":[],"meta":{}}],"startTime":1781494596364,"endTime":1781494596364,"status":"passed","message":"","name":"/data/data/com.termux/files/home/tdealer01-crypto-dsg-control-plane/tests/smoke/deployment.test.ts"},{"assertionResults":[{"ancestorTitles":["Android executor (Appium-driven)"],"fullName":"Android executor (Appium-driven) dry_run: app allowed, no Appium launched, does not touch device","status":"passed","title":"dry_run: app allowed, no Appium launched, does not touch device","duration":41.56755199999998,"failureMessages":[],"meta":{}},{"ancestorTitles":["Android executor (Appium-driven)"],"fullName":"Android executor (Appium-driven) blocks an app that is not in the allowlist","status":"passed","title":"blocks an app that is not in the allowlist","duration":3.2260419999997794,"failureMessages":[],"meta":{}},{"ancestorTitles":["Android executor (Appium-driven)"],"fullName":"Android executor (Appium-driven) blocks live mode when HERMES_ANDROID_LIVE env flag is not set","status":"passed","title":"blocks live mode when HERMES_ANDROID_LIVE env flag is not set","duration":3.555521000000226,"failureMessages":[],"meta":{}},{"ancestorTitles":["Android executor (Appium-driven)"],"fullName":"Android executor (Appium-driven) blocks a credential action before launching Appium","status":"passed","title":"blocks a credential action before launching Appium","duration":4.147447999999713,"failureMessages":[],"meta":{}},{"ancestorTitles":["Android executor (Appium-driven)"],"fullName":"Android executor (Appium-driven) returns proper trace structure with expected fields","status":"passed","title":"returns proper trace structure with expected fields","duration":12.603280999999697,"failureMessages":[],"meta":{}}],"startTime":1781494706017,"endTime":1781494706083.6033,"status":"passed","message":"","name":"/data/data/com.termux/files/home/tdealer01-crypto-dsg-control-plane/tests/integration/android-executor.e2e.test.ts"},{"assertionResults":[{"ancestorTitles":["LIVE: Appium drives a real Android app"],"fullName":"LIVE: Appium drives a real Android app executes click action on Settings app, captures evidence","status":"skipped","title":"executes click action on Settings app, captures evidence","failureMessages":[],"meta":{}}],"startTime":1781494596364,"endTime":1781494596364,"status":"passed","message":"","name":"/data/data/com.termux/files/home/tdealer01-crypto-dsg-control-plane/tests/integration/android-live-demo.manual.test.ts"},{"assertionResults":[{"ancestorTitles":["Delegation Audit Recorder - Recording Actions"],"fullName":"Delegation Audit Recorder - Recording Actions should record ALLOW action without DB","status":"passed","title":"should record ALLOW action without DB","duration":31.438125000000127,"failureMessages":[],"meta":{}},{"ancestorTitles":["Delegation Audit Recorder - Recording Actions"],"fullName":"Delegation Audit Recorder - Recording Actions should record BLOCK action without DB","status":"passed","title":"should record BLOCK action without DB","duration":3.6005730000001677,"failureMessages":[],"meta":{}},{"ancestorTitles":["Delegation Audit Recorder - Recording Actions"],"fullName":"Delegation Audit Recorder - Recording Actions should record action with optional target","status":"passed","title":"should record action with optional target","duration":2.414010999999846,"failureMessages":[],"meta":{}},{"ancestorTitles":["Delegation Audit Recorder - Recording Actions"],"fullName":"Delegation Audit Recorder - Recording Actions should generate unique eventIds for same input","status":"passed","title":"should generate unique eventIds for same input","duration":8.04192699999976,"failureMessages":[],"meta":{}},{"ancestorTitles":["Delegation Audit Recorder - Recording Actions"],"fullName":"Delegation Audit Recorder - Recording Actions should generate different timestamps for different events","status":"passed","title":"should generate different timestamps for different events","duration":37.24062499999991,"failureMessages":[],"meta":{}},{"ancestorTitles":["Delegation Audit Recorder - Recording Actions"],"fullName":"Delegation Audit Recorder - Recording Actions should generate different hashes for different eventIds","status":"passed","title":"should generate different hashes for different eventIds","duration":3.547395999999935,"failureMessages":[],"meta":{}},{"ancestorTitles":["Delegation Audit Recorder - Convenience Functions"],"fullName":"Delegation Audit Recorder - Convenience Functions should record allow action with helper","status":"passed","title":"should record allow action with helper","duration":6.43729200000007,"failureMessages":[],"meta":{}},{"ancestorTitles":["Delegation Audit Recorder - Convenience Functions"],"fullName":"Delegation Audit Recorder - Convenience Functions should record allow action with default reason","status":"passed","title":"should record allow action with default reason","duration":2.2206770000002507,"failureMessages":[],"meta":{}},{"ancestorTitles":["Delegation Audit Recorder - Convenience Functions"],"fullName":"Delegation Audit Recorder - Convenience Functions should record block action with helper","status":"passed","title":"should record block action with helper","duration":2.7450520000002143,"failureMessages":[],"meta":{}},{"ancestorTitles":["Delegation Audit Recorder - Convenience Functions"],"fullName":"Delegation Audit Recorder - Convenience Functions should record block action with default reason","status":"passed","title":"should record block action with default reason","duration":2.411561999999776,"failureMessages":[],"meta":{}},{"ancestorTitles":["Delegation Audit Recorder - Hash Chain Integrity"],"fullName":"Delegation Audit Recorder - Hash Chain Integrity should create valid hash for single event","status":"passed","title":"should create valid hash for single event","duration":11.413020999999844,"failureMessages":[],"meta":{}},{"ancestorTitles":["Delegation Audit Recorder - Hash Chain Integrity"],"fullName":"Delegation Audit Recorder - Hash Chain Integrity should create valid individual event hashes without DB","status":"passed","title":"should create valid individual event hashes without DB","duration":20.326458000000002,"failureMessages":[],"meta":{}},{"ancestorTitles":["Delegation Audit Recorder - Hash Chain Integrity"],"fullName":"Delegation Audit Recorder - Hash Chain Integrity should handle multiple actions per delegation","status":"passed","title":"should handle multiple actions per delegation","duration":16.28526099999999,"failureMessages":[],"meta":{}},{"ancestorTitles":["Delegation Audit Recorder - Hash Chain Integrity"],"fullName":"Delegation Audit Recorder - Hash Chain Integrity should handle mixed ALLOW and BLOCK decisions","status":"passed","title":"should handle mixed ALLOW and BLOCK decisions","duration":4.4464060000000245,"failureMessages":[],"meta":{}},{"ancestorTitles":["Delegation Audit Recorder - Hash Chain Integrity"],"fullName":"Delegation Audit Recorder - Hash Chain Integrity should handle different risk levels","status":"passed","title":"should handle different risk levels","duration":7.079584000000068,"failureMessages":[],"meta":{}},{"ancestorTitles":["Delegation Audit Recorder - Edge Cases"],"fullName":"Delegation Audit Recorder - Edge Cases should handle empty evidenceJson","status":"passed","title":"should handle empty evidenceJson","duration":4.599271000000044,"failureMessages":[],"meta":{}},{"ancestorTitles":["Delegation Audit Recorder - Edge Cases"],"fullName":"Delegation Audit Recorder - Edge Cases should handle complex evidenceJson","status":"passed","title":"should handle complex evidenceJson","duration":2.504479000000174,"failureMessages":[],"meta":{}},{"ancestorTitles":["Delegation Audit Recorder - Edge Cases"],"fullName":"Delegation Audit Recorder - Edge Cases should handle all risk levels","status":"passed","title":"should handle all risk levels","duration":15.34427100000039,"failureMessages":[],"meta":{}},{"ancestorTitles":["Delegation Audit Recorder - Edge Cases"],"fullName":"Delegation Audit Recorder - Edge Cases should handle very long reason text","status":"passed","title":"should handle very long reason text","duration":6.126354999999876,"failureMessages":[],"meta":{}},{"ancestorTitles":["Delegation Audit Recorder - Edge Cases"],"fullName":"Delegation Audit Recorder - Edge Cases should handle unicode in action and target","status":"passed","title":"should handle unicode in action and target","duration":2.2652610000000095,"failureMessages":[],"meta":{}},{"ancestorTitles":["Delegation Audit Recorder - Event Properties"],"fullName":"Delegation Audit Recorder - Event Properties should record createdAt timestamp","status":"passed","title":"should record createdAt timestamp","duration":3.298957999999857,"failureMessages":[],"meta":{}},{"ancestorTitles":["Delegation Audit Recorder - Event Properties"],"fullName":"Delegation Audit Recorder - Event Properties should record all required fields","status":"passed","title":"should record all required fields","duration":3.9769270000001598,"failureMessages":[],"meta":{}}],"startTime":1781494665855,"endTime":1781494666063.9768,"status":"passed","message":"","name":"/data/data/com.termux/files/home/tdealer01-crypto-dsg-control-plane/tests/integration/delegation-audit-recorder.test.ts"},{"assertionResults":[{"ancestorTitles":["User-Delegated AGI Runtime E2E","Complete delegation workflow"],"fullName":"User-Delegated AGI Runtime E2E Complete delegation workflow should execute complete workflow: goal → plan → verify → execute → audit","status":"skipped","title":"should execute complete workflow: goal → plan → verify → execute → audit","failureMessages":[],"meta":{}},{"ancestorTitles":["User-Delegated AGI Runtime E2E","Complete delegation workflow"],"fullName":"User-Delegated AGI Runtime E2E Complete delegation workflow should block if HIGH action attempted without confirmation","status":"skipped","title":"should block if HIGH action attempted without confirmation","failureMessages":[],"meta":{}},{"ancestorTitles":["User-Delegated AGI Runtime E2E","Complete delegation workflow"],"fullName":"User-Delegated AGI Runtime E2E Complete delegation workflow should detect tampered audit event via hash mismatch","status":"skipped","title":"should detect tampered audit event via hash mismatch","failureMessages":[],"meta":{}},{"ancestorTitles":["User-Delegated AGI Runtime E2E","Complete delegation workflow"],"fullName":"User-Delegated AGI Runtime E2E Complete delegation workflow should enforce expiration on delegations","status":"skipped","title":"should enforce expiration on delegations","failureMessages":[],"meta":{}}],"startTime":1781494596364,"endTime":1781494596364,"status":"passed","message":"","name":"/data/data/com.termux/files/home/tdealer01-crypto-dsg-control-plane/tests/integration/delegation-end-to-end.test.ts"},{"assertionResults":[{"ancestorTitles":["Delegation Multi-Agent Isolation","Concurrent agent execution isolation"],"fullName":"Delegation Multi-Agent Isolation Concurrent agent execution isolation should isolate jobs for different agents on same user","status":"skipped","title":"should isolate jobs for different agents on same user","failureMessages":[],"meta":{}},{"ancestorTitles":["Delegation Multi-Agent Isolation","Concurrent agent execution isolation"],"fullName":"Delegation Multi-Agent Isolation Concurrent agent execution isolation should isolate audit trails by delegation","status":"skipped","title":"should isolate audit trails by delegation","failureMessages":[],"meta":{}},{"ancestorTitles":["Delegation Multi-Agent Isolation","Concurrent agent execution isolation"],"fullName":"Delegation Multi-Agent Isolation Concurrent agent execution isolation should prevent cross-org data access through index isolation","status":"skipped","title":"should prevent cross-org data access through index isolation","failureMessages":[],"meta":{}},{"ancestorTitles":["Delegation Multi-Agent Isolation","Concurrent agent execution isolation"],"fullName":"Delegation Multi-Agent Isolation Concurrent agent execution isolation should isolate confirmation requests by delegation","status":"skipped","title":"should isolate confirmation requests by delegation","failureMessages":[],"meta":{}},{"ancestorTitles":["Delegation Multi-Agent Isolation","Concurrent agent execution isolation"],"fullName":"Delegation Multi-Agent Isolation Concurrent agent execution isolation should efficiently query jobs by status and org","status":"skipped","title":"should efficiently query jobs by status and org","failureMessages":[],"meta":{}},{"ancestorTitles":["Delegation Multi-Agent Isolation","Confirmation request isolation"],"fullName":"Delegation Multi-Agent Isolation Confirmation request isolation should prevent expired confirmation from being approved","status":"skipped","title":"should prevent expired confirmation from being approved","failureMessages":[],"meta":{}}],"startTime":1781494596364,"endTime":1781494596364,"status":"passed","message":"","name":"/data/data/com.termux/files/home/tdealer01-crypto-dsg-control-plane/tests/integration/delegation-multiagent.test.ts"},{"assertionResults":[{"ancestorTitles":["Delegation Permission Gate","checkDelegationPermission - Risk-based decisions"],"fullName":"Delegation Permission Gate checkDelegationPermission - Risk-based decisions should ALLOW LOW risk action that is in allowedActions","status":"passed","title":"should ALLOW LOW risk action that is in allowedActions","duration":15.67385400000012,"failureMessages":[],"meta":{}},{"ancestorTitles":["Delegation Permission Gate","checkDelegationPermission - Risk-based decisions"],"fullName":"Delegation Permission Gate checkDelegationPermission - Risk-based decisions should REVIEW MEDIUM risk action that is in allowedActions","status":"passed","title":"should REVIEW MEDIUM risk action that is in allowedActions","duration":4.9633859999999,"failureMessages":[],"meta":{}},{"ancestorTitles":["Delegation Permission Gate","checkDelegationPermission - Risk-based decisions"],"fullName":"Delegation Permission Gate checkDelegationPermission - Risk-based decisions should REVIEW HIGH risk action even if in allowedActions","status":"passed","title":"should REVIEW HIGH risk action even if in allowedActions","duration":2.2761459999996987,"failureMessages":[],"meta":{}},{"ancestorTitles":["Delegation Permission Gate","checkDelegationPermission - Risk-based decisions"],"fullName":"Delegation Permission Gate checkDelegationPermission - Risk-based decisions should REVIEW CRITICAL risk action","status":"passed","title":"should REVIEW CRITICAL risk action","duration":4.042083000000275,"failureMessages":[],"meta":{}},{"ancestorTitles":["Delegation Permission Gate","checkDelegationPermission - Blocked actions"],"fullName":"Delegation Permission Gate checkDelegationPermission - Blocked actions should BLOCK action that is in blockedActions","status":"passed","title":"should BLOCK action that is in blockedActions","duration":2.9341139999996813,"failureMessages":[],"meta":{}},{"ancestorTitles":["Delegation Permission Gate","checkDelegationPermission - Blocked actions"],"fullName":"Delegation Permission Gate checkDelegationPermission - Blocked actions should ALLOW unknown action if tool wildcard is present","status":"passed","title":"should ALLOW unknown action if tool wildcard is present","duration":2.735313000000133,"failureMessages":[],"meta":{}},{"ancestorTitles":["Delegation Permission Gate","checkDelegationPermission - Confirmation overrides"],"fullName":"Delegation Permission Gate checkDelegationPermission - Confirmation overrides should REVIEW action that requires confirmation even if LOW risk","status":"passed","title":"should REVIEW action that requires confirmation even if LOW risk","duration":3.102603999999701,"failureMessages":[],"meta":{}},{"ancestorTitles":["Delegation Permission Gate","checkDelegationPermission - Confirmation overrides"],"fullName":"Delegation Permission Gate checkDelegationPermission - Confirmation overrides should REVIEW action with step-level requiresConfirmation flag","status":"passed","title":"should REVIEW action with step-level requiresConfirmation flag","duration":3.046302000000196,"failureMessages":[],"meta":{}},{"ancestorTitles":["Delegation Permission Gate","checkDelegationPermission - Wildcard actions"],"fullName":"Delegation Permission Gate checkDelegationPermission - Wildcard actions should ALLOW action with tool wildcard in allowedActions","status":"passed","title":"should ALLOW action with tool wildcard in allowedActions","duration":2.1849999999999454,"failureMessages":[],"meta":{}},{"ancestorTitles":["Delegation Permission Gate","checkDelegationPermission - Expired delegation"],"fullName":"Delegation Permission Gate checkDelegationPermission - Expired delegation should BLOCK action when delegation is expired","status":"passed","title":"should BLOCK action when delegation is expired","duration":3.099583000000166,"failureMessages":[],"meta":{}},{"ancestorTitles":["Delegation Permission Gate","checkDelegationPermission - Null delegation"],"fullName":"Delegation Permission Gate checkDelegationPermission - Null delegation should BLOCK action when delegation is null","status":"passed","title":"should BLOCK action when delegation is null","duration":1.923385000000053,"failureMessages":[],"meta":{}},{"ancestorTitles":["Delegation Permission Gate","checkDelegationPermission - Context awareness"],"fullName":"Delegation Permission Gate checkDelegationPermission - Context awareness should include user presence in evidence when context provided","status":"passed","title":"should include user presence in evidence when context provided","duration":1.7695840000001226,"failureMessages":[],"meta":{}},{"ancestorTitles":["Delegation Permission Gate","Helper functions","isActionBlocked"],"fullName":"Delegation Permission Gate Helper functions isActionBlocked should return true for blocked actions","status":"passed","title":"should return true for blocked actions","duration":1.822812999999769,"failureMessages":[],"meta":{}},{"ancestorTitles":["Delegation Permission Gate","Helper functions","isActionBlocked"],"fullName":"Delegation Permission Gate Helper functions isActionBlocked should return false for allowed actions","status":"passed","title":"should return false for allowed actions","duration":1.2706250000001091,"failureMessages":[],"meta":{}},{"ancestorTitles":["Delegation Permission Gate","Helper functions","isActionBlocked"],"fullName":"Delegation Permission Gate Helper functions isActionBlocked should return true for null delegation","status":"passed","title":"should return true for null delegation","duration":1.7986460000001898,"failureMessages":[],"meta":{}},{"ancestorTitles":["Delegation Permission Gate","Helper functions","isActionAllowed"],"fullName":"Delegation Permission Gate Helper functions isActionAllowed should return true for allowed actions","status":"passed","title":"should return true for allowed actions","duration":2.098229000000174,"failureMessages":[],"meta":{}},{"ancestorTitles":["Delegation Permission Gate","Helper functions","isActionAllowed"],"fullName":"Delegation Permission Gate Helper functions isActionAllowed should return false for blocked actions","status":"passed","title":"should return false for blocked actions","duration":1.5262500000003456,"failureMessages":[],"meta":{}},{"ancestorTitles":["Delegation Permission Gate","Helper functions","isActionAllowed"],"fullName":"Delegation Permission Gate Helper functions isActionAllowed should return false for unknown actions when no wildcard","status":"passed","title":"should return false for unknown actions when no wildcard","duration":2.093073000000004,"failureMessages":[],"meta":{}},{"ancestorTitles":["Delegation Permission Gate","Helper functions","isActionAllowed"],"fullName":"Delegation Permission Gate Helper functions isActionAllowed should return false for null delegation","status":"passed","title":"should return false for null delegation","duration":1.803124999999909,"failureMessages":[],"meta":{}},{"ancestorTitles":["Delegation Permission Gate","Helper functions","isActionAllowed"],"fullName":"Delegation Permission Gate Helper functions isActionAllowed should support wildcard matches","status":"passed","title":"should support wildcard matches","duration":1.5942709999999352,"failureMessages":[],"meta":{}},{"ancestorTitles":["Delegation Permission Gate","Helper functions","requiresConfirmation"],"fullName":"Delegation Permission Gate Helper functions requiresConfirmation should return true for actions in requiresUserConfirm","status":"passed","title":"should return true for actions in requiresUserConfirm","duration":1.9158849999998893,"failureMessages":[],"meta":{}},{"ancestorTitles":["Delegation Permission Gate","Helper functions","requiresConfirmation"],"fullName":"Delegation Permission Gate Helper functions requiresConfirmation should return false for other actions","status":"passed","title":"should return false for other actions","duration":1.2836460000003171,"failureMessages":[],"meta":{}},{"ancestorTitles":["Delegation Permission Gate","Helper functions","requiresConfirmation"],"fullName":"Delegation Permission Gate Helper functions requiresConfirmation should return true for null delegation","status":"passed","title":"should return true for null delegation","duration":1.467239999999947,"failureMessages":[],"meta":{}},{"ancestorTitles":["Delegation Permission Gate","End-to-end delegation scenarios"],"fullName":"Delegation Permission Gate End-to-end delegation scenarios should handle a simple allowed action flow","status":"passed","title":"should handle a simple allowed action flow","duration":2.2332289999999375,"failureMessages":[],"meta":{}},{"ancestorTitles":["Delegation Permission Gate","End-to-end delegation scenarios"],"fullName":"Delegation Permission Gate End-to-end delegation scenarios should handle a blocked action flow","status":"passed","title":"should handle a blocked action flow","duration":1.8941150000000562,"failureMessages":[],"meta":{}},{"ancestorTitles":["Delegation Permission Gate","End-to-end delegation scenarios"],"fullName":"Delegation Permission Gate End-to-end delegation scenarios should handle a confirmation-required flow","status":"passed","title":"should handle a confirmation-required flow","duration":2.034740000000056,"failureMessages":[],"meta":{}}],"startTime":1781494675046,"endTime":1781494675128.0347,"status":"passed","message":"","name":"/data/data/com.termux/files/home/tdealer01-crypto-dsg-control-plane/tests/integration/delegation-permission-gate.test.ts"},{"assertionResults":[{"ancestorTitles":["Safe DOM Browserbase Integration","captureLiveDOM"],"fullName":"Safe DOM Browserbase Integration captureLiveDOM should capture DOM structure from Browserbase","status":"passed","title":"should capture DOM structure from Browserbase","duration":16.847135000000435,"failureMessages":[],"meta":{}},{"ancestorTitles":["Safe DOM Browserbase Integration","captureLiveDOM"],"fullName":"Safe DOM Browserbase Integration captureLiveDOM should throw error when API key is missing","status":"passed","title":"should throw error when API key is missing","duration":27.348488999999972,"failureMessages":[],"meta":{}},{"ancestorTitles":["Safe DOM Browserbase Integration","persistManifest"],"fullName":"Safe DOM Browserbase Integration persistManifest should persist manifest to database","status":"passed","title":"should persist manifest to database","duration":12.05947900000001,"failureMessages":[],"meta":{}},{"ancestorTitles":["Safe DOM Browserbase Integration","persistManifest"],"fullName":"Safe DOM Browserbase Integration persistManifest should set default expiration to 5 minutes","status":"passed","title":"should set default expiration to 5 minutes","duration":4.859478999999737,"failureMessages":[],"meta":{}},{"ancestorTitles":["Safe DOM Browserbase Integration","verifySafeDomIntentOrFail"],"fullName":"Safe DOM Browserbase Integration verifySafeDomIntentOrFail should verify allowed click action on button","status":"passed","title":"should verify allowed click action on button","duration":8.473801999999978,"failureMessages":[],"meta":{}},{"ancestorTitles":["Safe DOM Browserbase Integration","verifySafeDomIntentOrFail"],"fullName":"Safe DOM Browserbase Integration verifySafeDomIntentOrFail should verify allowed type action on input","status":"passed","title":"should verify allowed type action on input","duration":5.088125000000218,"failureMessages":[],"meta":{}},{"ancestorTitles":["Safe DOM Browserbase Integration","verifySafeDomIntentOrFail"],"fullName":"Safe DOM Browserbase Integration verifySafeDomIntentOrFail should block disallowed action on element","status":"passed","title":"should block disallowed action on element","duration":4.668021000000408,"failureMessages":[],"meta":{}},{"ancestorTitles":["Safe DOM Browserbase Integration","verifySafeDomIntentOrFail"],"fullName":"Safe DOM Browserbase Integration verifySafeDomIntentOrFail should reject unknown element ID","status":"passed","title":"should reject unknown element ID","duration":8.413802999999916,"failureMessages":[],"meta":{}},{"ancestorTitles":["Safe DOM Browserbase Integration","verifySafeDomIntentOrFail"],"fullName":"Safe DOM Browserbase Integration verifySafeDomIntentOrFail should reject expired manifest","status":"passed","title":"should reject expired manifest","duration":5.074947999999949,"failureMessages":[],"meta":{}},{"ancestorTitles":["Safe DOM Browserbase Integration","verifySafeDomIntentOrFail"],"fullName":"Safe DOM Browserbase Integration verifySafeDomIntentOrFail should reject manifest for different frame ID","status":"passed","title":"should reject manifest for different frame ID","duration":7.602813000000424,"failureMessages":[],"meta":{}},{"ancestorTitles":["Safe DOM Browserbase Integration","executeVerifiedCommand"],"fullName":"Safe DOM Browserbase Integration executeVerifiedCommand should execute verified command through Browserbase","status":"passed","title":"should execute verified command through Browserbase","duration":3.933541999999761,"failureMessages":[],"meta":{}},{"ancestorTitles":["Safe DOM Browserbase Integration","executeVerifiedCommand"],"fullName":"Safe DOM Browserbase Integration executeVerifiedCommand should throw error when API key is missing","status":"passed","title":"should throw error when API key is missing","duration":1.5920830000000024,"failureMessages":[],"meta":{}},{"ancestorTitles":["Safe DOM Browserbase Integration","buildAndPersistManifest"],"fullName":"Safe DOM Browserbase Integration buildAndPersistManifest should build and persist manifest end-to-end","status":"passed","title":"should build and persist manifest end-to-end","duration":2.8619269999999233,"failureMessages":[],"meta":{}},{"ancestorTitles":["Safe DOM Browserbase Integration","buildAndPersistManifest"],"fullName":"Safe DOM Browserbase Integration buildAndPersistManifest should extract clickable elements from DOM","status":"passed","title":"should extract clickable elements from DOM","duration":1.0572919999999613,"failureMessages":[],"meta":{}},{"ancestorTitles":["Safe DOM Browserbase Integration","Cross-session tampering protection"],"fullName":"Safe DOM Browserbase Integration Cross-session tampering protection should prevent executing commands from different session","status":"passed","title":"should prevent executing commands from different session","duration":1.4022909999998774,"failureMessages":[],"meta":{}},{"ancestorTitles":["Safe DOM Browserbase Integration","Cross-session tampering protection"],"fullName":"Safe DOM Browserbase Integration Cross-session tampering protection should track unique session/frame combinations","status":"passed","title":"should track unique session/frame combinations","duration":2.5942190000000664,"failureMessages":[],"meta":{}}],"startTime":1781494652652,"endTime":1781494652776.5942,"status":"passed","message":"","name":"/data/data/com.termux/files/home/tdealer01-crypto-dsg-control-plane/tests/integration/dsg-safe-dom-browserbase.test.ts"},{"assertionResults":[{"ancestorTitles":["Virtual PC + Safe DOM Integration","Test 1: Extract DOM from simulated React component"],"fullName":"Virtual PC + Safe DOM Integration Test 1: Extract DOM from simulated React component should build manifest from raw elements","status":"passed","title":"should build manifest from raw elements","duration":48.95708400000012,"failureMessages":[],"meta":{}},{"ancestorTitles":["Virtual PC + Safe DOM Integration","Test 1: Extract DOM from simulated React component"],"fullName":"Virtual PC + Safe DOM Integration Test 1: Extract DOM from simulated React component should assign unique IDs to elements","status":"passed","title":"should assign unique IDs to elements","duration":8.63916700000027,"failureMessages":[],"meta":{}},{"ancestorTitles":["Virtual PC + Safe DOM Integration","Test 1: Extract DOM from simulated React component"],"fullName":"Virtual PC + Safe DOM Integration Test 1: Extract DOM from simulated React component should preserve element properties in safe view","status":"passed","title":"should preserve element properties in safe view","duration":4.249271000000135,"failureMessages":[],"meta":{}},{"ancestorTitles":["Virtual PC + Safe DOM Integration","Test 1: Extract DOM from simulated React component"],"fullName":"Virtual PC + Safe DOM Integration Test 1: Extract DOM from simulated React component should not expose selectors to agent","status":"passed","title":"should not expose selectors to agent","duration":12.638437999999951,"failureMessages":[],"meta":{}},{"ancestorTitles":["Virtual PC + Safe DOM Integration","Test 2: Filter dangerous elements (delete button removed)"],"fullName":"Virtual PC + Safe DOM Integration Test 2: Filter dangerous elements (delete button removed) should filter high-risk elements","status":"passed","title":"should filter high-risk elements","duration":4.121042000000216,"failureMessages":[],"meta":{}},{"ancestorTitles":["Virtual PC + Safe DOM Integration","Test 2: Filter dangerous elements (delete button removed)"],"fullName":"Virtual PC + Safe DOM Integration Test 2: Filter dangerous elements (delete button removed) should keep safe elements","status":"passed","title":"should keep safe elements","duration":2.444062000000031,"failureMessages":[],"meta":{}},{"ancestorTitles":["Virtual PC + Safe DOM Integration","Test 2: Filter dangerous elements (delete button removed)"],"fullName":"Virtual PC + Safe DOM Integration Test 2: Filter dangerous elements (delete button removed) should not filter when disabled","status":"passed","title":"should not filter when disabled","duration":1.541613999999754,"failureMessages":[],"meta":{}},{"ancestorTitles":["Virtual PC + Safe DOM Integration","Test 2: Filter dangerous elements (delete button removed)"],"fullName":"Virtual PC + Safe DOM Integration Test 2: Filter dangerous elements (delete button removed) should assess risk levels correctly","status":"passed","title":"should assess risk levels correctly","duration":4.5122919999998885,"failureMessages":[],"meta":{}},{"ancestorTitles":["Virtual PC + Safe DOM Integration","Test 3: Redact secrets (hidden values)"],"fullName":"Virtual PC + Safe DOM Integration Test 3: Redact secrets (hidden values) should detect Stripe keys","status":"passed","title":"should detect Stripe keys","duration":2.4627080000000205,"failureMessages":[],"meta":{}},{"ancestorTitles":["Virtual PC + Safe DOM Integration","Test 3: Redact secrets (hidden values)"],"fullName":"Virtual PC + Safe DOM Integration Test 3: Redact secrets (hidden values) should redact Stripe keys","status":"passed","title":"should redact Stripe keys","duration":1.5093229999997675,"failureMessages":[],"meta":{}},{"ancestorTitles":["Virtual PC + Safe DOM Integration","Test 3: Redact secrets (hidden values)"],"fullName":"Virtual PC + Safe DOM Integration Test 3: Redact secrets (hidden values) should not redact normal values","status":"passed","title":"should not redact normal values","duration":0.7349480000002586,"failureMessages":[],"meta":{}},{"ancestorTitles":["Virtual PC + Safe DOM Integration","Test 3: Redact secrets (hidden values)"],"fullName":"Virtual PC + Safe DOM Integration Test 3: Redact secrets (hidden values) should redact values in manifest","status":"passed","title":"should redact values in manifest","duration":1.6744269999999233,"failureMessages":[],"meta":{}},{"ancestorTitles":["Virtual PC + Safe DOM Integration","Test 3: Redact secrets (hidden values)"],"fullName":"Virtual PC + Safe DOM Integration Test 3: Redact secrets (hidden values) should not redact when disabled","status":"passed","title":"should not redact when disabled","duration":1.5158340000002681,"failureMessages":[],"meta":{}},{"ancestorTitles":["Virtual PC + Safe DOM Integration","Test 4: Allow valid click on e001 (logs button)"],"fullName":"Virtual PC + Safe DOM Integration Test 4: Allow valid click on e001 (logs button) should allow click on exposed element","status":"passed","title":"should allow click on exposed element","duration":2.7094790000001012,"failureMessages":[],"meta":{}},{"ancestorTitles":["Virtual PC + Safe DOM Integration","Test 4: Allow valid click on e001 (logs button)"],"fullName":"Virtual PC + Safe DOM Integration Test 4: Allow valid click on e001 (logs button) should execute and track allowed commands","status":"passed","title":"should execute and track allowed commands","duration":1.320625000000291,"failureMessages":[],"meta":{}},{"ancestorTitles":["Virtual PC + Safe DOM Integration","Test 4: Allow valid click on e001 (logs button)"],"fullName":"Virtual PC + Safe DOM Integration Test 4: Allow valid click on e001 (logs button) should allow typing on input elements","status":"passed","title":"should allow typing on input elements","duration":1.6626040000001012,"failureMessages":[],"meta":{}},{"ancestorTitles":["Virtual PC + Safe DOM Integration","Test 5: Block unknown element ID"],"fullName":"Virtual PC + Safe DOM Integration Test 5: Block unknown element ID should block commands for unknown elements","status":"passed","title":"should block commands for unknown elements","duration":1.2622919999998885,"failureMessages":[],"meta":{}},{"ancestorTitles":["Virtual PC + Safe DOM Integration","Test 5: Block unknown element ID"],"fullName":"Virtual PC + Safe DOM Integration Test 5: Block unknown element ID should provide clear block reason","status":"passed","title":"should provide clear block reason","duration":7.502187000000049,"failureMessages":[],"meta":{}},{"ancestorTitles":["Virtual PC + Safe DOM Integration","Test 6: Block expired manifest"],"fullName":"Virtual PC + Safe DOM Integration Test 6: Block expired manifest should block commands when manifest expires","status":"passed","title":"should block commands when manifest expires","duration":31.722396000000117,"failureMessages":[],"meta":{}},{"ancestorTitles":["Virtual PC + Safe DOM Integration","Test 7: TTL refresh on new request"],"fullName":"Virtual PC + Safe DOM Integration Test 7: TTL refresh on new request should extend TTL on refresh","status":"passed","title":"should extend TTL on refresh","duration":12.723385000000235,"failureMessages":[],"meta":{}},{"ancestorTitles":["Virtual PC + Safe DOM Integration","Test 7: TTL refresh on new request"],"fullName":"Virtual PC + Safe DOM Integration Test 7: TTL refresh on new request should allow commands after refresh","status":"passed","title":"should allow commands after refresh","duration":4.152239000000009,"failureMessages":[],"meta":{}},{"ancestorTitles":["Virtual PC + Safe DOM Integration","Integration scenarios"],"fullName":"Virtual PC + Safe DOM Integration Integration scenarios should handle complete workflow: extract > build > verify","status":"passed","title":"should handle complete workflow: extract > build > verify","duration":6.167865000000347,"failureMessages":[],"meta":{}},{"ancestorTitles":["Virtual PC + Safe DOM Integration","Integration scenarios"],"fullName":"Virtual PC + Safe DOM Integration Integration scenarios should prevent access to filtered elements","status":"passed","title":"should prevent access to filtered elements","duration":9.938228999999865,"failureMessages":[],"meta":{}},{"ancestorTitles":["Virtual PC + Safe DOM Integration","Manifest integrity"],"fullName":"Virtual PC + Safe DOM Integration Manifest integrity should maintain manifest consistency","status":"passed","title":"should maintain manifest consistency","duration":4.960364000000027,"failureMessages":[],"meta":{}},{"ancestorTitles":["Virtual PC + Safe DOM Integration","Manifest integrity"],"fullName":"Virtual PC + Safe DOM Integration Manifest integrity should never expose selectors in view","status":"passed","title":"should never expose selectors in view","duration":9.061561999999867,"failureMessages":[],"meta":{}}],"startTime":1781494668535,"endTime":1781494668733.0615,"status":"passed","message":"","name":"/data/data/com.termux/files/home/tdealer01-crypto-dsg-control-plane/tests/integration/dsg-safe-dom-virtual-pc.test.ts"},{"assertionResults":[{"ancestorTitles":["Hermes + ROM + Safe DOM + Browserbase dry-run E2E"],"fullName":"Hermes + ROM + Safe DOM + Browserbase dry-run E2E completes safe form submit in dry-run without touching real website","status":"passed","title":"completes safe form submit in dry-run without touching real website","duration":41.42723999999998,"failureMessages":[],"meta":{}},{"ancestorTitles":["Hermes + ROM + Safe DOM + Browserbase dry-run E2E"],"fullName":"Hermes + ROM + Safe DOM + Browserbase dry-run E2E blocks dangerous DOM element because it is not exposed to the agent","status":"passed","title":"blocks dangerous DOM element because it is not exposed to the agent","duration":8.503072999999858,"failureMessages":[],"meta":{}},{"ancestorTitles":["Hermes + ROM + Safe DOM + Browserbase dry-run E2E"],"fullName":"Hermes + ROM + Safe DOM + Browserbase dry-run E2E blocks secret/credential task before DOM execution","status":"passed","title":"blocks secret/credential task before DOM execution","duration":31.608646000000135,"failureMessages":[],"meta":{}}],"startTime":1781494677253,"endTime":1781494677335.6086,"status":"passed","message":"","name":"/data/data/com.termux/files/home/tdealer01-crypto-dsg-control-plane/tests/integration/hermes-browserbase-rom-dom.e2e.test.ts"},{"assertionResults":[{"ancestorTitles":["PHASE 6: Infinite Loop Protection — Final Integration Scenarios (6 Tests)","Scenario 1: Simple Loop Prevention"],"fullName":"PHASE 6: Infinite Loop Protection — Final Integration Scenarios (6 Tests) Scenario 1: Simple Loop Prevention Integration Test 1: Task fails 3 times with same fingerprint → 4th attempt blocked → stop reason MAX_RETRIES_EXCEEDED","status":"passed","title":"Integration Test 1: Task fails 3 times with same fingerprint → 4th attempt blocked → stop reason MAX_RETRIES_EXCEEDED","duration":30.24093700000003,"failureMessages":[],"meta":{}},{"ancestorTitles":["PHASE 6: Infinite Loop Protection — Final Integration Scenarios (6 Tests)","Scenario 2: Timeout Enforcement"],"fullName":"PHASE 6: Infinite Loop Protection — Final Integration Scenarios (6 Tests) Scenario 2: Timeout Enforcement Integration Test 2: Agent executes for 5+ minutes → execution stops with EXECUTION_TIMEOUT → queue items preserved","status":"passed","title":"Integration Test 2: Agent executes for 5+ minutes → execution stops with EXECUTION_TIMEOUT → queue items preserved","duration":10.560989000000063,"failureMessages":[],"meta":{}},{"ancestorTitles":["PHASE 6: Infinite Loop Protection — Final Integration Scenarios (6 Tests)","Scenario 3: Failure Cascade"],"fullName":"PHASE 6: Infinite Loop Protection — Final Integration Scenarios (6 Tests) Scenario 3: Failure Cascade Integration Test 3: 10+ tasks fail in sequence → stop reason TOO_MANY_FAILURES → execution gracefully halts","status":"passed","title":"Integration Test 3: 10+ tasks fail in sequence → stop reason TOO_MANY_FAILURES → execution gracefully halts","duration":29.73651000000018,"failureMessages":[],"meta":{}},{"ancestorTitles":["PHASE 6: Infinite Loop Protection — Final Integration Scenarios (6 Tests)","Scenario 4: Executor Overload Recovery"],"fullName":"PHASE 6: Infinite Loop Protection — Final Integration Scenarios (6 Tests) Scenario 4: Executor Overload Recovery Integration Test 4: All executor slots filled → new requests queued → slots released properly → queue processes released items","status":"passed","title":"Integration Test 4: All executor slots filled → new requests queued → slots released properly → queue processes released items","duration":10.125833000000057,"failureMessages":[],"meta":{}},{"ancestorTitles":["PHASE 6: Infinite Loop Protection — Final Integration Scenarios (6 Tests)","Scenario 5: Queue Cleanup Integration"],"fullName":"PHASE 6: Infinite Loop Protection — Final Integration Scenarios (6 Tests) Scenario 5: Queue Cleanup Integration Integration Test 5: Mix of RUNNING/COMPLETED/FAILED tasks → cleanup removes only safe items → protected items retained → DLQ receives stale pending items","status":"passed","title":"Integration Test 5: Mix of RUNNING/COMPLETED/FAILED tasks → cleanup removes only safe items → protected items retained → DLQ receives stale pending items","duration":15.395157000000381,"failureMessages":[],"meta":{}},{"ancestorTitles":["PHASE 6: Infinite Loop Protection — Final Integration Scenarios (6 Tests)","Scenario 6: Full Monitoring Coverage"],"fullName":"PHASE 6: Infinite Loop Protection — Final Integration Scenarios (6 Tests) Scenario 6: Full Monitoring Coverage Integration Test 6: System under load (high queue depth, multiple retries) → health endpoint metrics accurate → issues array populated → blocked fingerprints count correct","status":"passed","title":"Integration Test 6: System under load (high queue depth, multiple retries) → health endpoint metrics accurate → issues array populated → blocked fingerprints count correct","duration":6.6041660000000775,"failureMessages":[],"meta":{}},{"ancestorTitles":["PHASE 6: Infinite Loop Protection — Final Integration Scenarios (6 Tests)","Cross-Cutting Integration Tests"],"fullName":"PHASE 6: Infinite Loop Protection — Final Integration Scenarios (6 Tests) Cross-Cutting Integration Tests Integration: All 5 guards work together in realistic scenario","status":"passed","title":"Integration: All 5 guards work together in realistic scenario","duration":15.803957999999966,"failureMessages":[],"meta":{}},{"ancestorTitles":["PHASE 6: Infinite Loop Protection — Final Integration Scenarios (6 Tests)","Cross-Cutting Integration Tests"],"fullName":"PHASE 6: Infinite Loop Protection — Final Integration Scenarios (6 Tests) Cross-Cutting Integration Tests Integration: System resilience under cascading failures","status":"passed","title":"Integration: System resilience under cascading failures","duration":25.02260400000023,"failureMessages":[],"meta":{}},{"ancestorTitles":["PHASE 6: Infinite Loop Protection — Final Integration Scenarios (6 Tests)","Cross-Cutting Integration Tests"],"fullName":"PHASE 6: Infinite Loop Protection — Final Integration Scenarios (6 Tests) Cross-Cutting Integration Tests Integration: Monitoring detects degradation","status":"passed","title":"Integration: Monitoring detects degradation","duration":5.824478999999883,"failureMessages":[],"meta":{}}],"startTime":1781494654297,"endTime":1781494654452.8245,"status":"passed","message":"","name":"/data/data/com.termux/files/home/tdealer01-crypto-dsg-control-plane/tests/integration/infinite-loop-final-integration.test.ts"},{"assertionResults":[{"ancestorTitles":["PHASE 5: Infinite Loop Protection — Full Safety Guard Suite (16 Tests)","Guard 1: Task Fingerprint Detection"],"fullName":"PHASE 5: Infinite Loop Protection — Full Safety Guard Suite (16 Tests) Guard 1: Task Fingerprint Detection Test 1.1: Identical task fingerprints are generated correctly","status":"passed","title":"Test 1.1: Identical task fingerprints are generated correctly","duration":29.187760999999682,"failureMessages":[],"meta":{}},{"ancestorTitles":["PHASE 5: Infinite Loop Protection — Full Safety Guard Suite (16 Tests)","Guard 1: Task Fingerprint Detection"],"fullName":"PHASE 5: Infinite Loop Protection — Full Safety Guard Suite (16 Tests) Guard 1: Task Fingerprint Detection Test 1.2: Different tasks have different fingerprints","status":"passed","title":"Test 1.2: Different tasks have different fingerprints","duration":7.822032000000036,"failureMessages":[],"meta":{}},{"ancestorTitles":["PHASE 5: Infinite Loop Protection — Full Safety Guard Suite (16 Tests)","Guard 1: Task Fingerprint Detection"],"fullName":"PHASE 5: Infinite Loop Protection — Full Safety Guard Suite (16 Tests) Guard 1: Task Fingerprint Detection Test 1.3: Fingerprint blocking prevents retries after 3 failures","status":"passed","title":"Test 1.3: Fingerprint blocking prevents retries after 3 failures","duration":5.438490000000002,"failureMessages":[],"meta":{}},{"ancestorTitles":["PHASE 5: Infinite Loop Protection — Full Safety Guard Suite (16 Tests)","Guard 2: Release Executor Slot (Finally Block)"],"fullName":"PHASE 5: Infinite Loop Protection — Full Safety Guard Suite (16 Tests) Guard 2: Release Executor Slot (Finally Block) Test 2.1: Executor slot released on successful execution","status":"passed","title":"Test 2.1: Executor slot released on successful execution","duration":5.575573000000077,"failureMessages":[],"meta":{}},{"ancestorTitles":["PHASE 5: Infinite Loop Protection — Full Safety Guard Suite (16 Tests)","Guard 2: Release Executor Slot (Finally Block)"],"fullName":"PHASE 5: Infinite Loop Protection — Full Safety Guard Suite (16 Tests) Guard 2: Release Executor Slot (Finally Block) Test 2.2: Executor slot released even when error occurs","status":"passed","title":"Test 2.2: Executor slot released even when error occurs","duration":3.6180209999997714,"failureMessages":[],"meta":{}},{"ancestorTitles":["PHASE 5: Infinite Loop Protection — Full Safety Guard Suite (16 Tests)","Guard 3: Stop Reason Tracking"],"fullName":"PHASE 5: Infinite Loop Protection — Full Safety Guard Suite (16 Tests) Guard 3: Stop Reason Tracking Test 3.1: MAX_RETRIES_EXCEEDED on 4th attempt","status":"passed","title":"Test 3.1: MAX_RETRIES_EXCEEDED on 4th attempt","duration":3.302343999999721,"failureMessages":[],"meta":{}},{"ancestorTitles":["PHASE 5: Infinite Loop Protection — Full Safety Guard Suite (16 Tests)","Guard 3: Stop Reason Tracking"],"fullName":"PHASE 5: Infinite Loop Protection — Full Safety Guard Suite (16 Tests) Guard 3: Stop Reason Tracking Test 3.2: EXECUTION_TIMEOUT after 5+ minutes","status":"passed","title":"Test 3.2: EXECUTION_TIMEOUT after 5+ minutes","duration":4.172968999999739,"failureMessages":[],"meta":{}},{"ancestorTitles":["PHASE 5: Infinite Loop Protection — Full Safety Guard Suite (16 Tests)","Guard 3: Stop Reason Tracking"],"fullName":"PHASE 5: Infinite Loop Protection — Full Safety Guard Suite (16 Tests) Guard 3: Stop Reason Tracking Test 3.3: TOO_MANY_FAILURES at 10+ task failures","status":"passed","title":"Test 3.3: TOO_MANY_FAILURES at 10+ task failures","duration":4.106615000000147,"failureMessages":[],"meta":{}},{"ancestorTitles":["PHASE 5: Infinite Loop Protection — Full Safety Guard Suite (16 Tests)","Guard 3: Stop Reason Tracking"],"fullName":"PHASE 5: Infinite Loop Protection — Full Safety Guard Suite (16 Tests) Guard 3: Stop Reason Tracking Test 3.4: QUEUE_EMPTY when no more tasks","status":"passed","title":"Test 3.4: QUEUE_EMPTY when no more tasks","duration":22.11484399999972,"failureMessages":[],"meta":{}},{"ancestorTitles":["PHASE 5: Infinite Loop Protection — Full Safety Guard Suite (16 Tests)","Guard 4: Safe Queue Cleanup"],"fullName":"PHASE 5: Infinite Loop Protection — Full Safety Guard Suite (16 Tests) Guard 4: Safe Queue Cleanup Test 4.1: RUNNING tasks are never deleted by cleanup","status":"passed","title":"Test 4.1: RUNNING tasks are never deleted by cleanup","duration":13.986770999999862,"failureMessages":[],"meta":{}},{"ancestorTitles":["PHASE 5: Infinite Loop Protection — Full Safety Guard Suite (16 Tests)","Guard 4: Safe Queue Cleanup"],"fullName":"PHASE 5: Infinite Loop Protection — Full Safety Guard Suite (16 Tests) Guard 4: Safe Queue Cleanup Test 4.2: LOCKED tasks are never deleted by cleanup","status":"passed","title":"Test 4.2: LOCKED tasks are never deleted by cleanup","duration":1.3901559999999336,"failureMessages":[],"meta":{}},{"ancestorTitles":["PHASE 5: Infinite Loop Protection — Full Safety Guard Suite (16 Tests)","Guard 4: Safe Queue Cleanup"],"fullName":"PHASE 5: Infinite Loop Protection — Full Safety Guard Suite (16 Tests) Guard 4: Safe Queue Cleanup Test 4.3: Aged FAILED_FINAL tasks deleted after 10 minutes","status":"passed","title":"Test 4.3: Aged FAILED_FINAL tasks deleted after 10 minutes","duration":1.2860420000001795,"failureMessages":[],"meta":{}},{"ancestorTitles":["PHASE 5: Infinite Loop Protection — Full Safety Guard Suite (16 Tests)","Guard 4: Safe Queue Cleanup"],"fullName":"PHASE 5: Infinite Loop Protection — Full Safety Guard Suite (16 Tests) Guard 4: Safe Queue Cleanup Test 4.4: Stale PENDING items moved to DLQ after 15 minutes","status":"passed","title":"Test 4.4: Stale PENDING items moved to DLQ after 15 minutes","duration":1.8769790000001194,"failureMessages":[],"meta":{}},{"ancestorTitles":["PHASE 5: Infinite Loop Protection — Full Safety Guard Suite (16 Tests)","Guard 5: Complete Monitoring API"],"fullName":"PHASE 5: Infinite Loop Protection — Full Safety Guard Suite (16 Tests) Guard 5: Complete Monitoring API Test 5.1: Health endpoint returns all required metrics","status":"passed","title":"Test 5.1: Health endpoint returns all required metrics","duration":1.9957290000002104,"failureMessages":[],"meta":{}},{"ancestorTitles":["PHASE 5: Infinite Loop Protection — Full Safety Guard Suite (16 Tests)","Guard 5: Complete Monitoring API"],"fullName":"PHASE 5: Infinite Loop Protection — Full Safety Guard Suite (16 Tests) Guard 5: Complete Monitoring API Test 5.2: Metrics include blocked fingerprints count","status":"passed","title":"Test 5.2: Metrics include blocked fingerprints count","duration":1.4320840000000317,"failureMessages":[],"meta":{}},{"ancestorTitles":["PHASE 5: Infinite Loop Protection — Full Safety Guard Suite (16 Tests)","Guard 5: Complete Monitoring API"],"fullName":"PHASE 5: Infinite Loop Protection — Full Safety Guard Suite (16 Tests) Guard 5: Complete Monitoring API Test 5.3: Metrics include DLQ count and stale items","status":"passed","title":"Test 5.3: Metrics include DLQ count and stale items","duration":0.6558860000000095,"failureMessages":[],"meta":{}},{"ancestorTitles":["PHASE 5: Infinite Loop Protection — Full Safety Guard Suite (16 Tests)","Guard 5: Complete Monitoring API"],"fullName":"PHASE 5: Infinite Loop Protection — Full Safety Guard Suite (16 Tests) Guard 5: Complete Monitoring API Test 5.4: Latency percentiles calculated correctly","status":"passed","title":"Test 5.4: Latency percentiles calculated correctly","duration":1.1368750000001455,"failureMessages":[],"meta":{}},{"ancestorTitles":["PHASE 5: Infinite Loop Protection — Full Safety Guard Suite (16 Tests)","Additional Safety Guard Integration Tests"],"fullName":"PHASE 5: Infinite Loop Protection — Full Safety Guard Suite (16 Tests) Additional Safety Guard Integration Tests Test A1: Task attempt stats tracked correctly","status":"passed","title":"Test A1: Task attempt stats tracked correctly","duration":2.6412499999996726,"failureMessages":[],"meta":{}},{"ancestorTitles":["PHASE 5: Infinite Loop Protection — Full Safety Guard Suite (16 Tests)","Additional Safety Guard Integration Tests"],"fullName":"PHASE 5: Infinite Loop Protection — Full Safety Guard Suite (16 Tests) Additional Safety Guard Integration Tests Test A2: System can recover from overload","status":"passed","title":"Test A2: System can recover from overload","duration":4.385155999999824,"failureMessages":[],"meta":{}},{"ancestorTitles":["PHASE 5: Infinite Loop Protection — Full Safety Guard Suite (16 Tests)","Additional Safety Guard Integration Tests"],"fullName":"PHASE 5: Infinite Loop Protection — Full Safety Guard Suite (16 Tests) Additional Safety Guard Integration Tests Test A3: Multi-org capacity isolation","status":"passed","title":"Test A3: Multi-org capacity isolation","duration":1.9826560000001336,"failureMessages":[],"meta":{}},{"ancestorTitles":["PHASE 5: Infinite Loop Protection — Full Safety Guard Suite (16 Tests)","Edge Cases and Error Conditions"],"fullName":"PHASE 5: Infinite Loop Protection — Full Safety Guard Suite (16 Tests) Edge Cases and Error Conditions Test E1: No console errors on empty state","status":"passed","title":"Test E1: No console errors on empty state","duration":14.029166999999688,"failureMessages":[],"meta":{}},{"ancestorTitles":["PHASE 5: Infinite Loop Protection — Full Safety Guard Suite (16 Tests)","Edge Cases and Error Conditions"],"fullName":"PHASE 5: Infinite Loop Protection — Full Safety Guard Suite (16 Tests) Edge Cases and Error Conditions Test E2: Capacity doesn't go negative","status":"passed","title":"Test E2: Capacity doesn't go negative","duration":1.8409380000002784,"failureMessages":[],"meta":{}},{"ancestorTitles":["PHASE 5: Infinite Loop Protection — Full Safety Guard Suite (16 Tests)","Edge Cases and Error Conditions"],"fullName":"PHASE 5: Infinite Loop Protection — Full Safety Guard Suite (16 Tests) Edge Cases and Error Conditions Test E3: Fingerprint generation stable","status":"passed","title":"Test E3: Fingerprint generation stable","duration":10.709426999999778,"failureMessages":[],"meta":{}}],"startTime":1781494661268,"endTime":1781494661424.7095,"status":"passed","message":"","name":"/data/data/com.termux/files/home/tdealer01-crypto-dsg-control-plane/tests/integration/infinite-loop-protection-full.test.ts"},{"assertionResults":[{"ancestorTitles":["Local self-hosted browser executor (real Chromium, local page)"],"fullName":"Local self-hosted browser executor (real Chromium, local page) dry_run: host allowed, no browser launched, does not touch website","status":"passed","title":"dry_run: host allowed, no browser launched, does not touch website","duration":23.103853999999956,"failureMessages":[],"meta":{}},{"ancestorTitles":["Local self-hosted browser executor (real Chromium, local page)"],"fullName":"Local self-hosted browser executor (real Chromium, local page) blocks a host that is not in the allowlist","status":"passed","title":"blocks a host that is not in the allowlist","duration":1.8341669999999795,"failureMessages":[],"meta":{}},{"ancestorTitles":["Local self-hosted browser executor (real Chromium, local page)"],"fullName":"Local self-hosted browser executor (real Chromium, local page) blocks live mode when env flag is not set","status":"passed","title":"blocks live mode when env flag is not set","duration":1.7509369999997944,"failureMessages":[],"meta":{}},{"ancestorTitles":["Local self-hosted browser executor (real Chromium, local page)"],"fullName":"Local self-hosted browser executor (real Chromium, local page) blocks a credential action before launching the browser","status":"passed","title":"blocks a credential action before launching the browser","duration":3.411718999999721,"failureMessages":[],"meta":{}},{"ancestorTitles":["Local self-hosted browser executor (real Chromium, local page)"],"fullName":"Local self-hosted browser executor (real Chromium, local page) live: drives a
[...]
","duration":36.98880300000019,"failureMessages":[],"meta":{}},{"ancestorTitles":["buildRateLimitHeaders"],"fullName":"buildRateLimitHeaders sets X-RateLimit-Limit to the given limit","status":"passed","title":"sets X-RateLimit-Limit to the given limit","duration":32.40291700000034,"failureMessages":[],"meta":{}},{"ancestorTitles":["buildRateLimitHeaders"],"fullName":"buildRateLimitHeaders sets X-RateLimit-Remaining to result.remaining","status":"passed","title":"sets X-RateLimit-Remaining to result.remaining","duration":31.282864999999674,"failureMessages":[],"meta":{}},{"ancestorTitles":["buildRateLimitHeaders"],"fullName":"buildRateLimitHeaders sets X-RateLimit-Reset to resetAt converted to seconds (floor)","status":"passed","title":"sets X-RateLimit-Reset to resetAt converted to seconds (floor)","duration":66.06010500000002,"failureMessages":[],"meta":{}},{"ancestorTitles":["buildRateLimitHeaders"],"fullName":"buildRateLimitHeaders returns all three header keys","status":"passed","title":"returns all three header keys","duration":18.06427100000019,"failureMessages":[],"meta":{}},{"ancestorTitles":["buildRateLimitHeaders"],"fullName":"buildRateLimitHeaders returns string values even when remaining is 0","status":"passed","title":"returns string values even when remaining is 0","duration":37.51161400000001,"failureMessages":[],"meta":{}},{"ancestorTitles":["isRateLimiterConfigured"],"fullName":"isRateLimiterConfigured returns false when both env vars are absent","status":"passed","title":"returns false when both env vars are absent","duration":29.890156999999817,"failureMessages":[],"meta":{}},{"ancestorTitles":["isRateLimiterConfigured"],"fullName":"isRateLimiterConfigured returns false when only UPSTASH_REDIS_REST_URL is set","status":"passed","title":"returns false when only UPSTASH_REDIS_REST_URL is set","duration":56.23859399999992,"failureMessages":[],"meta":{}},{"ancestorTitles":["isRateLimiterConfigured"],"fullName":"isRateLimiterConfigured returns false when only UPSTASH_REDIS_REST_TOKEN is set","status":"passed","title":"returns false when only UPSTASH_REDIS_REST_TOKEN is set","duration":19.621459000000414,"failureMessages":[],"meta":{}},{"ancestorTitles":["isRateLimiterConfigured"],"fullName":"isRateLimiterConfigured returns true when both env vars are set","status":"passed","title":"returns true when both env vars are set","duration":56.89333400000032,"failureMessages":[],"meta":{}}],"startTime":1781494633671,"endTime":1781494634351.8933,"status":"passed","message":"","name":"/data/data/com.termux/files/home/tdealer01-crypto-dsg-control-plane/tests/unit/security/rate-limit.test.ts"},{"assertionResults":[{"ancestorTitles":["readJsonBody"],"fullName":"readJsonBody returns ok:true and parsed value for valid JSON","status":"passed","title":"returns ok:true and parsed value for valid JSON","duration":110.9610419999999,"failureMessages":[],"meta":{}},{"ancestorTitles":["readJsonBody"],"fullName":"readJsonBody returns 400 empty_body for empty body","status":"passed","title":"returns 400 empty_body for empty body","duration":7.921615000000202,"failureMessages":[],"meta":{}},{"ancestorTitles":["readJsonBody"],"fullName":"readJsonBody returns 400 invalid_json for non-JSON body","status":"passed","title":"returns 400 invalid_json for non-JSON body","duration":11.5197390000003,"failureMessages":[],"meta":{}},{"ancestorTitles":["readJsonBody"],"fullName":"readJsonBody returns 413 payload_too_large when content-length header exceeds default maxBytes","status":"passed","title":"returns 413 payload_too_large when content-length header exceeds default maxBytes","duration":4.500260000000253,"failureMessages":[],"meta":{}},{"ancestorTitles":["readJsonBody"],"fullName":"readJsonBody returns 413 payload_too_large when content-length header exceeds custom maxBytes","status":"passed","title":"returns 413 payload_too_large when content-length header exceeds custom maxBytes","duration":5.812969000000066,"failureMessages":[],"meta":{}},{"ancestorTitles":["readJsonBody"],"fullName":"readJsonBody accepts body at default maxBytes boundary","status":"passed","title":"accepts body at default maxBytes boundary","duration":5.395729000000301,"failureMessages":[],"meta":{}},{"ancestorTitles":["readJsonBody"],"fullName":"readJsonBody parses arrays at top level","status":"passed","title":"parses arrays at top level","duration":4.43911399999979,"failureMessages":[],"meta":{}},{"ancestorTitles":["readJsonBody"],"fullName":"readJsonBody parses primitive JSON values","status":"passed","title":"parses primitive JSON values","duration":4.570885000000089,"failureMessages":[],"meta":{}},{"ancestorTitles":["readJsonBody"],"fullName":"readJsonBody returns generic type when T is specified","status":"passed","title":"returns generic type when T is specified","duration":7.213386000000355,"failureMessages":[],"meta":{}},{"ancestorTitles":["jsonSizeBytes"],"fullName":"jsonSizeBytes returns byte size of a JSON-serialized object","status":"passed","title":"returns byte size of a JSON-serialized object","duration":20.449271000000408,"failureMessages":[],"meta":{}},{"ancestorTitles":["jsonSizeBytes"],"fullName":"jsonSizeBytes handles empty object","status":"passed","title":"handles empty object","duration":1.2450000000003456,"failureMessages":[],"meta":{}},{"ancestorTitles":["jsonSizeBytes"],"fullName":"jsonSizeBytes handles null","status":"passed","title":"handles null","duration":5.936562000000322,"failureMessages":[],"meta":{}},{"ancestorTitles":["jsonSizeBytes"],"fullName":"jsonSizeBytes handles multi-byte unicode characters","status":"passed","title":"handles multi-byte unicode characters","duration":1.3720840000000862,"failureMessages":[],"meta":{}},{"ancestorTitles":["maxObjectDepth"],"fullName":"maxObjectDepth returns true for a flat object (depth 1)","status":"passed","title":"returns true for a flat object (depth 1)","duration":1.7668229999999312,"failureMessages":[],"meta":{}},{"ancestorTitles":["maxObjectDepth"],"fullName":"maxObjectDepth returns true for null","status":"passed","title":"returns true for null","duration":1.0194790000000467,"failureMessages":[],"meta":{}},{"ancestorTitles":["maxObjectDepth"],"fullName":"maxObjectDepth returns true for a primitive","status":"passed","title":"returns true for a primitive","duration":1.204113999999663,"failureMessages":[],"meta":{}},{"ancestorTitles":["maxObjectDepth"],"fullName":"maxObjectDepth returns true for an array of primitives","status":"passed","title":"returns true for an array of primitives","duration":1.8897389999997358,"failureMessages":[],"meta":{}},{"ancestorTitles":["maxObjectDepth"],"fullName":"maxObjectDepth returns true for nested object within default maxDepth (8)","status":"passed","title":"returns true for nested object within default maxDepth (8)","duration":1.2976560000001882,"failureMessages":[],"meta":{}},{"ancestorTitles":["maxObjectDepth"],"fullName":"maxObjectDepth returns false for object deeper than maxDepth","status":"passed","title":"returns false for object deeper than maxDepth","duration":2.2351039999998648,"failureMessages":[],"meta":{}},{"ancestorTitles":["maxObjectDepth"],"fullName":"maxObjectDepth returns false when custom maxDepth is exceeded","status":"passed","title":"returns false when custom maxDepth is exceeded","duration":2.026614000000336,"failureMessages":[],"meta":{}},{"ancestorTitles":["maxObjectDepth"],"fullName":"maxObjectDepth returns true when nested array depth is within limit","status":"passed","title":"returns true when nested array depth is within limit","duration":1.665364999999838,"failureMessages":[],"meta":{}}],"startTime":1781494655471,"endTime":1781494655713.6653,"status":"passed","message":"","name":"/data/data/com.termux/files/home/tdealer01-crypto-dsg-control-plane/tests/unit/security/request-json.test.ts"},{"assertionResults":[{"ancestorTitles":["toSafeErrorInfo"],"fullName":"toSafeErrorInfo returns UnknownError when error is null","status":"passed","title":"returns UnknownError when error is null","duration":24.70770900000025,"failureMessages":[],"meta":{}},{"ancestorTitles":["toSafeErrorInfo"],"fullName":"toSafeErrorInfo returns UnknownError when error is undefined","status":"passed","title":"returns UnknownError when error is undefined","duration":2.2763019999997596,"failureMessages":[],"meta":{}},{"ancestorTitles":["toSafeErrorInfo"],"fullName":"toSafeErrorInfo returns UnknownError when error is a string","status":"passed","title":"returns UnknownError when error is a string","duration":2.552760000000035,"failureMessages":[],"meta":{}},{"ancestorTitles":["toSafeErrorInfo"],"fullName":"toSafeErrorInfo returns UnknownError when error is a number","status":"passed","title":"returns UnknownError when error is a number","duration":2.259739999999965,"failureMessages":[],"meta":{}},{"ancestorTitles":["toSafeErrorInfo"],"fullName":"toSafeErrorInfo extracts name and code from a typed error object","status":"passed","title":"extracts name and code from a typed error object","duration":3.986145999999735,"failureMessages":[],"meta":{}},{"ancestorTitles":["toSafeErrorInfo"],"fullName":"toSafeErrorInfo falls back to Error when name is missing","status":"passed","title":"falls back to Error when name is missing","duration":2.255157000000054,"failureMessages":[],"meta":{}},{"ancestorTitles":["toSafeErrorInfo"],"fullName":"toSafeErrorInfo falls back to Error when name is empty string","status":"passed","title":"falls back to Error when name is empty string","duration":1.7587499999999636,"failureMessages":[],"meta":{}},{"ancestorTitles":["toSafeErrorInfo"],"fullName":"toSafeErrorInfo falls back to Error when name is whitespace","status":"passed","title":"falls back to Error when name is whitespace","duration":1.4063539999997374,"failureMessages":[],"meta":{}},{"ancestorTitles":["toSafeErrorInfo"],"fullName":"toSafeErrorInfo returns null code when code is missing","status":"passed","title":"returns null code when code is missing","duration":2.9882809999999154,"failureMessages":[],"meta":{}},{"ancestorTitles":["toSafeErrorInfo"],"fullName":"toSafeErrorInfo returns null code when code is empty string","status":"passed","title":"returns null code when code is empty string","duration":2.2176559999998062,"failureMessages":[],"meta":{}},{"ancestorTitles":["toSafeErrorInfo"],"fullName":"toSafeErrorInfo returns null code when code is whitespace","status":"passed","title":"returns null code when code is whitespace","duration":3.9139060000002246,"failureMessages":[],"meta":{}},{"ancestorTitles":["toSafeErrorInfo"],"fullName":"toSafeErrorInfo ignores non-string name and code fields","status":"passed","title":"ignores non-string name and code fields","duration":1.3132290000003195,"failureMessages":[],"meta":{}},{"ancestorTitles":["logSecurityEvent"],"fullName":"logSecurityEvent calls console.info for level info","status":"passed","title":"calls console.info for level info","duration":15.378333000000111,"failureMessages":[],"meta":{}},{"ancestorTitles":["logSecurityEvent"],"fullName":"logSecurityEvent calls console.warn for level warn","status":"passed","title":"calls console.warn for level warn","duration":7.771302000000105,"failureMessages":[],"meta":{}},{"ancestorTitles":["logSecurityEvent"],"fullName":"logSecurityEvent calls console.error for level error","status":"passed","title":"calls console.error for level error","duration":6.394322999999986,"failureMessages":[],"meta":{}},{"ancestorTitles":["logSecurityEvent"],"fullName":"logSecurityEvent spreads details into the payload when provided","status":"passed","title":"spreads details into the payload when provided","duration":5.6829680000000735,"failureMessages":[],"meta":{}},{"ancestorTitles":["logSecurityEvent"],"fullName":"logSecurityEvent does not include extra keys when details is undefined","status":"passed","title":"does not include extra keys when details is undefined","duration":7.474271000000044,"failureMessages":[],"meta":{}}],"startTime":1781494668913,"endTime":1781494669010.4744,"status":"passed","message":"","name":"/data/data/com.termux/files/home/tdealer01-crypto-dsg-control-plane/tests/unit/security/safe-log.test.ts"},{"assertionResults":[{"ancestorTitles":["sha256Hex"],"fullName":"sha256Hex returns a 64-char hex string","status":"passed","title":"returns a 64-char hex string","duration":15.155624999999873,"failureMessages":[],"meta":{}},{"ancestorTitles":["sha256Hex"],"fullName":"sha256Hex is deterministic","status":"passed","title":"is deterministic","duration":3.0536980000001677,"failureMessages":[],"meta":{}},{"ancestorTitles":["sha256Hex"],"fullName":"sha256Hex produces different hashes for different inputs","status":"passed","title":"produces different hashes for different inputs","duration":7.456979000000047,"failureMessages":[],"meta":{}},{"ancestorTitles":["sha256Hex"],"fullName":"sha256Hex handles empty string","status":"passed","title":"handles empty string","duration":2.352707999999893,"failureMessages":[],"meta":{}},{"ancestorTitles":["timingSafeStringEqual"],"fullName":"timingSafeStringEqual returns false when provided is empty","status":"passed","title":"returns false when provided is empty","duration":1.8858860000000277,"failureMessages":[],"meta":{}},{"ancestorTitles":["timingSafeStringEqual"],"fullName":"timingSafeStringEqual returns false when expected is empty","status":"passed","title":"returns false when expected is empty","duration":1.7040099999999256,"failureMessages":[],"meta":{}},{"ancestorTitles":["timingSafeStringEqual"],"fullName":"timingSafeStringEqual returns true for equal strings","status":"passed","title":"returns true for equal strings","duration":2.3351560000000973,"failureMessages":[],"meta":{}},{"ancestorTitles":["timingSafeStringEqual"],"fullName":"timingSafeStringEqual returns false for unequal strings","status":"passed","title":"returns false for unequal strings","duration":2.1691149999996924,"failureMessages":[],"meta":{}},{"ancestorTitles":["timingSafeStringEqual"],"fullName":"timingSafeStringEqual is case-sensitive","status":"passed","title":"is case-sensitive","duration":2.32453200000009,"failureMessages":[],"meta":{}},{"ancestorTitles":["extractBearerToken"],"fullName":"extractBearerToken returns empty string when header is null","status":"passed","title":"returns empty string when header is null","duration":2.9280730000000403,"failureMessages":[],"meta":{}},{"ancestorTitles":["extractBearerToken"],"fullName":"extractBearerToken returns empty string when header is empty","status":"passed","title":"returns empty string when header is empty","duration":1.5303119999998671,"failureMessages":[],"meta":{}},{"ancestorTitles":["extractBearerToken"],"fullName":"extractBearerToken returns token from valid Bearer header","status":"passed","title":"returns token from valid Bearer header","duration":1.4816149999996924,"failureMessages":[],"meta":{}},{"ancestorTitles":["extractBearerToken"],"fullName":"extractBearerToken returns empty string when scheme is not Bearer","status":"passed","title":"returns empty string when scheme is not Bearer","duration":1.219166999999743,"failureMessages":[],"meta":{}},{"ancestorTitles":["extractBearerToken"],"fullName":"extractBearerToken is case-insensitive for Bearer scheme","status":"passed","title":"is case-insensitive for Bearer scheme","duration":1.6103130000001329,"failureMessages":[],"meta":{}},{"ancestorTitles":["extractBearerToken"],"fullName":"extractBearerToken returns empty string when no token follows Bearer","status":"passed","title":"returns empty string when no token follows Bearer","duration":1.8457290000001194,"failureMessages":[],"meta":{}},{"ancestorTitles":["extractBearerToken"],"fullName":"extractBearerToken trims trailing whitespace from the token","status":"passed","title":"trims trailing whitespace from the token","duration":1.6639059999997698,"failureMessages":[],"meta":{}},{"ancestorTitles":["verifySecretValue"],"fullName":"verifySecretValue returns false when provided is empty","status":"passed","title":"returns false when provided is empty","duration":1.9278119999999035,"failureMessages":[],"meta":{}},{"ancestorTitles":["verifySecretValue"],"fullName":"verifySecretValue returns false when provided is only whitespace","status":"passed","title":"returns false when provided is only whitespace","duration":1.211823000000095,"failureMessages":[],"meta":{}},{"ancestorTitles":["verifySecretValue"],"fullName":"verifySecretValue returns true when provided matches expected exactly","status":"passed","title":"returns true when provided matches expected exactly","duration":1.7412500000000364,"failureMessages":[],"meta":{}},{"ancestorTitles":["verifySecretValue"],"fullName":"verifySecretValue returns false when provided does not match expected","status":"passed","title":"returns false when provided does not match expected","duration":2.1428649999998015,"failureMessages":[],"meta":{}},{"ancestorTitles":["verifySecretValue"],"fullName":"verifySecretValue returns true when sha256(provided) matches expectedSha256","status":"passed","title":"returns true when sha256(provided) matches expectedSha256","duration":2.1565620000001218,"failureMessages":[],"meta":{}},{"ancestorTitles":["verifySecretValue"],"fullName":"verifySecretValue returns false when sha256 does not match expectedSha256","status":"passed","title":"returns false when sha256 does not match expectedSha256","duration":2.7285420000002887,"failureMessages":[],"meta":{}},{"ancestorTitles":["verifySecretValue"],"fullName":"verifySecretValue returns false when both expected and expectedSha256 are absent","status":"passed","title":"returns false when both expected and expectedSha256 are absent","duration":1.5266670000000886,"failureMessages":[],"meta":{}},{"ancestorTitles":["verifySecretValue"],"fullName":"verifySecretValue matches expected before falling back to sha256","status":"passed","title":"matches expected before falling back to sha256","duration":1.586561999999958,"failureMessages":[],"meta":{}},{"ancestorTitles":["verifySecretValue"],"fullName":"verifySecretValue trims whitespace from provided before comparison","status":"passed","title":"trims whitespace from provided before comparison","duration":1.9500520000001416,"failureMessages":[],"meta":{}},{"ancestorTitles":["verifySecretValue"],"fullName":"verifySecretValue returns false when expected is null","status":"passed","title":"returns false when expected is null","duration":1.4647910000003321,"failureMessages":[],"meta":{}},{"ancestorTitles":["verifyBearerSecret"],"fullName":"verifyBearerSecret returns false when no Authorization header","status":"passed","title":"returns false when no Authorization header","duration":15.528749999999945,"failureMessages":[],"meta":{}},{"ancestorTitles":["verifyBearerSecret"],"fullName":"verifyBearerSecret returns false when token does not match expected","status":"passed","title":"returns false when token does not match expected","duration":2.7824999999998,"failureMessages":[],"meta":{}},{"ancestorTitles":["verifyBearerSecret"],"fullName":"verifyBearerSecret returns true when token matches expected","status":"passed","title":"returns true when token matches expected","duration":1.1431250000000546,"failureMessages":[],"meta":{}},{"ancestorTitles":["verifyBearerSecret"],"fullName":"verifyBearerSecret returns true when token sha256 matches expectedSha256","status":"passed","title":"returns true when token sha256 matches expectedSha256","duration":1.263854999999694,"failureMessages":[],"meta":{}},{"ancestorTitles":["verifyBearerSecret"],"fullName":"verifyBearerSecret returns false when Authorization is not Bearer scheme","status":"passed","title":"returns false when Authorization is not Bearer scheme","duration":1.4159380000000965,"failureMessages":[],"meta":{}}],"startTime":1781494667792,"endTime":1781494667892.416,"status":"passed","message":"","name":"/data/data/com.termux/files/home/tdealer01-crypto-dsg-control-plane/tests/unit/security/secure-token.test.ts"}]}