{"numTotalTestSuites":763,"numPassedTestSuites":737,"numFailedTestSuites":26,"numPendingTestSuites":0,"numTotalTests":2186,"numPassedTests":2077,"numFailedTests":51,"numPendingTests":58,"numTodoTests":0,"snapshot":{"added":0,"failure":false,"filesAdded":0,"filesRemoved":0,"filesRemovedList":[],"filesUnmatched":0,"filesUpdated":0,"matched":0,"total":0,"unchecked":0,"uncheckedKeysByFile":[],"unmatched":0,"updated":0,"didUpdate":false},"startTime":1781489425702,"success":false,"testResults":[{"assertionResults":[{"ancestorTitles":["runtime replay matrix"],"fullName":"runtime replay matrix 'high risk replay'","status":"passed","title":"'high risk replay'","duration":7.281041000000187,"failureMessages":[],"meta":{}},{"ancestorTitles":["runtime replay matrix"],"fullName":"runtime replay matrix 'mid risk replay'","status":"passed","title":"'mid risk replay'","duration":1.6576560000003155,"failureMessages":[],"meta":{}},{"ancestorTitles":["runtime replay matrix"],"fullName":"runtime replay matrix 'low risk replay'","status":"passed","title":"'low risk replay'","duration":0.9154169999997066,"failureMessages":[],"meta":{}},{"ancestorTitles":["runtime replay matrix"],"fullName":"runtime replay matrix stabilizes oscillation edge case replay","status":"passed","title":"stabilizes oscillation edge case replay","duration":1.3272389999997358,"failureMessages":[],"meta":{}}],"startTime":1781489504979,"endTime":1781489504990.3271,"status":"passed","message":"","name":"/data/data/com.termux/files/home/tdealer01-crypto-dsg-control-plane/tests/failure/replay-matrix.test.ts"},{"assertionResults":[{"ancestorTitles":["batch 3 enterprise migrations"],"fullName":"batch 3 enterprise migrations defines sso, directory sync, billing policy, seat activation, and onboarding tables","status":"passed","title":"defines sso, directory sync, billing policy, seat activation, and onboarding tables","duration":18.35119799999984,"failureMessages":[],"meta":{}}],"startTime":1781489515233,"endTime":1781489515251.3513,"status":"passed","message":"","name":"/data/data/com.termux/files/home/tdealer01-crypto-dsg-control-plane/tests/migrations/batch3-enterprise-identity.test.ts"},{"assertionResults":[{"ancestorTitles":["finance governance audit ledger immutability migration"],"fullName":"finance governance audit ledger immutability migration keeps the ledger constrained to submit/approve/reject/escalate actions","status":"passed","title":"keeps the ledger constrained to submit/approve/reject/escalate actions","duration":22.20088499999997,"failureMessages":[],"meta":{}},{"ancestorTitles":["finance governance audit ledger immutability migration"],"fullName":"finance governance audit ledger immutability migration adds DB-level update and delete blockers to the finance audit ledger","status":"passed","title":"adds DB-level update and delete blockers to the finance audit ledger","duration":9.549531000000115,"failureMessages":[],"meta":{}}],"startTime":1781489512933,"endTime":1781489512966.5496,"status":"passed","message":"","name":"/data/data/com.termux/files/home/tdealer01-crypto-dsg-control-plane/tests/migrations/finance-governance-audit-ledger-immutability.test.ts"},{"assertionResults":[{"ancestorTitles":["finance governance control layer migration"],"fullName":"finance governance control layer migration creates control layer tables and backfill statements","status":"passed","title":"creates control layer tables and backfill statements","duration":41.43281200000001,"failureMessages":[],"meta":{}}],"startTime":1781489517333,"endTime":1781489517374.4329,"status":"passed","message":"","name":"/data/data/com.termux/files/home/tdealer01-crypto-dsg-control-plane/tests/migrations/finance-governance-control-layer.test.ts"},{"assertionResults":[{"ancestorTitles":["finance workflow migration"],"fullName":"finance workflow migration creates DB-backed finance workflow tables and indexes","status":"passed","title":"creates DB-backed finance workflow tables and indexes","duration":23.484271000000035,"failureMessages":[],"meta":{}},{"ancestorTitles":["finance workflow migration"],"fullName":"finance workflow migration locks workflow actions to submit → approve/reject/escalate lifecycle","status":"passed","title":"locks workflow actions to submit → approve/reject/escalate lifecycle","duration":3.1439580000001115,"failureMessages":[],"meta":{}}],"startTime":1781489510836,"endTime":1781489510870.144,"status":"passed","message":"","name":"/data/data/com.termux/files/home/tdealer01-crypto-dsg-control-plane/tests/migrations/finance-workflow.test.ts"},{"assertionResults":[{"ancestorTitles":["runtime spine hardening migration"],"fullName":"runtime spine hardening migration serializes execution ordering and validates decision input","status":"passed","title":"serializes execution ordering and validates decision input","duration":14.300572999999986,"failureMessages":[],"meta":{}},{"ancestorTitles":["runtime spine hardening migration"],"fullName":"runtime spine hardening migration persists a checkpoint after each successful runtime commit","status":"passed","title":"persists a checkpoint after each successful runtime commit","duration":2.30734399999983,"failureMessages":[],"meta":{}}],"startTime":1781489510553,"endTime":1781489510571.3074,"status":"passed","message":"","name":"/data/data/com.termux/files/home/tdealer01-crypto-dsg-control-plane/tests/migrations/runtime-spine-hardening.test.ts"},{"assertionResults":[{"ancestorTitles":["runtime migration coverage"],"fullName":"runtime migration coverage defines runtime spine tables for fresh installs","status":"passed","title":"defines runtime spine tables for fresh installs","duration":27.077395000000024,"failureMessages":[],"meta":{}},{"ancestorTitles":["runtime migration coverage"],"fullName":"runtime migration coverage supports upgrade paths with if not exists and rpc migration","status":"passed","title":"supports upgrade paths with if not exists and rpc migration","duration":41.36859400000003,"failureMessages":[],"meta":{}}],"startTime":1781489502542,"endTime":1781489502611.3687,"status":"passed","message":"","name":"/data/data/com.termux/files/home/tdealer01-crypto-dsg-control-plane/tests/migrations/runtime-spine.test.ts"},{"assertionResults":[{"ancestorTitles":["Z3 Proof: Rate-Limit Window Invariants"],"fullName":"Z3 Proof: Rate-Limit Window Invariants within a window: remaining + used = limit (conservation theorem)","status":"passed","title":"within a window: remaining + used = limit (conservation theorem)","duration":1692.8300510000004,"failureMessages":[],"meta":{}},{"ancestorTitles":["Z3 Proof: Rate-Limit Window Invariants"],"fullName":"Z3 Proof: Rate-Limit Window Invariants request is blocked iff used >= limit (no bypass theorem)","status":"passed","title":"request is blocked iff used >= limit (no bypass theorem)","duration":847.9475000000002,"failureMessages":[],"meta":{}},{"ancestorTitles":["Z3 Proof: Rate-Limit Window Invariants"],"fullName":"Z3 Proof: Rate-Limit Window Invariants after increment: new_used = old_used + 1 (atomic counter theorem)","status":"passed","title":"after increment: new_used = old_used + 1 (atomic counter theorem)","duration":65.47677100000055,"failureMessages":[],"meta":{}},{"ancestorTitles":["Z3 Proof: Rate-Limit Window Invariants"],"fullName":"Z3 Proof: Rate-Limit Window Invariants rate limit for auth (3/min email) is strictly less than checkout (20/min)","status":"passed","title":"rate limit for auth (3/min email) is strictly less than checkout (20/min)","duration":2.7811979999996765,"failureMessages":[],"meta":{}},{"ancestorTitles":["Z3 Proof: Stripe Pricing Arithmetic"],"fullName":"Z3 Proof: Stripe Pricing Arithmetic yearly price < 12 × monthly price (discount invariant)","status":"passed","title":"yearly price < 12 × monthly price (discount invariant)","duration":738.6098950000005,"failureMessages":[],"meta":{}},{"ancestorTitles":["Z3 Proof: Stripe Pricing Arithmetic"],"fullName":"Z3 Proof: Stripe Pricing Arithmetic yearly price = 9 × monthly price (exactly 3 months free, 25% discount — Z3 verified)","status":"passed","title":"yearly price = 9 × monthly price (exactly 3 months free, 25% discount — Z3 verified)","duration":74.7529169999998,"failureMessages":[],"meta":{}},{"ancestorTitles":["Z3 Proof: Stripe Pricing Arithmetic"],"fullName":"Z3 Proof: Stripe Pricing Arithmetic all prices are positive integers (no zero-price exploit)","status":"passed","title":"all prices are positive integers (no zero-price exploit)","duration":175.92895800000042,"failureMessages":[],"meta":{}},{"ancestorTitles":["Z3 Proof: Quota Gate Safety (no double-spend)"],"fullName":"Z3 Proof: Quota Gate Safety (no double-spend) check-before-increment prevents overspend by at most 1 under concurrency","status":"passed","title":"check-before-increment prevents overspend by at most 1 under concurrency","duration":58.0695310000001,"failureMessages":[],"meta":{}},{"ancestorTitles":["Z3 Proof: Quota Gate Safety (no double-spend)"],"fullName":"Z3 Proof: Quota Gate Safety (no double-spend) initialized counter + positive increments ≥ 0 (non-negative by construction)","status":"passed","title":"initialized counter + positive increments ≥ 0 (non-negative by construction)","duration":40.22698000000037,"failureMessages":[],"meta":{}},{"ancestorTitles":["Z3 Proof: Plan Transition Safety"],"fullName":"Z3 Proof: Plan Transition Safety valid upgrade paths are strictly increasing in rank","status":"passed","title":"valid upgrade paths are strictly increasing in rank","duration":79.34838599999966,"failureMessages":[],"meta":{}},{"ancestorTitles":["Z3 Proof: Plan Transition Safety"],"fullName":"Z3 Proof: Plan Transition Safety downgrade to free always results in rank 0","status":"passed","title":"downgrade to free always results in rank 0","duration":15.416510000000017,"failureMessages":[],"meta":{}}],"startTime":1781489434595,"endTime":1781489438409.4165,"status":"passed","message":"","name":"/data/data/com.termux/files/home/tdealer01-crypto-dsg-control-plane/tests/proofs/billing-invariants.test.ts"},{"assertionResults":[{"ancestorTitles":["Z3 Proof: Quota Ordering Theorem"],"fullName":"Z3 Proof: Quota Ordering Theorem PLAN_QUOTA is strictly ordered: enterprise > business > pro > trial > free > 0","status":"passed","title":"PLAN_QUOTA is strictly ordered: enterprise > business > pro > trial > free > 0","duration":928.1511459999997,"failureMessages":[],"meta":{}},{"ancestorTitles":["Z3 Proof: Quota Ordering Theorem"],"fullName":"Z3 Proof: Quota Ordering Theorem getQuotaForPlan never returns zero (safe floor invariant)","status":"passed","title":"getQuotaForPlan never returns zero (safe floor invariant)","duration":679.6512499999999,"failureMessages":[],"meta":{}},{"ancestorTitles":["Z3 Proof: Quota Ordering Theorem"],"fullName":"Z3 Proof: Quota Ordering Theorem getQuotaForPlan(unknown) === FREE_QUOTA (safe floor for unknown plans)","status":"passed","title":"getQuotaForPlan(unknown) === FREE_QUOTA (safe floor for unknown plans)","duration":17.972031000000243,"failureMessages":[],"meta":{}},{"ancestorTitles":["Z3 Proof: Quota Ordering Theorem"],"fullName":"Z3 Proof: Quota Ordering Theorem getQuotaForPlan(null) === FREE_QUOTA","status":"passed","title":"getQuotaForPlan(null) === FREE_QUOTA","duration":23.495520000000397,"failureMessages":[],"meta":{}},{"ancestorTitles":["Z3 Proof: Billing Status Partition Theorem"],"fullName":"Z3 Proof: Billing Status Partition Theorem ACTIVE_STATUSES and REVOKED_STATUSES are disjoint (no status can be both)","status":"passed","title":"ACTIVE_STATUSES and REVOKED_STATUSES are disjoint (no status can be both)","duration":10.63562499999989,"failureMessages":[],"meta":{}},{"ancestorTitles":["Z3 Proof: Billing Status Partition Theorem"],"fullName":"Z3 Proof: Billing Status Partition Theorem effectivePlan returns planKey for every ACTIVE status","status":"passed","title":"effectivePlan returns planKey for every ACTIVE status","duration":35.93224000000009,"failureMessages":[],"meta":{}},{"ancestorTitles":["Z3 Proof: Billing Status Partition Theorem"],"fullName":"Z3 Proof: Billing Status Partition Theorem effectivePlan returns \"free\" for every REVOKED status","status":"passed","title":"effectivePlan returns \"free\" for every REVOKED status","duration":116.03812500000004,"failureMessages":[],"meta":{}},{"ancestorTitles":["Z3 Proof: Billing Status Partition Theorem"],"fullName":"Z3 Proof: Billing Status Partition Theorem effectivePlan(null, null) === \"free\" (null-safety theorem)","status":"passed","title":"effectivePlan(null, null) === \"free\" (null-safety theorem)","duration":17.523541000000478,"failureMessages":[],"meta":{}},{"ancestorTitles":["Z3 Proof: Revenue Monotonicity Theorem"],"fullName":"Z3 Proof: Revenue Monotonicity Theorem upgrading plan never decreases quota (∀ plan A→B: quota[B] ≥ quota[A])","status":"passed","title":"upgrading plan never decreases quota (∀ plan A→B: quota[B] ≥ quota[A])","duration":165.5224479999997,"failureMessages":[],"meta":{}},{"ancestorTitles":["Z3 Proof: Revenue Monotonicity Theorem"],"fullName":"Z3 Proof: Revenue Monotonicity Theorem free plan quota (60) fits in an int32 without overflow","status":"passed","title":"free plan quota (60) fits in an int32 without overflow","duration":20.869322999999895,"failureMessages":[],"meta":{}},{"ancestorTitles":["Z3 Proof: Revenue Monotonicity Theorem"],"fullName":"Z3 Proof: Revenue Monotonicity Theorem enterprise plan quota fits in a JavaScript safe integer","status":"passed","title":"enterprise plan quota fits in a JavaScript safe integer","duration":26.027968999999757,"failureMessages":[],"meta":{}},{"ancestorTitles":["Z3 Proof: Billing Period Arithmetic"],"fullName":"Z3 Proof: Billing Period Arithmetic billing period YYYY-MM format: month in [1..12]","status":"passed","title":"billing period YYYY-MM format: month in [1..12]","duration":4.94854099999975,"failureMessages":[],"meta":{}},{"ancestorTitles":["Z3 Proof: Billing Period Arithmetic"],"fullName":"Z3 Proof: Billing Period Arithmetic Z3: any valid month m satisfies 1 ≤ m ≤ 12","status":"passed","title":"Z3: any valid month m satisfies 1 ≤ m ≤ 12","duration":887.040156,"failureMessages":[],"meta":{}},{"ancestorTitles":["Z3 Proof: Billing Period Arithmetic"],"fullName":"Z3 Proof: Billing Period Arithmetic Z3: no month satisfies m < 1 AND m > 12 simultaneously","status":"passed","title":"Z3: no month satisfies m < 1 AND m > 12 simultaneously","duration":405.7860929999997,"failureMessages":[],"meta":{}}],"startTime":1781489438657,"endTime":1781489442005.7861,"status":"passed","message":"","name":"/data/data/com.termux/files/home/tdealer01-crypto-dsg-control-plane/tests/proofs/quota-invariants.test.ts"},{"assertionResults":[{"ancestorTitles":["Post-Deployment Smoke Tests","Server & Connectivity Tests"],"fullName":"Post-Deployment Smoke Tests Server & Connectivity Tests should have server responding to requests","status":"skipped","title":"should have server responding to requests","failureMessages":[],"meta":{}},{"ancestorTitles":["Post-Deployment Smoke Tests","Server & Connectivity Tests"],"fullName":"Post-Deployment Smoke Tests Server & Connectivity Tests should maintain sub-2-second response times for health endpoint","status":"skipped","title":"should maintain sub-2-second response times for health endpoint","failureMessages":[],"meta":{}},{"ancestorTitles":["Post-Deployment Smoke Tests","Server & Connectivity Tests"],"fullName":"Post-Deployment Smoke Tests Server & Connectivity Tests should handle request timeouts gracefully","status":"skipped","title":"should handle request timeouts gracefully","failureMessages":[],"meta":{}},{"ancestorTitles":["Post-Deployment Smoke Tests","Health & Status Endpoints"],"fullName":"Post-Deployment Smoke Tests Health & Status Endpoints GET /api/health should return 200 with valid JSON","status":"skipped","title":"GET /api/health should return 200 with valid JSON","failureMessages":[],"meta":{}},{"ancestorTitles":["Post-Deployment Smoke Tests","Health & Status Endpoints"],"fullName":"Post-Deployment Smoke Tests Health & Status Endpoints GET /api/readiness should indicate deployment status","status":"skipped","title":"GET /api/readiness should indicate deployment status","failureMessages":[],"meta":{}},{"ancestorTitles":["Post-Deployment Smoke Tests","Health & Status Endpoints"],"fullName":"Post-Deployment Smoke Tests Health & Status Endpoints GET /api/agent/status should return deployment identity","status":"skipped","title":"GET /api/agent/status should return deployment identity","failureMessages":[],"meta":{}},{"ancestorTitles":["Post-Deployment Smoke Tests","Authentication & Authorization"],"fullName":"Post-Deployment Smoke Tests Authentication & Authorization GET /api/audit without token should return 401 or 400","status":"skipped","title":"GET /api/audit without token should return 401 or 400","failureMessages":[],"meta":{}},{"ancestorTitles":["Post-Deployment Smoke Tests","Authentication & Authorization"],"fullName":"Post-Deployment Smoke Tests Authentication & Authorization GET /api/audit with invalid token should return 401 or 400","status":"skipped","title":"GET /api/audit with invalid token should return 401 or 400","failureMessages":[],"meta":{}},{"ancestorTitles":["Post-Deployment Smoke Tests","Authentication & Authorization"],"fullName":"Post-Deployment Smoke Tests Authentication & Authorization should reject requests without Bearer prefix","status":"skipped","title":"should reject requests without Bearer prefix","failureMessages":[],"meta":{}},{"ancestorTitles":["Post-Deployment Smoke Tests","API Response Format"],"fullName":"Post-Deployment Smoke Tests API Response Format should return valid JSON with proper Content-Type header","status":"skipped","title":"should return valid JSON with proper Content-Type header","failureMessages":[],"meta":{}},{"ancestorTitles":["Post-Deployment Smoke Tests","API Response Format"],"fullName":"Post-Deployment Smoke Tests API Response Format health response should include timestamp","status":"skipped","title":"health response should include timestamp","failureMessages":[],"meta":{}},{"ancestorTitles":["Post-Deployment Smoke Tests","API Response Format"],"fullName":"Post-Deployment Smoke Tests API Response Format should not expose sensitive information in responses","status":"skipped","title":"should not expose sensitive information in responses","failureMessages":[],"meta":{}},{"ancestorTitles":["Post-Deployment Smoke Tests","Error Handling"],"fullName":"Post-Deployment Smoke Tests Error Handling should return 404 for non-existent endpoints","status":"skipped","title":"should return 404 for non-existent endpoints","failureMessages":[],"meta":{}},{"ancestorTitles":["Post-Deployment Smoke Tests","Error Handling"],"fullName":"Post-Deployment Smoke Tests Error Handling should return 405 for unsupported HTTP methods","status":"skipped","title":"should return 405 for unsupported HTTP methods","failureMessages":[],"meta":{}},{"ancestorTitles":["Post-Deployment Smoke Tests","Error Handling"],"fullName":"Post-Deployment Smoke Tests Error Handling should handle malformed JSON gracefully","status":"skipped","title":"should handle malformed JSON gracefully","failureMessages":[],"meta":{}},{"ancestorTitles":["Post-Deployment Smoke Tests","Error Handling"],"fullName":"Post-Deployment Smoke Tests Error Handling should return meaningful error messages","status":"skipped","title":"should return meaningful error messages","failureMessages":[],"meta":{}},{"ancestorTitles":["Post-Deployment Smoke Tests","Database Connectivity"],"fullName":"Post-Deployment Smoke Tests Database Connectivity health endpoint should report database status","status":"skipped","title":"health endpoint should report database status","failureMessages":[],"meta":{}},{"ancestorTitles":["Post-Deployment Smoke Tests","Database Connectivity"],"fullName":"Post-Deployment Smoke Tests Database Connectivity readiness endpoint should validate database access","status":"skipped","title":"readiness endpoint should validate database access","failureMessages":[],"meta":{}},{"ancestorTitles":["Post-Deployment Smoke Tests","Environment & Configuration"],"fullName":"Post-Deployment Smoke Tests Environment & Configuration should have required environment variables configured","status":"skipped","title":"should have required environment variables configured","failureMessages":[],"meta":{}},{"ancestorTitles":["Post-Deployment Smoke Tests","Environment & Configuration"],"fullName":"Post-Deployment Smoke Tests Environment & Configuration deployment should identify itself correctly","status":"skipped","title":"deployment should identify itself correctly","failureMessages":[],"meta":{}},{"ancestorTitles":["Post-Deployment Smoke Tests","Environment & Configuration"],"fullName":"Post-Deployment Smoke Tests Environment & Configuration should include deployment timestamp in status","status":"skipped","title":"should include deployment timestamp in status","failureMessages":[],"meta":{}},{"ancestorTitles":["Post-Deployment Smoke Tests","Rate Limiting & Throttling"],"fullName":"Post-Deployment Smoke Tests Rate Limiting & Throttling should enforce rate limits on repeated requests","status":"skipped","title":"should enforce rate limits on repeated requests","failureMessages":[],"meta":{}},{"ancestorTitles":["Post-Deployment Smoke Tests","Security Headers"],"fullName":"Post-Deployment Smoke Tests Security Headers responses should include security headers","status":"skipped","title":"responses should include security headers","failureMessages":[],"meta":{}},{"ancestorTitles":["Post-Deployment Smoke Tests","Security Headers"],"fullName":"Post-Deployment Smoke Tests Security Headers should not leak server technology details","status":"skipped","title":"should not leak server technology details","failureMessages":[],"meta":{}},{"ancestorTitles":["Post-Deployment Smoke Tests","Latency Assertions"],"fullName":"Post-Deployment Smoke Tests Latency Assertions health check should complete within 2 seconds","status":"skipped","title":"health check should complete within 2 seconds","failureMessages":[],"meta":{}},{"ancestorTitles":["Post-Deployment Smoke Tests","Latency Assertions"],"fullName":"Post-Deployment Smoke Tests Latency Assertions status endpoint should complete within 1.5 seconds","status":"skipped","title":"status endpoint should complete within 1.5 seconds","failureMessages":[],"meta":{}},{"ancestorTitles":["Post-Deployment Smoke Tests","Latency Assertions"],"fullName":"Post-Deployment Smoke Tests Latency Assertions readiness check should complete within 5 seconds","status":"skipped","title":"readiness check should complete within 5 seconds","failureMessages":[],"meta":{}},{"ancestorTitles":["Post-Deployment Smoke Tests","Stripe Integration"],"fullName":"Post-Deployment Smoke Tests Stripe Integration webhook endpoint should be reachable","status":"skipped","title":"webhook endpoint should be reachable","failureMessages":[],"meta":{}},{"ancestorTitles":["Post-Deployment Smoke Tests","Stripe Integration"],"fullName":"Post-Deployment Smoke Tests Stripe Integration should validate webhook signatures","status":"skipped","title":"should validate webhook signatures","failureMessages":[],"meta":{}},{"ancestorTitles":["Post-Deployment Smoke Tests","Rollback & Degradation Detection"],"fullName":"Post-Deployment Smoke Tests Rollback & Degradation Detection should provide clear error messages when required env vars are missing","status":"skipped","title":"should provide clear error messages when required env vars are missing","failureMessages":[],"meta":{}},{"ancestorTitles":["Post-Deployment Smoke Tests","Rollback & Degradation Detection"],"fullName":"Post-Deployment Smoke Tests Rollback & Degradation Detection should not silently fail when dependencies are missing","status":"skipped","title":"should not silently fail when dependencies are missing","failureMessages":[],"meta":{}},{"ancestorTitles":["Post-Deployment Smoke Tests","Smoke Test Readiness"],"fullName":"Post-Deployment Smoke Tests Smoke Test Readiness should pass baseline smoke tests","status":"skipped","title":"should pass baseline smoke tests","failureMessages":[],"meta":{}},{"ancestorTitles":["Post-Deployment Smoke Tests","Smoke Test Readiness"],"fullName":"Post-Deployment Smoke Tests Smoke Test Readiness should support deployment validation workflow","status":"skipped","title":"should support deployment validation workflow","failureMessages":[],"meta":{}}],"startTime":1781489425702,"endTime":1781489425702,"status":"passed","message":"","name":"/data/data/com.termux/files/home/tdealer01-crypto-dsg-control-plane/tests/smoke/deployment.test.ts"},{"assertionResults":[{"ancestorTitles":["Android executor (Appium-driven)"],"fullName":"Android executor (Appium-driven) dry_run: app allowed, no Appium launched, does not touch device","status":"passed","title":"dry_run: app allowed, no Appium launched, does not touch device","duration":19.07723900000019,"failureMessages":[],"meta":{}},{"ancestorTitles":["Android executor (Appium-driven)"],"fullName":"Android executor (Appium-driven) blocks an app that is not in the allowlist","status":"passed","title":"blocks an app that is not in the allowlist","duration":3.293333000000075,"failureMessages":[],"meta":{}},{"ancestorTitles":["Android executor (Appium-driven)"],"fullName":"Android executor (Appium-driven) blocks live mode when HERMES_ANDROID_LIVE env flag is not set","status":"passed","title":"blocks live mode when HERMES_ANDROID_LIVE env flag is not set","duration":2.898958999999877,"failureMessages":[],"meta":{}},{"ancestorTitles":["Android executor (Appium-driven)"],"fullName":"Android executor (Appium-driven) blocks a credential action before launching Appium","status":"passed","title":"blocks a credential action before launching Appium","duration":3.113749999999982,"failureMessages":[],"meta":{}},{"ancestorTitles":["Android executor (Appium-driven)"],"fullName":"Android executor (Appium-driven) returns proper trace structure with expected fields","status":"passed","title":"returns proper trace structure with expected fields","duration":10.980677000000014,"failureMessages":[],"meta":{}}],"startTime":1781489506159,"endTime":1781489506198.9807,"status":"passed","message":"","name":"/data/data/com.termux/files/home/tdealer01-crypto-dsg-control-plane/tests/integration/android-executor.e2e.test.ts"},{"assertionResults":[{"ancestorTitles":["LIVE: Appium drives a real Android app"],"fullName":"LIVE: Appium drives a real Android app executes click action on Settings app, captures evidence","status":"skipped","title":"executes click action on Settings app, captures evidence","failureMessages":[],"meta":{}}],"startTime":1781489425702,"endTime":1781489425702,"status":"passed","message":"","name":"/data/data/com.termux/files/home/tdealer01-crypto-dsg-control-plane/tests/integration/android-live-demo.manual.test.ts"},{"assertionResults":[{"ancestorTitles":["Delegation Audit Recorder - Recording Actions"],"fullName":"Delegation Audit Recorder - Recording Actions should record ALLOW action without DB","status":"passed","title":"should record ALLOW action without DB","duration":27.570000000000164,"failureMessages":[],"meta":{}},{"ancestorTitles":["Delegation Audit Recorder - Recording Actions"],"fullName":"Delegation Audit Recorder - Recording Actions should record BLOCK action without DB","status":"passed","title":"should record BLOCK action without DB","duration":3.767290999999659,"failureMessages":[],"meta":{}},{"ancestorTitles":["Delegation Audit Recorder - Recording Actions"],"fullName":"Delegation Audit Recorder - Recording Actions should record action with optional target","status":"passed","title":"should record action with optional target","duration":2.4938019999999597,"failureMessages":[],"meta":{}},{"ancestorTitles":["Delegation Audit Recorder - Recording Actions"],"fullName":"Delegation Audit Recorder - Recording Actions should generate unique eventIds for same input","status":"passed","title":"should generate unique eventIds for same input","duration":8.31036499999982,"failureMessages":[],"meta":{}},{"ancestorTitles":["Delegation Audit Recorder - Recording Actions"],"fullName":"Delegation Audit Recorder - Recording Actions should generate different timestamps for different events","status":"passed","title":"should generate different timestamps for different events","duration":19.936979000000065,"failureMessages":[],"meta":{}},{"ancestorTitles":["Delegation Audit Recorder - Recording Actions"],"fullName":"Delegation Audit Recorder - Recording Actions should generate different hashes for different eventIds","status":"passed","title":"should generate different hashes for different eventIds","duration":1.5997389999997722,"failureMessages":[],"meta":{}},{"ancestorTitles":["Delegation Audit Recorder - Convenience Functions"],"fullName":"Delegation Audit Recorder - Convenience Functions should record allow action with helper","status":"passed","title":"should record allow action with helper","duration":1.3384369999998853,"failureMessages":[],"meta":{}},{"ancestorTitles":["Delegation Audit Recorder - Convenience Functions"],"fullName":"Delegation Audit Recorder - Convenience Functions should record allow action with default reason","status":"passed","title":"should record allow action with default reason","duration":0.838177000000087,"failureMessages":[],"meta":{}},{"ancestorTitles":["Delegation Audit Recorder - Convenience Functions"],"fullName":"Delegation Audit Recorder - Convenience Functions should record block action with helper","status":"passed","title":"should record block action with helper","duration":1.016041000000314,"failureMessages":[],"meta":{}},{"ancestorTitles":["Delegation Audit Recorder - Convenience Functions"],"fullName":"Delegation Audit Recorder - Convenience Functions should record block action with default reason","status":"passed","title":"should record block action with default reason","duration":2.3875520000001416,"failureMessages":[],"meta":{}},{"ancestorTitles":["Delegation Audit Recorder - Hash Chain Integrity"],"fullName":"Delegation Audit Recorder - Hash Chain Integrity should create valid hash for single event","status":"passed","title":"should create valid hash for single event","duration":9.076771000000008,"failureMessages":[],"meta":{}},{"ancestorTitles":["Delegation Audit Recorder - Hash Chain Integrity"],"fullName":"Delegation Audit Recorder - Hash Chain Integrity should create valid individual event hashes without DB","status":"passed","title":"should create valid individual event hashes without DB","duration":3.424739000000045,"failureMessages":[],"meta":{}},{"ancestorTitles":["Delegation Audit Recorder - Hash Chain Integrity"],"fullName":"Delegation Audit Recorder - Hash Chain Integrity should handle multiple actions per delegation","status":"passed","title":"should handle multiple actions per delegation","duration":3.540730000000167,"failureMessages":[],"meta":{}},{"ancestorTitles":["Delegation Audit Recorder - Hash Chain Integrity"],"fullName":"Delegation Audit Recorder - Hash Chain Integrity should handle mixed ALLOW and BLOCK decisions","status":"passed","title":"should handle mixed ALLOW and BLOCK decisions","duration":2.7523949999999786,"failureMessages":[],"meta":{}},{"ancestorTitles":["Delegation Audit Recorder - Hash Chain Integrity"],"fullName":"Delegation Audit Recorder - Hash Chain Integrity should handle different risk levels","status":"passed","title":"should handle different risk levels","duration":4.224896000000172,"failureMessages":[],"meta":{}},{"ancestorTitles":["Delegation Audit Recorder - Edge Cases"],"fullName":"Delegation Audit Recorder - Edge Cases should handle empty evidenceJson","status":"passed","title":"should handle empty evidenceJson","duration":3.197863999999754,"failureMessages":[],"meta":{}},{"ancestorTitles":["Delegation Audit Recorder - Edge Cases"],"fullName":"Delegation Audit Recorder - Edge Cases should handle complex evidenceJson","status":"passed","title":"should handle complex evidenceJson","duration":1.8451570000001993,"failureMessages":[],"meta":{}},{"ancestorTitles":["Delegation Audit Recorder - Edge Cases"],"fullName":"Delegation Audit Recorder - Edge Cases should handle all risk levels","status":"passed","title":"should handle all risk levels","duration":4.6651560000000245,"failureMessages":[],"meta":{}},{"ancestorTitles":["Delegation Audit Recorder - Edge Cases"],"fullName":"Delegation Audit Recorder - Edge Cases should handle very long reason text","status":"passed","title":"should handle very long reason text","duration":1.6874479999996765,"failureMessages":[],"meta":{}},{"ancestorTitles":["Delegation Audit Recorder - Edge Cases"],"fullName":"Delegation Audit Recorder - Edge Cases should handle unicode in action and target","status":"passed","title":"should handle unicode in action and target","duration":2.0430209999999533,"failureMessages":[],"meta":{}},{"ancestorTitles":["Delegation Audit Recorder - Event Properties"],"fullName":"Delegation Audit Recorder - Event Properties should record createdAt timestamp","status":"passed","title":"should record createdAt timestamp","duration":2.591042000000016,"failureMessages":[],"meta":{}},{"ancestorTitles":["Delegation Audit Recorder - Event Properties"],"fullName":"Delegation Audit Recorder - Event Properties should record all required fields","status":"passed","title":"should record all required fields","duration":3.5451560000001336,"failureMessages":[],"meta":{}}],"startTime":1781489475855,"endTime":1781489475979.5452,"status":"passed","message":"","name":"/data/data/com.termux/files/home/tdealer01-crypto-dsg-control-plane/tests/integration/delegation-audit-recorder.test.ts"},{"assertionResults":[{"ancestorTitles":["User-Delegated AGI Runtime E2E","Complete delegation workflow"],"fullName":"User-Delegated AGI Runtime E2E Complete delegation workflow should execute complete workflow: goal → plan → verify → execute → audit","status":"skipped","title":"should execute complete workflow: goal → plan → verify → execute → audit","failureMessages":[],"meta":{}},{"ancestorTitles":["User-Delegated AGI Runtime E2E","Complete delegation workflow"],"fullName":"User-Delegated AGI Runtime E2E Complete delegation workflow should block if HIGH action attempted without confirmation","status":"skipped","title":"should block if HIGH action attempted without confirmation","failureMessages":[],"meta":{}},{"ancestorTitles":["User-Delegated AGI Runtime E2E","Complete delegation workflow"],"fullName":"User-Delegated AGI Runtime E2E Complete delegation workflow should detect tampered audit event via hash mismatch","status":"skipped","title":"should detect tampered audit event via hash mismatch","failureMessages":[],"meta":{}},{"ancestorTitles":["User-Delegated AGI Runtime E2E","Complete delegation workflow"],"fullName":"User-Delegated AGI Runtime E2E Complete delegation workflow should enforce expiration on delegations","status":"skipped","title":"should enforce expiration on delegations","failureMessages":[],"meta":{}}],"startTime":1781489425702,"endTime":1781489425702,"status":"passed","message":"","name":"/data/data/com.termux/files/home/tdealer01-crypto-dsg-control-plane/tests/integration/delegation-end-to-end.test.ts"},{"assertionResults":[{"ancestorTitles":["Delegation Multi-Agent Isolation","Concurrent agent execution isolation"],"fullName":"Delegation Multi-Agent Isolation Concurrent agent execution isolation should isolate jobs for different agents on same user","status":"skipped","title":"should isolate jobs for different agents on same user","failureMessages":[],"meta":{}},{"ancestorTitles":["Delegation Multi-Agent Isolation","Concurrent agent execution isolation"],"fullName":"Delegation Multi-Agent Isolation Concurrent agent execution isolation should isolate audit trails by delegation","status":"skipped","title":"should isolate audit trails by delegation","failureMessages":[],"meta":{}},{"ancestorTitles":["Delegation Multi-Agent Isolation","Concurrent agent execution isolation"],"fullName":"Delegation Multi-Agent Isolation Concurrent agent execution isolation should prevent cross-org data access through index isolation","status":"skipped","title":"should prevent cross-org data access through index isolation","failureMessages":[],"meta":{}},{"ancestorTitles":["Delegation Multi-Agent Isolation","Concurrent agent execution isolation"],"fullName":"Delegation Multi-Agent Isolation Concurrent agent execution isolation should isolate confirmation requests by delegation","status":"skipped","title":"should isolate confirmation requests by delegation","failureMessages":[],"meta":{}},{"ancestorTitles":["Delegation Multi-Agent Isolation","Concurrent agent execution isolation"],"fullName":"Delegation Multi-Agent Isolation Concurrent agent execution isolation should efficiently query jobs by status and org","status":"skipped","title":"should efficiently query jobs by status and org","failureMessages":[],"meta":{}},{"ancestorTitles":["Delegation Multi-Agent Isolation","Confirmation request isolation"],"fullName":"Delegation Multi-Agent Isolation Confirmation request isolation should prevent expired confirmation from being approved","status":"skipped","title":"should prevent expired confirmation from being approved","failureMessages":[],"meta":{}}],"startTime":1781489425702,"endTime":1781489425702,"status":"passed","message":"","name":"/data/data/com.termux/files/home/tdealer01-crypto-dsg-control-plane/tests/integration/delegation-multiagent.test.ts"},{"assertionResults":[{"ancestorTitles":["Delegation Permission Gate","checkDelegationPermission - Risk-based decisions"],"fullName":"Delegation Permission Gate checkDelegationPermission - Risk-based decisions should ALLOW LOW risk action that is in allowedActions","status":"passed","title":"should ALLOW LOW risk action that is in allowedActions","duration":25.622135999999955,"failureMessages":[],"meta":{}},{"ancestorTitles":["Delegation Permission Gate","checkDelegationPermission - Risk-based decisions"],"fullName":"Delegation Permission Gate checkDelegationPermission - Risk-based decisions should REVIEW MEDIUM risk action that is in allowedActions","status":"passed","title":"should REVIEW MEDIUM risk action that is in allowedActions","duration":4.361457999999857,"failureMessages":[],"meta":{}},{"ancestorTitles":["Delegation Permission Gate","checkDelegationPermission - Risk-based decisions"],"fullName":"Delegation Permission Gate checkDelegationPermission - Risk-based decisions should REVIEW HIGH risk action even if in allowedActions","status":"passed","title":"should REVIEW HIGH risk action even if in allowedActions","duration":1.3170310000000427,"failureMessages":[],"meta":{}},{"ancestorTitles":["Delegation Permission Gate","checkDelegationPermission - Risk-based decisions"],"fullName":"Delegation Permission Gate checkDelegationPermission - Risk-based decisions should REVIEW CRITICAL risk action","status":"passed","title":"should REVIEW CRITICAL risk action","duration":2.7155729999999494,"failureMessages":[],"meta":{}},{"ancestorTitles":["Delegation Permission Gate","checkDelegationPermission - Blocked actions"],"fullName":"Delegation Permission Gate checkDelegationPermission - Blocked actions should BLOCK action that is in blockedActions","status":"passed","title":"should BLOCK action that is in blockedActions","duration":1.1006770000001325,"failureMessages":[],"meta":{}},{"ancestorTitles":["Delegation Permission Gate","checkDelegationPermission - Blocked actions"],"fullName":"Delegation Permission Gate checkDelegationPermission - Blocked actions should ALLOW unknown action if tool wildcard is present","status":"passed","title":"should ALLOW unknown action if tool wildcard is present","duration":1.0698440000001028,"failureMessages":[],"meta":{}},{"ancestorTitles":["Delegation Permission Gate","checkDelegationPermission - Confirmation overrides"],"fullName":"Delegation Permission Gate checkDelegationPermission - Confirmation overrides should REVIEW action that requires confirmation even if LOW risk","status":"passed","title":"should REVIEW action that requires confirmation even if LOW risk","duration":1.1818229999998948,"failureMessages":[],"meta":{}},{"ancestorTitles":["Delegation Permission Gate","checkDelegationPermission - Confirmation overrides"],"fullName":"Delegation Permission Gate checkDelegationPermission - Confirmation overrides should REVIEW action with step-level requiresConfirmation flag","status":"passed","title":"should REVIEW action with step-level requiresConfirmation flag","duration":1.2289580000001479,"failureMessages":[],"meta":{}},{"ancestorTitles":["Delegation Permission Gate","checkDelegationPermission - Wildcard actions"],"fullName":"Delegation Permission Gate checkDelegationPermission - Wildcard actions should ALLOW action with tool wildcard in allowedActions","status":"passed","title":"should ALLOW action with tool wildcard in allowedActions","duration":1.3554690000000846,"failureMessages":[],"meta":{}},{"ancestorTitles":["Delegation Permission Gate","checkDelegationPermission - Expired delegation"],"fullName":"Delegation Permission Gate checkDelegationPermission - Expired delegation should BLOCK action when delegation is expired","status":"passed","title":"should BLOCK action when delegation is expired","duration":1.0891669999996338,"failureMessages":[],"meta":{}},{"ancestorTitles":["Delegation Permission Gate","checkDelegationPermission - Null delegation"],"fullName":"Delegation Permission Gate checkDelegationPermission - Null delegation should BLOCK action when delegation is null","status":"passed","title":"should BLOCK action when delegation is null","duration":0.783176999999796,"failureMessages":[],"meta":{}},{"ancestorTitles":["Delegation Permission Gate","checkDelegationPermission - Context awareness"],"fullName":"Delegation Permission Gate checkDelegationPermission - Context awareness should include user presence in evidence when context provided","status":"passed","title":"should include user presence in evidence when context provided","duration":0.7017179999998007,"failureMessages":[],"meta":{}},{"ancestorTitles":["Delegation Permission Gate","Helper functions","isActionBlocked"],"fullName":"Delegation Permission Gate Helper functions isActionBlocked should return true for blocked actions","status":"passed","title":"should return true for blocked actions","duration":0.790103999999701,"failureMessages":[],"meta":{}},{"ancestorTitles":["Delegation Permission Gate","Helper functions","isActionBlocked"],"fullName":"Delegation Permission Gate Helper functions isActionBlocked should return false for allowed actions","status":"passed","title":"should return false for allowed actions","duration":0.4707290000001194,"failureMessages":[],"meta":{}},{"ancestorTitles":["Delegation Permission Gate","Helper functions","isActionBlocked"],"fullName":"Delegation Permission Gate Helper functions isActionBlocked should return true for null delegation","status":"passed","title":"should return true for null delegation","duration":0.47848900000008143,"failureMessages":[],"meta":{}},{"ancestorTitles":["Delegation Permission Gate","Helper functions","isActionAllowed"],"fullName":"Delegation Permission Gate Helper functions isActionAllowed should return true for allowed actions","status":"passed","title":"should return true for allowed actions","duration":0.729479000000083,"failureMessages":[],"meta":{}},{"ancestorTitles":["Delegation Permission Gate","Helper functions","isActionAllowed"],"fullName":"Delegation Permission Gate Helper functions isActionAllowed should return false for blocked actions","status":"passed","title":"should return false for blocked actions","duration":0.456094000000121,"failureMessages":[],"meta":{}},{"ancestorTitles":["Delegation Permission Gate","Helper functions","isActionAllowed"],"fullName":"Delegation Permission Gate Helper functions isActionAllowed should return false for unknown actions when no wildcard","status":"passed","title":"should return false for unknown actions when no wildcard","duration":0.5335939999999937,"failureMessages":[],"meta":{}},{"ancestorTitles":["Delegation Permission Gate","Helper functions","isActionAllowed"],"fullName":"Delegation Permission Gate Helper functions isActionAllowed should return false for null delegation","status":"passed","title":"should return false for null delegation","duration":0.440469000000121,"failureMessages":[],"meta":{}},{"ancestorTitles":["Delegation Permission Gate","Helper functions","isActionAllowed"],"fullName":"Delegation Permission Gate Helper functions isActionAllowed should support wildcard matches","status":"passed","title":"should support wildcard matches","duration":8.681093999999575,"failureMessages":[],"meta":{}},{"ancestorTitles":["Delegation Permission Gate","Helper functions","requiresConfirmation"],"fullName":"Delegation Permission Gate Helper functions requiresConfirmation should return true for actions in requiresUserConfirm","status":"passed","title":"should return true for actions in requiresUserConfirm","duration":0.8071350000000166,"failureMessages":[],"meta":{}},{"ancestorTitles":["Delegation Permission Gate","Helper functions","requiresConfirmation"],"fullName":"Delegation Permission Gate Helper functions requiresConfirmation should return false for other actions","status":"passed","title":"should return false for other actions","duration":0.469166999999743,"failureMessages":[],"meta":{}},{"ancestorTitles":["Delegation Permission Gate","Helper functions","requiresConfirmation"],"fullName":"Delegation Permission Gate Helper functions requiresConfirmation should return true for null delegation","status":"passed","title":"should return true for null delegation","duration":0.47156300000006013,"failureMessages":[],"meta":{}},{"ancestorTitles":["Delegation Permission Gate","End-to-end delegation scenarios"],"fullName":"Delegation Permission Gate End-to-end delegation scenarios should handle a simple allowed action flow","status":"passed","title":"should handle a simple allowed action flow","duration":0.8353649999999107,"failureMessages":[],"meta":{}},{"ancestorTitles":["Delegation Permission Gate","End-to-end delegation scenarios"],"fullName":"Delegation Permission Gate End-to-end delegation scenarios should handle a blocked action flow","status":"passed","title":"should handle a blocked action flow","duration":0.7073959999997896,"failureMessages":[],"meta":{}},{"ancestorTitles":["Delegation Permission Gate","End-to-end delegation scenarios"],"fullName":"Delegation Permission Gate End-to-end delegation scenarios should handle a confirmation-required flow","status":"passed","title":"should handle a confirmation-required flow","duration":0.7443230000003496,"failureMessages":[],"meta":{}}],"startTime":1781489483462,"endTime":1781489483524.7444,"status":"passed","message":"","name":"/data/data/com.termux/files/home/tdealer01-crypto-dsg-control-plane/tests/integration/delegation-permission-gate.test.ts"},{"assertionResults":[{"ancestorTitles":["Safe DOM Browserbase Integration","captureLiveDOM"],"fullName":"Safe DOM Browserbase Integration captureLiveDOM should capture DOM structure from Browserbase","status":"passed","title":"should capture DOM structure from Browserbase","duration":15.72302099999979,"failureMessages":[],"meta":{}},{"ancestorTitles":["Safe DOM Browserbase Integration","captureLiveDOM"],"fullName":"Safe DOM Browserbase Integration captureLiveDOM should throw error when API key is missing","status":"passed","title":"should throw error when API key is missing","duration":13.247812000000067,"failureMessages":[],"meta":{}},{"ancestorTitles":["Safe DOM Browserbase Integration","persistManifest"],"fullName":"Safe DOM Browserbase Integration persistManifest should persist manifest to database","status":"passed","title":"should persist manifest to database","duration":8.700468999999885,"failureMessages":[],"meta":{}},{"ancestorTitles":["Safe DOM Browserbase Integration","persistManifest"],"fullName":"Safe DOM Browserbase Integration persistManifest should set default expiration to 5 minutes","status":"passed","title":"should set default expiration to 5 minutes","duration":3.755000000000109,"failureMessages":[],"meta":{}},{"ancestorTitles":["Safe DOM Browserbase Integration","verifySafeDomIntentOrFail"],"fullName":"Safe DOM Browserbase Integration verifySafeDomIntentOrFail should verify allowed click action on button","status":"passed","title":"should verify allowed click action on button","duration":5.706875000000309,"failureMessages":[],"meta":{}},{"ancestorTitles":["Safe DOM Browserbase Integration","verifySafeDomIntentOrFail"],"fullName":"Safe DOM Browserbase Integration verifySafeDomIntentOrFail should verify allowed type action on input","status":"passed","title":"should verify allowed type action on input","duration":3.452968999999939,"failureMessages":[],"meta":{}},{"ancestorTitles":["Safe DOM Browserbase Integration","verifySafeDomIntentOrFail"],"fullName":"Safe DOM Browserbase Integration verifySafeDomIntentOrFail should block disallowed action on element","status":"passed","title":"should block disallowed action on element","duration":3.6771880000001147,"failureMessages":[],"meta":{}},{"ancestorTitles":["Safe DOM Browserbase Integration","verifySafeDomIntentOrFail"],"fullName":"Safe DOM Browserbase Integration verifySafeDomIntentOrFail should reject unknown element ID","status":"passed","title":"should reject unknown element ID","duration":2.561302000000069,"failureMessages":[],"meta":{}},{"ancestorTitles":["Safe DOM Browserbase Integration","verifySafeDomIntentOrFail"],"fullName":"Safe DOM Browserbase Integration verifySafeDomIntentOrFail should reject expired manifest","status":"passed","title":"should reject expired manifest","duration":6.472186999999849,"failureMessages":[],"meta":{}},{"ancestorTitles":["Safe DOM Browserbase Integration","verifySafeDomIntentOrFail"],"fullName":"Safe DOM Browserbase Integration verifySafeDomIntentOrFail should reject manifest for different frame ID","status":"passed","title":"should reject manifest for different frame ID","duration":5.014166000000387,"failureMessages":[],"meta":{}},{"ancestorTitles":["Safe DOM Browserbase Integration","executeVerifiedCommand"],"fullName":"Safe DOM Browserbase Integration executeVerifiedCommand should execute verified command through Browserbase","status":"passed","title":"should execute verified command through Browserbase","duration":9.236979000000247,"failureMessages":[],"meta":{}},{"ancestorTitles":["Safe DOM Browserbase Integration","executeVerifiedCommand"],"fullName":"Safe DOM Browserbase Integration executeVerifiedCommand should throw error when API key is missing","status":"passed","title":"should throw error when API key is missing","duration":1.9563020000000506,"failureMessages":[],"meta":{}},{"ancestorTitles":["Safe DOM Browserbase Integration","buildAndPersistManifest"],"fullName":"Safe DOM Browserbase Integration buildAndPersistManifest should build and persist manifest end-to-end","status":"passed","title":"should build and persist manifest end-to-end","duration":3.9177600000002712,"failureMessages":[],"meta":{}},{"ancestorTitles":["Safe DOM Browserbase Integration","buildAndPersistManifest"],"fullName":"Safe DOM Browserbase Integration buildAndPersistManifest should extract clickable elements from DOM","status":"passed","title":"should extract clickable elements from DOM","duration":1.0478650000000016,"failureMessages":[],"meta":{}},{"ancestorTitles":["Safe DOM Browserbase Integration","Cross-session tampering protection"],"fullName":"Safe DOM Browserbase Integration Cross-session tampering protection should prevent executing commands from different session","status":"passed","title":"should prevent executing commands from different session","duration":1.1740100000001803,"failureMessages":[],"meta":{}},{"ancestorTitles":["Safe DOM Browserbase Integration","Cross-session tampering protection"],"fullName":"Safe DOM Browserbase Integration Cross-session tampering protection should track unique session/frame combinations","status":"passed","title":"should track unique session/frame combinations","duration":2.7172920000002705,"failureMessages":[],"meta":{}}],"startTime":1781489475945,"endTime":1781489476037.7173,"status":"passed","message":"","name":"/data/data/com.termux/files/home/tdealer01-crypto-dsg-control-plane/tests/integration/dsg-safe-dom-browserbase.test.ts"},{"assertionResults":[{"ancestorTitles":["Virtual PC + Safe DOM Integration","Test 1: Extract DOM from simulated React component"],"fullName":"Virtual PC + Safe DOM Integration Test 1: Extract DOM from simulated React component should build manifest from raw elements","status":"passed","title":"should build manifest from raw elements","duration":51.90260399999988,"failureMessages":[],"meta":{}},{"ancestorTitles":["Virtual PC + Safe DOM Integration","Test 1: Extract DOM from simulated React component"],"fullName":"Virtual PC + Safe DOM Integration Test 1: Extract DOM from simulated React component should assign unique IDs to elements","status":"passed","title":"should assign unique IDs to elements","duration":12.450521000000208,"failureMessages":[],"meta":{}},{"ancestorTitles":["Virtual PC + Safe DOM Integration","Test 1: Extract DOM from simulated React component"],"fullName":"Virtual PC + Safe DOM Integration Test 1: Extract DOM from simulated React component should preserve element properties in safe view","status":"passed","title":"should preserve element properties in safe view","duration":9.231770999999753,"failureMessages":[],"meta":{}},{"ancestorTitles":["Virtual PC + Safe DOM Integration","Test 1: Extract DOM from simulated React component"],"fullName":"Virtual PC + Safe DOM Integration Test 1: Extract DOM from simulated React component should not expose selectors to agent","status":"passed","title":"should not expose selectors to agent","duration":9.794790999999805,"failureMessages":[],"meta":{}},{"ancestorTitles":["Virtual PC + Safe DOM Integration","Test 2: Filter dangerous elements (delete button removed)"],"fullName":"Virtual PC + Safe DOM Integration Test 2: Filter dangerous elements (delete button removed) should filter high-risk elements","status":"passed","title":"should filter high-risk elements","duration":1.6117709999998624,"failureMessages":[],"meta":{}},{"ancestorTitles":["Virtual PC + Safe DOM Integration","Test 2: Filter dangerous elements (delete button removed)"],"fullName":"Virtual PC + Safe DOM Integration Test 2: Filter dangerous elements (delete button removed) should keep safe elements","status":"passed","title":"should keep safe elements","duration":1.2559900000001107,"failureMessages":[],"meta":{}},{"ancestorTitles":["Virtual PC + Safe DOM Integration","Test 2: Filter dangerous elements (delete button removed)"],"fullName":"Virtual PC + Safe DOM Integration Test 2: Filter dangerous elements (delete button removed) should not filter when disabled","status":"passed","title":"should not filter when disabled","duration":0.749323000000004,"failureMessages":[],"meta":{}},{"ancestorTitles":["Virtual PC + Safe DOM Integration","Test 2: Filter dangerous elements (delete button removed)"],"fullName":"Virtual PC + Safe DOM Integration Test 2: Filter dangerous elements (delete button removed) should assess risk levels correctly","status":"passed","title":"should assess risk levels correctly","duration":1.7483330000000024,"failureMessages":[],"meta":{}},{"ancestorTitles":["Virtual PC + Safe DOM Integration","Test 3: Redact secrets (hidden values)"],"fullName":"Virtual PC + Safe DOM Integration Test 3: Redact secrets (hidden values) should detect Stripe keys","status":"passed","title":"should detect Stripe keys","duration":0.9494270000000142,"failureMessages":[],"meta":{}},{"ancestorTitles":["Virtual PC + Safe DOM Integration","Test 3: Redact secrets (hidden values)"],"fullName":"Virtual PC + Safe DOM Integration Test 3: Redact secrets (hidden values) should redact Stripe keys","status":"passed","title":"should redact Stripe keys","duration":2.719583000000057,"failureMessages":[],"meta":{}},{"ancestorTitles":["Virtual PC + Safe DOM Integration","Test 3: Redact secrets (hidden values)"],"fullName":"Virtual PC + Safe DOM Integration Test 3: Redact secrets (hidden values) should not redact normal values","status":"passed","title":"should not redact normal values","duration":0.7978120000002491,"failureMessages":[],"meta":{}},{"ancestorTitles":["Virtual PC + Safe DOM Integration","Test 3: Redact secrets (hidden values)"],"fullName":"Virtual PC + Safe DOM Integration Test 3: Redact secrets (hidden values) should redact values in manifest","status":"passed","title":"should redact values in manifest","duration":1.9009380000002238,"failureMessages":[],"meta":{}},{"ancestorTitles":["Virtual PC + Safe DOM Integration","Test 3: Redact secrets (hidden values)"],"fullName":"Virtual PC + Safe DOM Integration Test 3: Redact secrets (hidden values) should not redact when disabled","status":"passed","title":"should not redact when disabled","duration":2.4193750000004,"failureMessages":[],"meta":{}},{"ancestorTitles":["Virtual PC + Safe DOM Integration","Test 4: Allow valid click on e001 (logs button)"],"fullName":"Virtual PC + Safe DOM Integration Test 4: Allow valid click on e001 (logs button) should allow click on exposed element","status":"passed","title":"should allow click on exposed element","duration":3.6359889999998813,"failureMessages":[],"meta":{}},{"ancestorTitles":["Virtual PC + Safe DOM Integration","Test 4: Allow valid click on e001 (logs button)"],"fullName":"Virtual PC + Safe DOM Integration Test 4: Allow valid click on e001 (logs button) should execute and track allowed commands","status":"passed","title":"should execute and track allowed commands","duration":1.3975530000002436,"failureMessages":[],"meta":{}},{"ancestorTitles":["Virtual PC + Safe DOM Integration","Test 4: Allow valid click on e001 (logs button)"],"fullName":"Virtual PC + Safe DOM Integration Test 4: Allow valid click on e001 (logs button) should allow typing on input elements","status":"passed","title":"should allow typing on input elements","duration":1.6427600000001803,"failureMessages":[],"meta":{}},{"ancestorTitles":["Virtual PC + Safe DOM Integration","Test 5: Block unknown element ID"],"fullName":"Virtual PC + Safe DOM Integration Test 5: Block unknown element ID should block commands for unknown elements","status":"passed","title":"should block commands for unknown elements","duration":1.2026050000004034,"failureMessages":[],"meta":{}},{"ancestorTitles":["Virtual PC + Safe DOM Integration","Test 5: Block unknown element ID"],"fullName":"Virtual PC + Safe DOM Integration Test 5: Block unknown element ID should provide clear block reason","status":"passed","title":"should provide clear block reason","duration":1.925000000000182,"failureMessages":[],"meta":{}},{"ancestorTitles":["Virtual PC + Safe DOM Integration","Test 6: Block expired manifest"],"fullName":"Virtual PC + Safe DOM Integration Test 6: Block expired manifest should block commands when manifest expires","status":"passed","title":"should block commands when manifest expires","duration":21.612031000000115,"failureMessages":[],"meta":{}},{"ancestorTitles":["Virtual PC + Safe DOM Integration","Test 7: TTL refresh on new request"],"fullName":"Virtual PC + Safe DOM Integration Test 7: TTL refresh on new request should extend TTL on refresh","status":"passed","title":"should extend TTL on refresh","duration":12.321406000000025,"failureMessages":[],"meta":{}},{"ancestorTitles":["Virtual PC + Safe DOM Integration","Test 7: TTL refresh on new request"],"fullName":"Virtual PC + Safe DOM Integration Test 7: TTL refresh on new request should allow commands after refresh","status":"passed","title":"should allow commands after refresh","duration":4.907603999999992,"failureMessages":[],"meta":{}},{"ancestorTitles":["Virtual PC + Safe DOM Integration","Integration scenarios"],"fullName":"Virtual PC + Safe DOM Integration Integration scenarios should handle complete workflow: extract > build > verify","status":"passed","title":"should handle complete workflow: extract > build > verify","duration":5.8135409999999865,"failureMessages":[],"meta":{}},{"ancestorTitles":["Virtual PC + Safe DOM Integration","Integration scenarios"],"fullName":"Virtual PC + Safe DOM Integration Integration scenarios should prevent access to filtered elements","status":"passed","title":"should prevent access to filtered elements","duration":11.010573000000022,"failureMessages":[],"meta":{}},{"ancestorTitles":["Virtual PC + Safe DOM Integration","Manifest integrity"],"fullName":"Virtual PC + Safe DOM Integration Manifest integrity should maintain manifest consistency","status":"passed","title":"should maintain manifest consistency","duration":1.6020320000002357,"failureMessages":[],"meta":{}},{"ancestorTitles":["Virtual PC + Safe DOM Integration","Manifest integrity"],"fullName":"Virtual PC + Safe DOM Integration Manifest integrity should never expose selectors in view","status":"passed","title":"should never expose selectors in view","duration":14.236405999999988,"failureMessages":[],"meta":{}}],"startTime":1781489467278,"endTime":1781489467462.2363,"status":"passed","message":"","name":"/data/data/com.termux/files/home/tdealer01-crypto-dsg-control-plane/tests/integration/dsg-safe-dom-virtual-pc.test.ts"},{"assertionResults":[{"ancestorTitles":["Hermes + ROM + Safe DOM + Browserbase dry-run E2E"],"fullName":"Hermes + ROM + Safe DOM + Browserbase dry-run E2E completes safe form submit in dry-run without touching real website","status":"passed","title":"completes safe form submit in dry-run without touching real website","duration":53.98276100000021,"failureMessages":[],"meta":{}},{"ancestorTitles":["Hermes + ROM + Safe DOM + Browserbase dry-run E2E"],"fullName":"Hermes + ROM + Safe DOM + Browserbase dry-run E2E blocks dangerous DOM element because it is not exposed to the agent","status":"passed","title":"blocks dangerous DOM element because it is not exposed to the agent","duration":9.361718999999994,"failureMessages":[],"meta":{}},{"ancestorTitles":["Hermes + ROM + Safe DOM + Browserbase dry-run E2E"],"fullName":"Hermes + ROM + Safe DOM + Browserbase dry-run E2E blocks secret/credential task before DOM execution","status":"passed","title":"blocks secret/credential task before DOM execution","duration":12.673437000000376,"failureMessages":[],"meta":{}}],"startTime":1781489485901,"endTime":1781489485977.6733,"status":"passed","message":"","name":"/data/data/com.termux/files/home/tdealer01-crypto-dsg-control-plane/tests/integration/hermes-browserbase-rom-dom.e2e.test.ts"},{"assertionResults":[{"ancestorTitles":["PHASE 6: Infinite Loop Protection — Final Integration Scenarios (6 Tests)","Scenario 1: Simple Loop Prevention"],"fullName":"PHASE 6: Infinite Loop Protection — Final Integration Scenarios (6 Tests) Scenario 1: Simple Loop Prevention Integration Test 1: Task fails 3 times with same fingerprint → 4th attempt blocked → stop reason MAX_RETRIES_EXCEEDED","status":"passed","title":"Integration Test 1: Task fails 3 times with same fingerprint → 4th attempt blocked → stop reason MAX_RETRIES_EXCEEDED","duration":25.951874999999973,"failureMessages":[],"meta":{}},{"ancestorTitles":["PHASE 6: Infinite Loop Protection — Final Integration Scenarios (6 Tests)","Scenario 2: Timeout Enforcement"],"fullName":"PHASE 6: Infinite Loop Protection — Final Integration Scenarios (6 Tests) Scenario 2: Timeout Enforcement Integration Test 2: Agent executes for 5+ minutes → execution stops with EXECUTION_TIMEOUT → queue items preserved","status":"passed","title":"Integration Test 2: Agent executes for 5+ minutes → execution stops with EXECUTION_TIMEOUT → queue items preserved","duration":6.733905999999934,"failureMessages":[],"meta":{}},{"ancestorTitles":["PHASE 6: Infinite Loop Protection — Final Integration Scenarios (6 Tests)","Scenario 3: Failure Cascade"],"fullName":"PHASE 6: Infinite Loop Protection — Final Integration Scenarios (6 Tests) Scenario 3: Failure Cascade Integration Test 3: 10+ tasks fail in sequence → stop reason TOO_MANY_FAILURES → execution gracefully halts","status":"passed","title":"Integration Test 3: 10+ tasks fail in sequence → stop reason TOO_MANY_FAILURES → execution gracefully halts","duration":10.089270999999826,"failureMessages":[],"meta":{}},{"ancestorTitles":["PHASE 6: Infinite Loop Protection — Final Integration Scenarios (6 Tests)","Scenario 4: Executor Overload Recovery"],"fullName":"PHASE 6: Infinite Loop Protection — Final Integration Scenarios (6 Tests) Scenario 4: Executor Overload Recovery Integration Test 4: All executor slots filled → new requests queued → slots released properly → queue processes released items","status":"passed","title":"Integration Test 4: All executor slots filled → new requests queued → slots released properly → queue processes released items","duration":6.163386000000173,"failureMessages":[],"meta":{}},{"ancestorTitles":["PHASE 6: Infinite Loop Protection — Final Integration Scenarios (6 Tests)","Scenario 5: Queue Cleanup Integration"],"fullName":"PHASE 6: Infinite Loop Protection — Final Integration Scenarios (6 Tests) Scenario 5: Queue Cleanup Integration Integration Test 5: Mix of RUNNING/COMPLETED/FAILED tasks → cleanup removes only safe items → protected items retained → DLQ receives stale pending items","status":"passed","title":"Integration Test 5: Mix of RUNNING/COMPLETED/FAILED tasks → cleanup removes only safe items → protected items retained → DLQ receives stale pending items","duration":11.573021000000153,"failureMessages":[],"meta":{}},{"ancestorTitles":["PHASE 6: Infinite Loop Protection — Final Integration Scenarios (6 Tests)","Scenario 6: Full Monitoring Coverage"],"fullName":"PHASE 6: Infinite Loop Protection — Final Integration Scenarios (6 Tests) Scenario 6: Full Monitoring Coverage Integration Test 6: System under load (high queue depth, multiple retries) → health endpoint metrics accurate → issues array populated → blocked fingerprints count correct","status":"passed","title":"Integration Test 6: System under load (high queue depth, multiple retries) → health endpoint metrics accurate → issues array populated → blocked fingerprints count correct","duration":6.211874999999964,"failureMessages":[],"meta":{}},{"ancestorTitles":["PHASE 6: Infinite Loop Protection — Final Integration Scenarios (6 Tests)","Cross-Cutting Integration Tests"],"fullName":"PHASE 6: Infinite Loop Protection — Final Integration Scenarios (6 Tests) Cross-Cutting Integration Tests Integration: All 5 guards work together in realistic scenario","status":"passed","title":"Integration: All 5 guards work together in realistic scenario","duration":15.369427000000087,"failureMessages":[],"meta":{}},{"ancestorTitles":["PHASE 6: Infinite Loop Protection — Final Integration Scenarios (6 Tests)","Cross-Cutting Integration Tests"],"fullName":"PHASE 6: Infinite Loop Protection — Final Integration Scenarios (6 Tests) Cross-Cutting Integration Tests Integration: System resilience under cascading failures","status":"passed","title":"Integration: System resilience under cascading failures","duration":10.781145999999808,"failureMessages":[],"meta":{}},{"ancestorTitles":["PHASE 6: Infinite Loop Protection — Final Integration Scenarios (6 Tests)","Cross-Cutting Integration Tests"],"fullName":"PHASE 6: Infinite Loop Protection — Final Integration Scenarios (6 Tests) Cross-Cutting Integration Tests Integration: Monitoring detects degradation","status":"passed","title":"Integration: Monitoring detects degradation","duration":5.375469000000066,"failureMessages":[],"meta":{}}],"startTime":1781489492342,"endTime":1781489492446.3755,"status":"passed","message":"","name":"/data/data/com.termux/files/home/tdealer01-crypto-dsg-control-plane/tests/integration/infinite-loop-final-integration.test.ts"},{"assertionResults":[{"ancestorTitles":["PHASE 5: Infinite Loop Protection — Full Safety Guard Suite (16 Tests)","Guard 1: Task Fingerprint Detection"],"fullName":"PHASE 5: Infinite Loop Protection — Full Safety Guard Suite (16 Tests) Guard 1: Task Fingerprint Detection Test 1.1: Identical task fingerprints are generated correctly","status":"passed","title":"Test 1.1: Identical task fingerprints are generated correctly","duration":31.466146000000208,"failureMessages":[],"meta":{}},{"ancestorTitles":["PHASE 5: Infinite Loop Protection — Full Safety Guard Suite (16 Tests)","Guard 1: Task Fingerprint Detection"],"fullName":"PHASE 5: Infinite Loop Protection — Full Safety Guard Suite (16 Tests) Guard 1: Task Fingerprint Detection Test 1.2: Different tasks have different fingerprints","status":"passed","title":"Test 1.2: Different tasks have different fingerprints","duration":11.342812999999751,"failureMessages":[],"meta":{}},{"ancestorTitles":["PHASE 5: Infinite Loop Protection — Full Safety Guard Suite (16 Tests)","Guard 1: Task Fingerprint Detection"],"fullName":"PHASE 5: Infinite Loop Protection — Full Safety Guard Suite (16 Tests) Guard 1: Task Fingerprint Detection Test 1.3: Fingerprint blocking prevents retries after 3 failures","status":"passed","title":"Test 1.3: Fingerprint blocking prevents retries after 3 failures","duration":5.13442699999996,"failureMessages":[],"meta":{}},{"ancestorTitles":["PHASE 5: Infinite Loop Protection — Full Safety Guard Suite (16 Tests)","Guard 2: Release Executor Slot (Finally Block)"],"fullName":"PHASE 5: Infinite Loop Protection — Full Safety Guard Suite (16 Tests) Guard 2: Release Executor Slot (Finally Block) Test 2.1: Executor slot released on successful execution","status":"passed","title":"Test 2.1: Executor slot released on successful execution","duration":5.397239999999783,"failureMessages":[],"meta":{}},{"ancestorTitles":["PHASE 5: Infinite Loop Protection — Full Safety Guard Suite (16 Tests)","Guard 2: Release Executor Slot (Finally Block)"],"fullName":"PHASE 5: Infinite Loop Protection — Full Safety Guard Suite (16 Tests) Guard 2: Release Executor Slot (Finally Block) Test 2.2: Executor slot released even when error occurs","status":"passed","title":"Test 2.2: Executor slot released even when error occurs","duration":3.508802000000287,"failureMessages":[],"meta":{}},{"ancestorTitles":["PHASE 5: Infinite Loop Protection — Full Safety Guard Suite (16 Tests)","Guard 3: Stop Reason Tracking"],"fullName":"PHASE 5: Infinite Loop Protection — Full Safety Guard Suite (16 Tests) Guard 3: Stop Reason Tracking Test 3.1: MAX_RETRIES_EXCEEDED on 4th attempt","status":"passed","title":"Test 3.1: MAX_RETRIES_EXCEEDED on 4th attempt","duration":4.066665999999714,"failureMessages":[],"meta":{}},{"ancestorTitles":["PHASE 5: Infinite Loop Protection — Full Safety Guard Suite (16 Tests)","Guard 3: Stop Reason Tracking"],"fullName":"PHASE 5: Infinite Loop Protection — Full Safety Guard Suite (16 Tests) Guard 3: Stop Reason Tracking Test 3.2: EXECUTION_TIMEOUT after 5+ minutes","status":"passed","title":"Test 3.2: EXECUTION_TIMEOUT after 5+ minutes","duration":3.8358860000003006,"failureMessages":[],"meta":{}},{"ancestorTitles":["PHASE 5: Infinite Loop Protection — Full Safety Guard Suite (16 Tests)","Guard 3: Stop Reason Tracking"],"fullName":"PHASE 5: Infinite Loop Protection — Full Safety Guard Suite (16 Tests) Guard 3: Stop Reason Tracking Test 3.3: TOO_MANY_FAILURES at 10+ task failures","status":"passed","title":"Test 3.3: TOO_MANY_FAILURES at 10+ task failures","duration":3.3092710000000807,"failureMessages":[],"meta":{}},{"ancestorTitles":["PHASE 5: Infinite Loop Protection — Full Safety Guard Suite (16 Tests)","Guard 3: Stop Reason Tracking"],"fullName":"PHASE 5: Infinite Loop Protection — Full Safety Guard Suite (16 Tests) Guard 3: Stop Reason Tracking Test 3.4: QUEUE_EMPTY when no more tasks","status":"passed","title":"Test 3.4: QUEUE_EMPTY when no more tasks","duration":3.6792709999999715,"failureMessages":[],"meta":{}},{"ancestorTitles":["PHASE 5: Infinite Loop Protection — Full Safety Guard Suite (16 Tests)","Guard 4: Safe Queue Cleanup"],"fullName":"PHASE 5: Infinite Loop Protection — Full Safety Guard Suite (16 Tests) Guard 4: Safe Queue Cleanup Test 4.1: RUNNING tasks are never deleted by cleanup","status":"passed","title":"Test 4.1: RUNNING tasks are never deleted by cleanup","duration":5.890468999999939,"failureMessages":[],"meta":{}},{"ancestorTitles":["PHASE 5: Infinite Loop Protection — Full Safety Guard Suite (16 Tests)","Guard 4: Safe Queue Cleanup"],"fullName":"PHASE 5: Infinite Loop Protection — Full Safety Guard Suite (16 Tests) Guard 4: Safe Queue Cleanup Test 4.2: LOCKED tasks are never deleted by cleanup","status":"passed","title":"Test 4.2: LOCKED tasks are never deleted by cleanup","duration":2.839948000000277,"failureMessages":[],"meta":{}},{"ancestorTitles":["PHASE 5: Infinite Loop Protection — Full Safety Guard Suite (16 Tests)","Guard 4: Safe Queue Cleanup"],"fullName":"PHASE 5: Infinite Loop Protection — Full Safety Guard Suite (16 Tests) Guard 4: Safe Queue Cleanup Test 4.3: Aged FAILED_FINAL tasks deleted after 10 minutes","status":"passed","title":"Test 4.3: Aged FAILED_FINAL tasks deleted after 10 minutes","duration":1.2502610000001368,"failureMessages":[],"meta":{}},{"ancestorTitles":["PHASE 5: Infinite Loop Protection — Full Safety Guard Suite (16 Tests)","Guard 4: Safe Queue Cleanup"],"fullName":"PHASE 5: Infinite Loop Protection — Full Safety Guard Suite (16 Tests) Guard 4: Safe Queue Cleanup Test 4.4: Stale PENDING items moved to DLQ after 15 minutes","status":"passed","title":"Test 4.4: Stale PENDING items moved to DLQ after 15 minutes","duration":1.6418229999999312,"failureMessages":[],"meta":{}},{"ancestorTitles":["PHASE 5: Infinite Loop Protection — Full Safety Guard Suite (16 Tests)","Guard 5: Complete Monitoring API"],"fullName":"PHASE 5: Infinite Loop Protection — Full Safety Guard Suite (16 Tests) Guard 5: Complete Monitoring API Test 5.1: Health endpoint returns all required metrics","status":"passed","title":"Test 5.1: Health endpoint returns all required metrics","duration":7.6264579999997295,"failureMessages":[],"meta":{}},{"ancestorTitles":["PHASE 5: Infinite Loop Protection — Full Safety Guard Suite (16 Tests)","Guard 5: Complete Monitoring API"],"fullName":"PHASE 5: Infinite Loop Protection — Full Safety Guard Suite (16 Tests) Guard 5: Complete Monitoring API Test 5.2: Metrics include blocked fingerprints count","status":"passed","title":"Test 5.2: Metrics include blocked fingerprints count","duration":1.4433850000000348,"failureMessages":[],"meta":{}},{"ancestorTitles":["PHASE 5: Infinite Loop Protection — Full Safety Guard Suite (16 Tests)","Guard 5: Complete Monitoring API"],"fullName":"PHASE 5: Infinite Loop Protection — Full Safety Guard Suite (16 Tests) Guard 5: Complete Monitoring API Test 5.3: Metrics include DLQ count and stale items","status":"passed","title":"Test 5.3: Metrics include DLQ count and stale items","duration":1.733698000000004,"failureMessages":[],"meta":{}},{"ancestorTitles":["PHASE 5: Infinite Loop Protection — Full Safety Guard Suite (16 Tests)","Guard 5: Complete Monitoring API"],"fullName":"PHASE 5: Infinite Loop Protection — Full Safety Guard Suite (16 Tests) Guard 5: Complete Monitoring API Test 5.4: Latency percentiles calculated correctly","status":"passed","title":"Test 5.4: Latency percentiles calculated correctly","duration":2.502969000000121,"failureMessages":[],"meta":{}},{"ancestorTitles":["PHASE 5: Infinite Loop Protection — Full Safety Guard Suite (16 Tests)","Additional Safety Guard Integration Tests"],"fullName":"PHASE 5: Infinite Loop Protection — Full Safety Guard Suite (16 Tests) Additional Safety Guard Integration Tests Test A1: Task attempt stats tracked correctly","status":"passed","title":"Test A1: Task attempt stats tracked correctly","duration":2.5858330000000933,"failureMessages":[],"meta":{}},{"ancestorTitles":["PHASE 5: Infinite Loop Protection — Full Safety Guard Suite (16 Tests)","Additional Safety Guard Integration Tests"],"fullName":"PHASE 5: Infinite Loop Protection — Full Safety Guard Suite (16 Tests) Additional Safety Guard Integration Tests Test A2: System can recover from overload","status":"passed","title":"Test A2: System can recover from overload","duration":4.127551999999923,"failureMessages":[],"meta":{}},{"ancestorTitles":["PHASE 5: Infinite Loop Protection — Full Safety Guard Suite (16 Tests)","Additional Safety Guard Integration Tests"],"fullName":"PHASE 5: Infinite Loop Protection — Full Safety Guard Suite (16 Tests) Additional Safety Guard Integration Tests Test A3: Multi-org capacity isolation","status":"passed","title":"Test A3: Multi-org capacity isolation","duration":1.7628650000001471,"failureMessages":[],"meta":{}},{"ancestorTitles":["PHASE 5: Infinite Loop Protection — Full Safety Guard Suite (16 Tests)","Edge Cases and Error Conditions"],"fullName":"PHASE 5: Infinite Loop Protection — Full Safety Guard Suite (16 Tests) Edge Cases and Error Conditions Test E1: No console errors on empty state","status":"passed","title":"Test E1: No console errors on empty state","duration":14.251353999999992,"failureMessages":[],"meta":{}},{"ancestorTitles":["PHASE 5: Infinite Loop Protection — Full Safety Guard Suite (16 Tests)","Edge Cases and Error Conditions"],"fullName":"PHASE 5: Infinite Loop Protection — Full Safety Guard Suite (16 Tests) Edge Cases and Error Conditions Test E2: Capacity doesn't go negative","status":"passed","title":"Test E2: Capacity doesn't go negative","duration":1.7937500000002728,"failureMessages":[],"meta":{}},{"ancestorTitles":["PHASE 5: Infinite Loop Protection — Full Safety Guard Suite (16 Tests)","Edge Cases and Error Conditions"],"fullName":"PHASE 5: Infinite Loop Protection — Full Safety Guard Suite (16 Tests) Edge Cases and Error Conditions Test E3: Fingerprint generation stable","status":"passed","title":"Test E3: Fingerprint generation stable","duration":11.97619799999984,"failureMessages":[],"meta":{}}],"startTime":1781489472914,"endTime":1781489473052.9763,"status":"passed","message":"","name":"/data/data/com.termux/files/home/tdealer01-crypto-dsg-control-plane/tests/integration/infinite-loop-protection-full.test.ts"},{"assertionResults":[{"ancestorTitles":["Local self-hosted browser executor (real Chromium, local page)"],"fullName":"Local self-hosted browser executor (real Chromium, local page) dry_run: host allowed, no browser launched, does not touch website","status":"passed","title":"dry_run: host allowed, no browser launched, does not touch website","duration":7.05864500000007,"failureMessages":[],"meta":{}},{"ancestorTitles":["Local self-hosted browser executor (real Chromium, local page)"],"fullName":"Local self-hosted browser executor (real Chromium, local page) blocks a host that is not in the allowlist","status":"passed","title":"blocks a host that is not in the allowlist","duration":2.9615100000000893,"failureMessages":[],"meta":{}},{"ancestorTitles":["Local self-hosted browser executor (real Chromium, local page)"],"fullName":"Local self-hosted browser executor (real Chromium, local page) blocks live mode when env flag is not set","status":"passed","title":"blocks live mode when env flag is not set","duration":3.1167709999999715,"failureMessages":[],"meta":{}},{"ancestorTitles":["Local self-hosted browser executor (real Chromium, local page)"],"fullName":"Local self-hosted browser executor (real Chromium, local page) blocks a credential action before launching the browser","status":"passed","title":"blocks a credential action before launching the browser","duration":3.6894280000001345,"failureMessages":[],"meta":{}},{"ancestorTitles":["Local self-hosted browser executor (real Chromium, local page)"],"fullName":"Local self-hosted browser executor (real Chromium, local page) live: 
[...]
s/home/tdealer01-crypto-dsg-control-plane/tests/unit/runtime/gate.test.ts"},{"assertionResults":[{"ancestorTitles":["Makk8Arbiter"],"fullName":"Makk8Arbiter returns SAMMA when all invariants are satisfied","status":"passed","title":"returns SAMMA when all invariants are satisfied","duration":14.48880199999985,"failureMessages":[],"meta":{}},{"ancestorTitles":["Makk8Arbiter"],"fullName":"Makk8Arbiter returns PATH_CONFLICT when one or more invariants fail","status":"passed","title":"returns PATH_CONFLICT when one or more invariants fail","duration":2.9421870000001036,"failureMessages":[],"meta":{}},{"ancestorTitles":["Makk8Arbiter"],"fullName":"Makk8Arbiter builds deterministic proof hashes and signatures","status":"passed","title":"builds deterministic proof hashes and signatures","duration":15.721874999999727,"failureMessages":[],"meta":{}}],"startTime":1781489498125,"endTime":1781489498159.722,"status":"passed","message":"","name":"/data/data/com.termux/files/home/tdealer01-crypto-dsg-control-plane/tests/unit/runtime/makk8-arbiter.test.ts"},{"assertionResults":[{"ancestorTitles":["reconcileEffectCallback — unit"],"fullName":"reconcileEffectCallback — unit returns found:false when effect does not exist","status":"passed","title":"returns found:false when effect does not exist","duration":18.911978999999974,"failureMessages":[],"meta":{}},{"ancestorTitles":["reconcileEffectCallback — unit"],"fullName":"reconcileEffectCallback — unit returns alreadyFinal:true when status is succeeded (idempotent)","status":"passed","title":"returns alreadyFinal:true when status is succeeded (idempotent)","duration":5.118958999999904,"failureMessages":[],"meta":{}},{"ancestorTitles":["reconcileEffectCallback — unit"],"fullName":"reconcileEffectCallback — unit returns alreadyFinal:true when status is failed (immutable)","status":"passed","title":"returns alreadyFinal:true when status is failed (immutable)","duration":3.784375000000182,"failureMessages":[],"meta":{}},{"ancestorTitles":["reconcileEffectCallback — unit"],"fullName":"reconcileEffectCallback — unit updates status and increments callback_count when pending","status":"passed","title":"updates status and increments callback_count when pending","duration":9.601510999999846,"failureMessages":[],"meta":{}},{"ancestorTitles":["reconcileEffectCallback — unit"],"fullName":"reconcileEffectCallback — unit throws when DB read fails","status":"passed","title":"throws when DB read fails","duration":13.475832999999966,"failureMessages":[],"meta":{}},{"ancestorTitles":["reconcileEffectCallback — unit"],"fullName":"reconcileEffectCallback — unit accepts failed status","status":"passed","title":"accepts failed status","duration":6.070780999999897,"failureMessages":[],"meta":{}},{"ancestorTitles":["reconcileEffectCallback — unit"],"fullName":"reconcileEffectCallback — unit scopes read query by org_id to prevent cross-org access","status":"passed","title":"scopes read query by org_id to prevent cross-org access","duration":8.906822999999804,"failureMessages":[],"meta":{}}],"startTime":1781489490722,"endTime":1781489490789.9067,"status":"passed","message":"","name":"/data/data/com.termux/files/home/tdealer01-crypto-dsg-control-plane/tests/unit/runtime/reconcile-effect-callback.test.ts"},{"assertionResults":[{"ancestorTitles":["validateRuntimeRecovery"],"fullName":"validateRuntimeRecovery detects full lineage and hash match","status":"passed","title":"detects full lineage and hash match","duration":109.88734399999998,"failureMessages":[],"meta":{}}],"startTime":1781489483110,"endTime":1781489483219.8875,"status":"passed","message":"","name":"/data/data/com.termux/files/home/tdealer01-crypto-dsg-control-plane/tests/unit/runtime/recovery.test.ts"},{"assertionResults":[{"ancestorTitles":["evaluateCospinUDGGate"],"fullName":"evaluateCospinUDGGate allows a deterministic safe transition","status":"passed","title":"allows a deterministic safe transition","duration":7.155052000000069,"failureMessages":[],"meta":{}},{"ancestorTitles":["evaluateCospinUDGGate"],"fullName":"evaluateCospinUDGGate blocks temporal regression","status":"passed","title":"blocks temporal regression","duration":2.290104000000156,"failureMessages":[],"meta":{}},{"ancestorTitles":["evaluateCospinUDGGate"],"fullName":"evaluateCospinUDGGate blocks denied network identity","status":"passed","title":"blocks denied network identity","duration":0.9340100000003986,"failureMessages":[],"meta":{}},{"ancestorTitles":["evaluateCospinUDGGate"],"fullName":"evaluateCospinUDGGate blocks unknown invariant tag","status":"passed","title":"blocks unknown invariant tag","duration":0.9752600000001621,"failureMessages":[],"meta":{}},{"ancestorTitles":["evaluateCospinUDGGate"],"fullName":"evaluateCospinUDGGate stabilizes high drift transitions","status":"passed","title":"stabilizes high drift transitions","duration":3.452604000000065,"failureMessages":[],"meta":{}},{"ancestorTitles":["evaluateCospinUDGGate"],"fullName":"evaluateCospinUDGGate stabilizes oscillating transitions","status":"passed","title":"stabilizes oscillating transitions","duration":2.751770000000306,"failureMessages":[],"meta":{}},{"ancestorTitles":["evaluateCospinUDGGate"],"fullName":"evaluateCospinUDGGate blocks malformed action envelopes","status":"passed","title":"blocks malformed action envelopes","duration":0.8411980000000767,"failureMessages":[],"meta":{}},{"ancestorTitles":["evaluateCospinUDGGate"],"fullName":"evaluateCospinUDGGate blocks invalid memory packets","status":"passed","title":"blocks invalid memory packets","duration":0.678646000000299,"failureMessages":[],"meta":{}}],"startTime":1781489513037,"endTime":1781489513057.6787,"status":"passed","message":"","name":"/data/data/com.termux/files/home/tdealer01-crypto-dsg-control-plane/tests/unit/runtime/udg-gate.test.ts"},{"assertionResults":[{"ancestorTitles":["issueSpineIntent + executeSpineIntent approval flow"],"fullName":"issueSpineIntent + executeSpineIntent approval flow issues a new pending intent and reuses it on second call","status":"passed","title":"issues a new pending intent and reuses it on second call","duration":248.13796899999988,"failureMessages":[],"meta":{}},{"ancestorTitles":["issueSpineIntent + executeSpineIntent approval flow"],"fullName":"issueSpineIntent + executeSpineIntent approval flow returns 409 when intent already consumed","status":"passed","title":"returns 409 when intent already consumed","duration":228.9618230000001,"failureMessages":[],"meta":{}}],"startTime":1781489457219,"endTime":1781489457697.962,"status":"passed","message":"","name":"/data/data/com.termux/files/home/tdealer01-crypto-dsg-control-plane/tests/unit/spine/pipeline-approval.test.ts"},{"assertionResults":[{"ancestorTitles":["evaluateGate — decision boundaries"],"fullName":"evaluateGate — decision boundaries BLOCK when riskScore >= 0.8","status":"passed","title":"BLOCK when riskScore >= 0.8","duration":27.477499999999964,"failureMessages":[],"meta":{}},{"ancestorTitles":["evaluateGate — decision boundaries"],"fullName":"evaluateGate — decision boundaries STABILIZE when riskScore >= 0.4 but < 0.8","status":"passed","title":"STABILIZE when riskScore >= 0.4 but < 0.8","duration":4.839531000000079,"failureMessages":[],"meta":{}},{"ancestorTitles":["evaluateGate — decision boundaries"],"fullName":"evaluateGate — decision boundaries ALLOW when riskScore < 0.4 and no oscillation","status":"passed","title":"ALLOW when riskScore < 0.4 and no oscillation","duration":2.134375000000091,"failureMessages":[],"meta":{}},{"ancestorTitles":["evaluateGate — decision boundaries"],"fullName":"evaluateGate — decision boundaries STABILIZE on oscillation even with low riskScore","status":"passed","title":"STABILIZE on oscillation even with low riskScore","duration":4.8314580000001115,"failureMessages":[],"meta":{}},{"ancestorTitles":["evaluateGate — decision boundaries"],"fullName":"evaluateGate — decision boundaries no oscillation when window too small","status":"passed","title":"no oscillation when window too small","duration":3.288594000000103,"failureMessages":[],"meta":{}},{"ancestorTitles":["evaluateGate — decision boundaries"],"fullName":"evaluateGate — decision boundaries oscillation when spread >= 0.35 in last 4 scores","status":"passed","title":"oscillation when spread >= 0.35 in last 4 scores","duration":1.6108330000001843,"failureMessages":[],"meta":{}},{"ancestorTitles":["evaluateGate — decision boundaries"],"fullName":"evaluateGate — decision boundaries no oscillation when spread < 0.35","status":"passed","title":"no oscillation when spread < 0.35","duration":1.4060420000000704,"failureMessages":[],"meta":{}},{"ancestorTitles":["runPipeline — gate BLOCK short-circuits arbiters"],"fullName":"runPipeline — gate BLOCK short-circuits arbiters returns BLOCK from gate and skips arbiters","status":"passed","title":"returns BLOCK from gate and skips arbiters","duration":195.96505200000001,"failureMessages":[],"meta":{}},{"ancestorTitles":["runPipeline — gate BLOCK short-circuits arbiters"],"fullName":"runPipeline — gate BLOCK short-circuits arbiters ALLOW from gate lets arbiter escalate to STABILIZE","status":"passed","title":"ALLOW from gate lets arbiter escalate to STABILIZE","duration":71.8361460000001,"failureMessages":[],"meta":{}}],"startTime":1781489465358,"endTime":1781489465676.8362,"status":"passed","message":"","name":"/data/data/com.termux/files/home/tdealer01-crypto-dsg-control-plane/tests/unit/spine/pipeline-block.test.ts"},{"assertionResults":[{"ancestorTitles":["SpineInfraError"],"fullName":"SpineInfraError is an instance of Error","status":"passed","title":"is an instance of Error","duration":15.96984300000031,"failureMessages":[],"meta":{}},{"ancestorTitles":["SpineInfraError"],"fullName":"SpineInfraError has correct name property","status":"passed","title":"has correct name property","duration":3.757239000000027,"failureMessages":[],"meta":{}},{"ancestorTitles":["SpineInfraError"],"fullName":"SpineInfraError carries the message through","status":"passed","title":"carries the message through","duration":1.511717999999746,"failureMessages":[],"meta":{}},{"ancestorTitles":["runPipeline — SpineInfraError cases"],"fullName":"runPipeline — SpineInfraError cases throws SpineInfraError when gate plugin is not found","status":"passed","title":"throws SpineInfraError when gate plugin is not found","duration":13.716093999999885,"failureMessages":[],"meta":{}},{"ancestorTitles":["runPipeline — SpineInfraError cases"],"fullName":"runPipeline — SpineInfraError cases throws SpineInfraError when registered plugin has wrong kind","status":"passed","title":"throws SpineInfraError when registered plugin has wrong kind","duration":3.055521000000226,"failureMessages":[],"meta":{}},{"ancestorTitles":["runPipeline — initial string literal state"],"fullName":"runPipeline — initial string literal state ALLOW gate with no arbiters: final_decision is ALLOW, final_reason is gate reason","status":"passed","title":"ALLOW gate with no arbiters: final_decision is ALLOW, final_reason is gate reason","duration":67.81255199999987,"failureMessages":[],"meta":{}}],"startTime":1781489474621,"endTime":1781489474731.8125,"status":"passed","message":"","name":"/data/data/com.termux/files/home/tdealer01-crypto-dsg-control-plane/tests/unit/spine/pipeline-infra.test.ts"},{"assertionResults":[{"ancestorTitles":["planGoal — keyword → tool mapping"],"fullName":"planGoal — keyword → tool mapping plans readiness check for \"check status\"","status":"passed","title":"plans readiness check for \"check status\"","duration":12.390155999999934,"failureMessages":[],"meta":{}},{"ancestorTitles":["planGoal — keyword → tool mapping"],"fullName":"planGoal — keyword → tool mapping plans readiness + execute for \"run agt_hermes_01\"","status":"passed","title":"plans readiness + execute for \"run agt_hermes_01\"","duration":5.164217999999892,"failureMessages":[],"meta":{}},{"ancestorTitles":["planGoal — keyword → tool mapping"],"fullName":"planGoal — keyword → tool mapping plans audit + recovery for \"audit lineage agt_test_01\"","status":"passed","title":"plans audit + recovery for \"audit lineage agt_test_01\"","duration":2.319582999999966,"failureMessages":[],"meta":{}},{"ancestorTitles":["planGoal — keyword → tool mapping"],"fullName":"planGoal — keyword → tool mapping plans checkpoint for \"checkpoint agt_prod_01\"","status":"passed","title":"plans checkpoint for \"checkpoint agt_prod_01\"","duration":1.5801559999999881,"failureMessages":[],"meta":{}},{"ancestorTitles":["planGoal — keyword → tool mapping"],"fullName":"planGoal — keyword → tool mapping plans capacity for \"check quota\"","status":"passed","title":"plans capacity for \"check quota\"","duration":1.8698440000000573,"failureMessages":[],"meta":{}},{"ancestorTitles":["planGoal — keyword → tool mapping"],"fullName":"planGoal — keyword → tool mapping plans list_policies for \"show policy\"","status":"passed","title":"plans list_policies for \"show policy\"","duration":2.0792699999999513,"failureMessages":[],"meta":{}},{"ancestorTitles":["planGoal — keyword → tool mapping"],"fullName":"planGoal — keyword → tool mapping plans reconcile_effect with failed status","status":"passed","title":"plans reconcile_effect with failed status","duration":2.7269790000000285,"failureMessages":[],"meta":{}},{"ancestorTitles":["planGoal — keyword → tool mapping"],"fullName":"planGoal — keyword → tool mapping plans create_agent for \"create agent\"","status":"passed","title":"plans create_agent for \"create agent\"","duration":1.4351560000000063,"failureMessages":[],"meta":{}},{"ancestorTitles":["planGoal — keyword → tool mapping"],"fullName":"planGoal — keyword → tool mapping defaults to readiness + list_agents for unknown message","status":"passed","title":"defaults to readiness + list_agents for unknown message","duration":1.5027079999999842,"failureMessages":[],"meta":{}},{"ancestorTitles":["planGoal — keyword → tool mapping"],"fullName":"planGoal — keyword → tool mapping step IDs are sequential","status":"passed","title":"step IDs are sequential","duration":3.11640599999987,"failureMessages":[],"meta":{}},{"ancestorTitles":["normalizeSpinePayload — flat and nested formats"],"fullName":"normalizeSpinePayload — flat and nested formats normalizes flat payload","status":"passed","title":"normalizes flat payload","duration":2.0126040000000103,"failureMessages":[],"meta":{}},{"ancestorTitles":["normalizeSpinePayload — flat and nested formats"],"fullName":"normalizeSpinePayload — flat and nested formats normalizes nested intent envelope","status":"passed","title":"normalizes nested intent envelope","duration":0.9486460000000534,"failureMessages":[],"meta":{}},{"ancestorTitles":["normalizeSpinePayload — flat and nested formats"],"fullName":"normalizeSpinePayload — flat and nested formats defaults action to \"scan\" when missing","status":"passed","title":"defaults action to \"scan\" when missing","duration":0.6579689999998664,"failureMessages":[],"meta":{}},{"ancestorTitles":["normalizeSpinePayload — flat and nested formats"],"fullName":"normalizeSpinePayload — flat and nested formats returns empty agentId for null body","status":"passed","title":"returns empty agentId for null body","duration":0.4731249999999818,"failureMessages":[],"meta":{}},{"ancestorTitles":["normalizeSpinePayload — flat and nested formats"],"fullName":"normalizeSpinePayload — flat and nested formats strips non-canonical values","status":"passed","title":"strips non-canonical values","duration":0.6755210000001171,"failureMessages":[],"meta":{}}],"startTime":1781489507590,"endTime":1781489507630.6755,"status":"passed","message":"","name":"/data/data/com.termux/files/home/tdealer01-crypto-dsg-control-plane/tests/unit/spine/planner-execute.test.ts"},{"assertionResults":[{"ancestorTitles":["canonical determinism — proof foundation"],"fullName":"canonical determinism — proof foundation produces identical hash regardless of key order","status":"passed","title":"produces identical hash regardless of key order","duration":18.183228999999983,"failureMessages":[],"meta":{}},{"ancestorTitles":["canonical determinism — proof foundation"],"fullName":"canonical determinism — proof foundation produces different hash for different values","status":"passed","title":"produces different hash for different values","duration":7.752917000000025,"failureMessages":[],"meta":{}},{"ancestorTitles":["canonical determinism — proof foundation"],"fullName":"canonical determinism — proof foundation handles nested arrays deterministically","status":"passed","title":"handles nested arrays deterministically","duration":2.3609369999999217,"failureMessages":[],"meta":{}},{"ancestorTitles":["canonical determinism — proof foundation"],"fullName":"canonical determinism — proof foundation handles null and primitive values","status":"passed","title":"handles null and primitive values","duration":5.172655999999961,"failureMessages":[],"meta":{}},{"ancestorTitles":["buildCheckpointHash — runtime checkpoint integrity"],"fullName":"buildCheckpointHash — runtime checkpoint integrity produces deterministic checkpoint hash","status":"passed","title":"produces deterministic checkpoint hash","duration":10.190156000000115,"failureMessages":[],"meta":{}},{"ancestorTitles":["buildCheckpointHash — runtime checkpoint integrity"],"fullName":"buildCheckpointHash — runtime checkpoint integrity different truth hash produces different checkpoint","status":"passed","title":"different truth hash produces different checkpoint","duration":3.2368750000000546,"failureMessages":[],"meta":{}},{"ancestorTitles":["buildCheckpointHash — runtime checkpoint integrity"],"fullName":"buildCheckpointHash — runtime checkpoint integrity different ledger sequence produces different checkpoint","status":"passed","title":"different ledger sequence produces different checkpoint","duration":4.101094000000103,"failureMessages":[],"meta":{}},{"ancestorTitles":["buildApprovalKey — anti-replay determinism"],"fullName":"buildApprovalKey — anti-replay determinism same org+agent+request produces same key","status":"passed","title":"same org+agent+request produces same key","duration":2.478697999999895,"failureMessages":[],"meta":{}},{"ancestorTitles":["buildApprovalKey — anti-replay determinism"],"fullName":"buildApprovalKey — anti-replay determinism key order in request does not affect approval key","status":"passed","title":"key order in request does not affect approval key","duration":2.0921359999999822,"failureMessages":[],"meta":{}},{"ancestorTitles":["buildApprovalKey — anti-replay determinism"],"fullName":"buildApprovalKey — anti-replay determinism different org/agent/request changes key","status":"passed","title":"different org/agent/request changes key","duration":4.458905999999843,"failureMessages":[],"meta":{}}],"startTime":1781489490087,"endTime":1781489490152.459,"status":"passed","message":"","name":"/data/data/com.termux/files/home/tdealer01-crypto-dsg-control-plane/tests/unit/spine/proof-checkpoint.test.ts"},{"assertionResults":[{"ancestorTitles":["/api/settings/access/*"],"fullName":"/api/settings/access/* requires org.manage_access","status":"passed","title":"requires org.manage_access","duration":2374.9260919999997,"failureMessages":[],"meta":{}}],"startTime":1781489447485,"endTime":1781489449859.926,"status":"passed","message":"","name":"/data/data/com.termux/files/home/tdealer01-crypto-dsg-control-plane/tests/integration/api/settings/access-permission.test.ts"},{"assertionResults":[{"ancestorTitles":["/api/settings/security/sign-ins"],"fullName":"/api/settings/security/sign-ins requires org.manage_security","status":"passed","title":"requires org.manage_security","duration":2075.328437,"failureMessages":[],"meta":{}}],"startTime":1781489444170,"endTime":1781489446245.3284,"status":"passed","message":"","name":"/data/data/com.termux/files/home/tdealer01-crypto-dsg-control-plane/tests/integration/api/settings/security-permission.test.ts"}]}